<?xml version="1.0" encoding="UTF-8"?>
<coverage generated="1703260337434" clover="3.2.0">
  <project timestamp="1703260337434" name="All files">
    <metrics statements="1054" coveredstatements="885" conditionals="241" coveredconditionals="208" methods="39" coveredmethods="35" elements="1334" coveredelements="1128" complexity="0" loc="1054" ncloc="1054" packages="1" files="6" classes="6"/>
    <file name="exceptions.ts" path="/home/victorien/maykin/of/InferNoLogic/src/exceptions.ts">
      <metrics statements="6" coveredstatements="6" conditionals="1" coveredconditionals="1" methods="1" coveredmethods="1"/>
      <line num="1" count="1" type="stmt"/>
      <line num="2" count="1" type="cond" truecount="1" falsecount="0"/>
      <line num="3" count="25" type="stmt"/>
      <line num="4" count="25" type="stmt"/>
      <line num="5" count="25" type="stmt"/>
      <line num="6" count="1" type="stmt"/>
    </file>
    <file name="helper.ts" path="/home/victorien/maykin/of/InferNoLogic/src/helper.ts">
      <metrics statements="253" coveredstatements="188" conditionals="72" coveredconditionals="56" methods="15" coveredmethods="12"/>
      <line num="1" count="1" type="stmt"/>
      <line num="2" count="1" type="stmt"/>
      <line num="3" count="1" type="stmt"/>
      <line num="4" count="1" type="stmt"/>
      <line num="5" count="1" type="stmt"/>
      <line num="6" count="1" type="stmt"/>
      <line num="7" count="1" type="stmt"/>
      <line num="8" count="1" type="stmt"/>
      <line num="9" count="1" type="stmt"/>
      <line num="10" count="1" type="stmt"/>
      <line num="11" count="1" type="stmt"/>
      <line num="12" count="1" type="stmt"/>
      <line num="13" count="1" type="stmt"/>
      <line num="14" count="1" type="stmt"/>
      <line num="15" count="1" type="stmt"/>
      <line num="16" count="1" type="stmt"/>
      <line num="17" count="1" type="stmt"/>
      <line num="18" count="1" type="stmt"/>
      <line num="19" count="1" type="stmt"/>
      <line num="20" count="1" type="stmt"/>
      <line num="21" count="1" type="stmt"/>
      <line num="22" count="1" type="stmt"/>
      <line num="23" count="1" type="stmt"/>
      <line num="24" count="1" type="stmt"/>
      <line num="25" count="1" type="stmt"/>
      <line num="26" count="1" type="stmt"/>
      <line num="27" count="1" type="stmt"/>
      <line num="28" count="1" type="stmt"/>
      <line num="29" count="1" type="cond" truecount="1" falsecount="0"/>
      <line num="30" count="8003" type="cond" truecount="1" falsecount="0"/>
      <line num="31" count="16052" type="cond" truecount="1" falsecount="0"/>
      <line num="32" count="12213" type="cond" truecount="1" falsecount="0"/>
      <line num="33" count="8003" type="stmt"/>
      <line num="34" count="8003" type="stmt"/>
      <line num="35" count="8003" type="stmt"/>
      <line num="36" count="8003" type="stmt"/>
      <line num="37" count="8003" type="stmt"/>
      <line num="38" count="1" type="stmt"/>
      <line num="39" count="1" type="stmt"/>
      <line num="40" count="303939" type="cond" truecount="1" falsecount="0"/>
      <line num="41" count="303939" type="stmt"/>
      <line num="42" count="303939" type="stmt"/>
      <line num="43" count="303939" type="stmt"/>
      <line num="44" count="303939" type="cond" truecount="1" falsecount="0"/>
      <line num="45" count="911" type="cond" truecount="1" falsecount="0"/>
      <line num="46" count="911" type="stmt"/>
      <line num="47" count="303028" type="cond" truecount="1" falsecount="0"/>
      <line num="48" count="303939" type="cond" truecount="1" falsecount="0"/>
      <line num="49" count="60074" type="cond" truecount="1" falsecount="0"/>
      <line num="50" count="56016" type="cond" truecount="1" falsecount="0"/>
      <line num="51" count="56016" type="stmt"/>
      <line num="52" count="242954" type="cond" truecount="1" falsecount="0"/>
      <line num="53" count="303939" type="cond" truecount="1" falsecount="0"/>
      <line num="54" count="208840" type="cond" truecount="1" falsecount="0"/>
      <line num="55" count="208840" type="stmt"/>
      <line num="56" count="34114" type="cond" truecount="1" falsecount="0"/>
      <line num="57" count="34114" type="stmt"/>
      <line num="58" count="34114" type="stmt"/>
      <line num="59" count="34114" type="stmt"/>
      <line num="60" count="0" type="cond" truecount="0" falsecount="2"/>
      <line num="61" count="0" type="stmt"/>
      <line num="62" count="0" type="stmt"/>
      <line num="63" count="0" type="stmt"/>
      <line num="64" count="1" type="stmt"/>
      <line num="65" count="1" type="cond" truecount="1" falsecount="0"/>
      <line num="66" count="3839" type="stmt"/>
      <line num="67" count="3839" type="stmt"/>
      <line num="68" count="3839" type="cond" truecount="1" falsecount="0"/>
      <line num="69" count="3839" type="stmt"/>
      <line num="70" count="3839" type="stmt"/>
      <line num="71" count="1" type="stmt"/>
      <line num="72" count="1" type="stmt"/>
      <line num="73" count="1" type="stmt"/>
      <line num="74" count="1" type="cond" truecount="1" falsecount="0"/>
      <line num="75" count="1417" type="stmt"/>
      <line num="76" count="1417" type="stmt"/>
      <line num="77" count="1" type="stmt"/>
      <line num="78" count="1" type="stmt"/>
      <line num="79" count="1" type="stmt"/>
      <line num="80" count="1" type="stmt"/>
      <line num="81" count="1" type="stmt"/>
      <line num="82" count="1" type="stmt"/>
      <line num="83" count="1" type="cond" truecount="1" falsecount="0"/>
      <line num="84" count="3712" type="stmt"/>
      <line num="85" count="3712" type="stmt"/>
      <line num="86" count="3712" type="stmt"/>
      <line num="87" count="3712" type="cond" truecount="1" falsecount="0"/>
      <line num="88" count="1037" type="cond" truecount="2" falsecount="0"/>
      <line num="89" count="1037" type="stmt"/>
      <line num="90" count="2675" type="cond" truecount="1" falsecount="0"/>
      <line num="91" count="3712" type="cond" truecount="1" falsecount="0"/>
      <line num="92" count="2202" type="cond" truecount="1" falsecount="0"/>
      <line num="93" count="2202" type="stmt"/>
      <line num="94" count="473" type="cond" truecount="1" falsecount="0"/>
      <line num="95" count="473" type="stmt"/>
      <line num="96" count="473" type="stmt"/>
      <line num="97" count="473" type="stmt"/>
      <line num="98" count="473" type="stmt"/>
      <line num="99" count="0" type="cond" truecount="0" falsecount="1"/>
      <line num="100" count="0" type="cond" truecount="0" falsecount="1"/>
      <line num="101" count="0" type="stmt"/>
      <line num="102" count="0" type="stmt"/>
      <line num="103" count="0" type="stmt"/>
      <line num="104" count="1" type="stmt"/>
      <line num="105" count="1" type="stmt"/>
      <line num="106" count="1" type="stmt"/>
      <line num="107" count="0" type="stmt"/>
      <line num="108" count="0" type="stmt"/>
      <line num="109" count="0" type="stmt"/>
      <line num="110" count="0" type="stmt"/>
      <line num="111" count="0" type="stmt"/>
      <line num="112" count="0" type="stmt"/>
      <line num="113" count="0" type="stmt"/>
      <line num="114" count="1" type="stmt"/>
      <line num="115" count="1" type="stmt"/>
      <line num="116" count="0" type="stmt"/>
      <line num="117" count="0" type="stmt"/>
      <line num="118" count="0" type="stmt"/>
      <line num="119" count="1" type="stmt"/>
      <line num="120" count="1" type="stmt"/>
      <line num="121" count="0" type="stmt"/>
      <line num="122" count="0" type="stmt"/>
      <line num="123" count="0" type="stmt"/>
      <line num="124" count="0" type="stmt"/>
      <line num="125" count="0" type="stmt"/>
      <line num="126" count="0" type="stmt"/>
      <line num="127" count="0" type="stmt"/>
      <line num="128" count="0" type="stmt"/>
      <line num="129" count="0" type="stmt"/>
      <line num="130" count="0" type="stmt"/>
      <line num="131" count="0" type="stmt"/>
      <line num="132" count="0" type="stmt"/>
      <line num="133" count="0" type="stmt"/>
      <line num="134" count="0" type="stmt"/>
      <line num="135" count="0" type="stmt"/>
      <line num="136" count="0" type="stmt"/>
      <line num="137" count="0" type="stmt"/>
      <line num="138" count="0" type="stmt"/>
      <line num="139" count="0" type="stmt"/>
      <line num="140" count="0" type="stmt"/>
      <line num="141" count="1" type="stmt"/>
      <line num="142" count="1" type="stmt"/>
      <line num="143" count="1" type="stmt"/>
      <line num="144" count="1" type="cond" truecount="1" falsecount="0"/>
      <line num="145" count="4021" type="stmt"/>
      <line num="146" count="4021" type="stmt"/>
      <line num="147" count="4021" type="stmt"/>
      <line num="148" count="4021" type="stmt"/>
      <line num="149" count="4021" type="stmt"/>
      <line num="150" count="4021" type="stmt"/>
      <line num="151" count="4021" type="cond" truecount="2" falsecount="1"/>
      <line num="152" count="0" type="stmt"/>
      <line num="153" count="0" type="stmt"/>
      <line num="154" count="4021" type="stmt"/>
      <line num="155" count="4021" type="cond" truecount="1" falsecount="0"/>
      <line num="156" count="1410" type="stmt"/>
      <line num="157" count="1410" type="cond" truecount="0" falsecount="1"/>
      <line num="158" count="1410" type="stmt"/>
      <line num="159" count="1410" type="cond" truecount="1" falsecount="0"/>
      <line num="160" count="37" type="stmt"/>
      <line num="161" count="37" type="stmt"/>
      <line num="162" count="37" type="stmt"/>
      <line num="163" count="1410" type="cond" truecount="1" falsecount="0"/>
      <line num="164" count="1373" type="stmt"/>
      <line num="165" count="1373" type="stmt"/>
      <line num="166" count="1373" type="stmt"/>
      <line num="167" count="1373" type="cond" truecount="0" falsecount="1"/>
      <line num="168" count="0" type="cond" truecount="0" falsecount="1"/>
      <line num="169" count="0" type="stmt"/>
      <line num="170" count="0" type="stmt"/>
      <line num="171" count="0" type="stmt"/>
      <line num="172" count="1410" type="stmt"/>
      <line num="173" count="1410" type="stmt"/>
      <line num="174" count="1410" type="stmt"/>
      <line num="175" count="1410" type="stmt"/>
      <line num="176" count="2611" type="cond" truecount="1" falsecount="0"/>
      <line num="177" count="4021" type="cond" truecount="1" falsecount="0"/>
      <line num="178" count="1003" type="stmt"/>
      <line num="179" count="1003" type="stmt"/>
      <line num="180" count="1608" type="cond" truecount="1" falsecount="0"/>
      <line num="181" count="4021" type="cond" truecount="1" falsecount="0"/>
      <line num="182" count="25" type="stmt"/>
      <line num="183" count="25" type="stmt"/>
      <line num="184" count="25" type="stmt"/>
      <line num="185" count="1583" type="cond" truecount="1" falsecount="0"/>
      <line num="186" count="4021" type="cond" truecount="0" falsecount="1"/>
      <line num="187" count="0" type="stmt"/>
      <line num="188" count="0" type="stmt"/>
      <line num="189" count="1583" type="cond" truecount="1" falsecount="0"/>
      <line num="190" count="1583" type="stmt"/>
      <line num="191" count="4021" type="cond" truecount="1" falsecount="0"/>
      <line num="192" count="2115" type="stmt"/>
      <line num="193" count="2115" type="stmt"/>
      <line num="194" count="2115" type="stmt"/>
      <line num="195" count="2115" type="stmt"/>
      <line num="196" count="1551" type="cond" truecount="1" falsecount="0"/>
      <line num="197" count="1551" type="stmt"/>
      <line num="198" count="1" type="stmt"/>
      <line num="199" count="1" type="cond" truecount="1" falsecount="0"/>
      <line num="200" count="25" type="stmt"/>
      <line num="201" count="25" type="stmt"/>
      <line num="202" count="25" type="stmt"/>
      <line num="203" count="25" type="stmt"/>
      <line num="204" count="25" type="stmt"/>
      <line num="205" count="25" type="stmt"/>
      <line num="206" count="25" type="stmt"/>
      <line num="207" count="25" type="stmt"/>
      <line num="208" count="25" type="stmt"/>
      <line num="209" count="25" type="stmt"/>
      <line num="210" count="25" type="stmt"/>
      <line num="211" count="25" type="stmt"/>
      <line num="212" count="25" type="stmt"/>
      <line num="213" count="0" type="cond" truecount="0" falsecount="1"/>
      <line num="214" count="0" type="stmt"/>
      <line num="215" count="1" type="stmt"/>
      <line num="216" count="1" type="cond" truecount="1" falsecount="0"/>
      <line num="217" count="76" type="cond" truecount="1" falsecount="0"/>
      <line num="218" count="76" type="cond" truecount="4" falsecount="0"/>
      <line num="219" count="76" type="cond" truecount="2" falsecount="0"/>
      <line num="220" count="15" type="cond" truecount="1" falsecount="0"/>
      <line num="221" count="0" type="cond" truecount="0" falsecount="1"/>
      <line num="222" count="0" type="stmt"/>
      <line num="223" count="0" type="stmt"/>
      <line num="224" count="0" type="cond" truecount="0" falsecount="1"/>
      <line num="225" count="0" type="stmt"/>
      <line num="226" count="0" type="stmt"/>
      <line num="227" count="0" type="stmt"/>
      <line num="228" count="1" type="stmt"/>
      <line num="229" count="1" type="cond" truecount="1" falsecount="0"/>
      <line num="230" count="4230" type="cond" truecount="1" falsecount="0"/>
      <line num="231" count="4230" type="cond" truecount="0" falsecount="1"/>
      <line num="232" count="0" type="cond" truecount="0" falsecount="1"/>
      <line num="233" count="0" type="stmt"/>
      <line num="234" count="0" type="stmt"/>
      <line num="235" count="0" type="stmt"/>
      <line num="236" count="4230" type="stmt"/>
      <line num="237" count="4230" type="stmt"/>
      <line num="238" count="4230" type="stmt"/>
      <line num="239" count="4230" type="stmt"/>
      <line num="240" count="1" type="stmt"/>
      <line num="241" count="1" type="cond" truecount="1" falsecount="0"/>
      <line num="242" count="3424" type="cond" truecount="1" falsecount="0"/>
      <line num="243" count="289" type="stmt"/>
      <line num="244" count="289" type="stmt"/>
      <line num="245" count="3135" type="cond" truecount="1" falsecount="0"/>
      <line num="246" count="3135" type="stmt"/>
      <line num="247" count="3135" type="cond" truecount="1" falsecount="0"/>
      <line num="248" count="3135" type="stmt"/>
      <line num="249" count="0" type="cond" truecount="0" falsecount="1"/>
      <line num="250" count="0" type="cond" truecount="0" falsecount="1"/>
      <line num="251" count="0" type="stmt"/>
      <line num="252" count="0" type="stmt"/>
      <line num="253" count="0" type="stmt"/>
    </file>
    <file name="m.ts" path="/home/victorien/maykin/of/InferNoLogic/src/m.ts">
      <metrics statements="74" coveredstatements="8" conditionals="0" coveredconditionals="0" methods="1" coveredmethods="0"/>
      <line num="1" count="1" type="stmt"/>
      <line num="2" count="1" type="stmt"/>
      <line num="3" count="1" type="stmt"/>
      <line num="4" count="1" type="stmt"/>
      <line num="5" count="1" type="stmt"/>
      <line num="6" count="1" type="stmt"/>
      <line num="7" count="1" type="stmt"/>
      <line num="8" count="1" type="stmt"/>
      <line num="9" count="0" type="stmt"/>
      <line num="10" count="0" type="stmt"/>
      <line num="11" count="0" type="stmt"/>
      <line num="12" count="0" type="stmt"/>
      <line num="13" count="0" type="stmt"/>
      <line num="14" count="0" type="stmt"/>
      <line num="15" count="0" type="stmt"/>
      <line num="16" count="0" type="stmt"/>
      <line num="17" count="0" type="stmt"/>
      <line num="18" count="0" type="stmt"/>
      <line num="19" count="0" type="stmt"/>
      <line num="20" count="0" type="stmt"/>
      <line num="21" count="0" type="stmt"/>
      <line num="22" count="0" type="stmt"/>
      <line num="23" count="0" type="stmt"/>
      <line num="24" count="0" type="stmt"/>
      <line num="25" count="0" type="stmt"/>
      <line num="26" count="0" type="stmt"/>
      <line num="27" count="0" type="stmt"/>
      <line num="28" count="0" type="stmt"/>
      <line num="29" count="0" type="stmt"/>
      <line num="30" count="0" type="stmt"/>
      <line num="31" count="0" type="stmt"/>
      <line num="32" count="0" type="stmt"/>
      <line num="33" count="0" type="stmt"/>
      <line num="34" count="0" type="stmt"/>
      <line num="35" count="0" type="stmt"/>
      <line num="36" count="0" type="stmt"/>
      <line num="37" count="0" type="stmt"/>
      <line num="38" count="0" type="stmt"/>
      <line num="39" count="0" type="stmt"/>
      <line num="40" count="0" type="stmt"/>
      <line num="41" count="0" type="stmt"/>
      <line num="42" count="0" type="stmt"/>
      <line num="43" count="0" type="stmt"/>
      <line num="44" count="0" type="stmt"/>
      <line num="45" count="0" type="stmt"/>
      <line num="46" count="0" type="stmt"/>
      <line num="47" count="0" type="stmt"/>
      <line num="48" count="0" type="stmt"/>
      <line num="49" count="0" type="stmt"/>
      <line num="50" count="0" type="stmt"/>
      <line num="51" count="0" type="stmt"/>
      <line num="52" count="0" type="stmt"/>
      <line num="53" count="0" type="stmt"/>
      <line num="54" count="0" type="stmt"/>
      <line num="55" count="0" type="stmt"/>
      <line num="56" count="0" type="stmt"/>
      <line num="57" count="0" type="stmt"/>
      <line num="58" count="0" type="stmt"/>
      <line num="59" count="0" type="stmt"/>
      <line num="60" count="0" type="stmt"/>
      <line num="61" count="0" type="stmt"/>
      <line num="62" count="0" type="stmt"/>
      <line num="63" count="0" type="stmt"/>
      <line num="64" count="0" type="stmt"/>
      <line num="65" count="0" type="stmt"/>
      <line num="66" count="0" type="stmt"/>
      <line num="67" count="0" type="stmt"/>
      <line num="68" count="0" type="stmt"/>
      <line num="69" count="0" type="stmt"/>
      <line num="70" count="0" type="stmt"/>
      <line num="71" count="0" type="stmt"/>
      <line num="72" count="0" type="stmt"/>
      <line num="73" count="0" type="stmt"/>
      <line num="74" count="0" type="stmt"/>
    </file>
    <file name="models.ts" path="/home/victorien/maykin/of/InferNoLogic/src/models.ts">
      <metrics statements="108" coveredstatements="108" conditionals="2" coveredconditionals="2" methods="2" coveredmethods="2"/>
      <line num="1" count="1" type="stmt"/>
      <line num="2" count="1" type="stmt"/>
      <line num="3" count="1" type="stmt"/>
      <line num="4" count="1" type="stmt"/>
      <line num="5" count="1" type="stmt"/>
      <line num="6" count="1" type="stmt"/>
      <line num="7" count="1" type="stmt"/>
      <line num="8" count="1" type="stmt"/>
      <line num="9" count="1" type="stmt"/>
      <line num="10" count="1" type="stmt"/>
      <line num="11" count="1" type="stmt"/>
      <line num="12" count="1" type="stmt"/>
      <line num="13" count="1" type="stmt"/>
      <line num="14" count="1" type="stmt"/>
      <line num="15" count="1" type="stmt"/>
      <line num="16" count="1" type="stmt"/>
      <line num="17" count="1" type="stmt"/>
      <line num="18" count="1" type="stmt"/>
      <line num="19" count="1" type="stmt"/>
      <line num="20" count="1" type="stmt"/>
      <line num="21" count="1" type="stmt"/>
      <line num="22" count="1" type="stmt"/>
      <line num="23" count="1" type="stmt"/>
      <line num="24" count="1" type="stmt"/>
      <line num="25" count="1" type="stmt"/>
      <line num="26" count="1" type="stmt"/>
      <line num="27" count="1" type="stmt"/>
      <line num="28" count="1" type="stmt"/>
      <line num="29" count="1" type="stmt"/>
      <line num="30" count="1" type="stmt"/>
      <line num="31" count="1" type="stmt"/>
      <line num="32" count="1" type="stmt"/>
      <line num="33" count="1" type="stmt"/>
      <line num="34" count="1" type="stmt"/>
      <line num="35" count="1" type="stmt"/>
      <line num="36" count="1" type="stmt"/>
      <line num="37" count="1" type="stmt"/>
      <line num="38" count="1" type="stmt"/>
      <line num="39" count="1" type="stmt"/>
      <line num="40" count="1" type="stmt"/>
      <line num="41" count="1" type="stmt"/>
      <line num="42" count="1" type="stmt"/>
      <line num="43" count="1" type="stmt"/>
      <line num="44" count="1" type="stmt"/>
      <line num="45" count="1" type="stmt"/>
      <line num="46" count="1" type="stmt"/>
      <line num="47" count="1" type="stmt"/>
      <line num="48" count="1" type="stmt"/>
      <line num="49" count="1" type="stmt"/>
      <line num="50" count="1" type="stmt"/>
      <line num="51" count="1" type="stmt"/>
      <line num="52" count="1" type="stmt"/>
      <line num="53" count="1" type="stmt"/>
      <line num="54" count="1" type="stmt"/>
      <line num="55" count="1" type="stmt"/>
      <line num="56" count="1" type="stmt"/>
      <line num="57" count="1" type="stmt"/>
      <line num="58" count="1" type="stmt"/>
      <line num="59" count="1" type="stmt"/>
      <line num="60" count="1" type="stmt"/>
      <line num="61" count="1" type="stmt"/>
      <line num="62" count="1" type="stmt"/>
      <line num="63" count="1" type="stmt"/>
      <line num="64" count="1" type="stmt"/>
      <line num="65" count="1" type="stmt"/>
      <line num="66" count="1" type="stmt"/>
      <line num="67" count="1" type="stmt"/>
      <line num="68" count="1" type="stmt"/>
      <line num="69" count="1" type="stmt"/>
      <line num="70" count="1" type="stmt"/>
      <line num="71" count="1" type="stmt"/>
      <line num="72" count="1" type="stmt"/>
      <line num="73" count="1" type="stmt"/>
      <line num="74" count="1" type="stmt"/>
      <line num="75" count="1" type="stmt"/>
      <line num="76" count="1" type="stmt"/>
      <line num="77" count="1" type="stmt"/>
      <line num="78" count="1" type="stmt"/>
      <line num="79" count="1" type="stmt"/>
      <line num="80" count="1" type="stmt"/>
      <line num="81" count="1" type="stmt"/>
      <line num="82" count="1" type="stmt"/>
      <line num="83" count="1" type="stmt"/>
      <line num="84" count="1" type="stmt"/>
      <line num="85" count="1" type="stmt"/>
      <line num="86" count="1" type="stmt"/>
      <line num="87" count="1" type="stmt"/>
      <line num="88" count="1" type="stmt"/>
      <line num="89" count="1" type="stmt"/>
      <line num="90" count="1" type="stmt"/>
      <line num="91" count="1" type="stmt"/>
      <line num="92" count="1" type="stmt"/>
      <line num="93" count="1" type="stmt"/>
      <line num="94" count="1" type="stmt"/>
      <line num="95" count="1" type="stmt"/>
      <line num="96" count="1" type="stmt"/>
      <line num="97" count="1" type="stmt"/>
      <line num="98" count="1" type="cond" truecount="1" falsecount="0"/>
      <line num="99" count="1083" type="stmt"/>
      <line num="100" count="1083" type="stmt"/>
      <line num="101" count="1083" type="stmt"/>
      <line num="102" count="1083" type="stmt"/>
      <line num="103" count="1083" type="stmt"/>
      <line num="104" count="1083" type="stmt"/>
      <line num="105" count="1" type="stmt"/>
      <line num="106" count="1" type="cond" truecount="1" falsecount="0"/>
      <line num="107" count="303939" type="stmt"/>
      <line num="108" count="303939" type="stmt"/>
    </file>
    <file name="parser.ts" path="/home/victorien/maykin/of/InferNoLogic/src/parser.ts">
      <metrics statements="530" coveredstatements="506" conditionals="151" coveredconditionals="136" methods="18" coveredmethods="18"/>
      <line num="1" count="1" type="stmt"/>
      <line num="2" count="1" type="stmt"/>
      <line num="3" count="1" type="stmt"/>
      <line num="4" count="1" type="stmt"/>
      <line num="5" count="1" type="stmt"/>
      <line num="6" count="1" type="stmt"/>
      <line num="7" count="1" type="stmt"/>
      <line num="8" count="1" type="stmt"/>
      <line num="9" count="1" type="stmt"/>
      <line num="10" count="1" type="stmt"/>
      <line num="11" count="1" type="stmt"/>
      <line num="12" count="1" type="stmt"/>
      <line num="13" count="1" type="stmt"/>
      <line num="14" count="1" type="stmt"/>
      <line num="15" count="1" type="stmt"/>
      <line num="16" count="1" type="stmt"/>
      <line num="17" count="1" type="stmt"/>
      <line num="18" count="1" type="stmt"/>
      <line num="19" count="1" type="stmt"/>
      <line num="20" count="1" type="stmt"/>
      <line num="21" count="1" type="stmt"/>
      <line num="22" count="1" type="stmt"/>
      <line num="23" count="1" type="stmt"/>
      <line num="24" count="1" type="stmt"/>
      <line num="25" count="1" type="cond" truecount="1" falsecount="0"/>
      <line num="26" count="1" type="cond" truecount="1" falsecount="0"/>
      <line num="27" count="967" type="cond" truecount="1" falsecount="0"/>
      <line num="28" count="719" type="cond" truecount="1" falsecount="0"/>
      <line num="29" count="719" type="stmt"/>
      <line num="30" count="719" type="stmt"/>
      <line num="31" count="1" type="cond" truecount="1" falsecount="0"/>
      <line num="32" count="1" type="cond" truecount="1" falsecount="0"/>
      <line num="33" count="1" type="stmt"/>
      <line num="34" count="1" type="cond" truecount="1" falsecount="0"/>
      <line num="35" count="108" type="stmt"/>
      <line num="36" count="108" type="cond" truecount="2" falsecount="0"/>
      <line num="37" count="108" type="stmt"/>
      <line num="38" count="1" type="stmt"/>
      <line num="39" count="1" type="stmt"/>
      <line num="40" count="1" type="stmt"/>
      <line num="41" count="1" type="stmt"/>
      <line num="42" count="1" type="stmt"/>
      <line num="43" count="1" type="stmt"/>
      <line num="44" count="1" type="stmt"/>
      <line num="45" count="1" type="stmt"/>
      <line num="46" count="1" type="stmt"/>
      <line num="47" count="1" type="stmt"/>
      <line num="48" count="1" type="stmt"/>
      <line num="49" count="1" type="stmt"/>
      <line num="50" count="1" type="stmt"/>
      <line num="51" count="1" type="stmt"/>
      <line num="52" count="1" type="stmt"/>
      <line num="53" count="1" type="stmt"/>
      <line num="54" count="1" type="stmt"/>
      <line num="55" count="1" type="stmt"/>
      <line num="56" count="1" type="stmt"/>
      <line num="57" count="1" type="stmt"/>
      <line num="58" count="1" type="stmt"/>
      <line num="59" count="1" type="stmt"/>
      <line num="60" count="1" type="stmt"/>
      <line num="61" count="1" type="stmt"/>
      <line num="62" count="1" type="stmt"/>
      <line num="63" count="1" type="stmt"/>
      <line num="64" count="1" type="stmt"/>
      <line num="65" count="1" type="stmt"/>
      <line num="66" count="1" type="stmt"/>
      <line num="67" count="1" type="stmt"/>
      <line num="68" count="1" type="stmt"/>
      <line num="69" count="1" type="stmt"/>
      <line num="70" count="1" type="stmt"/>
      <line num="71" count="1" type="stmt"/>
      <line num="72" count="1" type="stmt"/>
      <line num="73" count="1" type="stmt"/>
      <line num="74" count="1" type="stmt"/>
      <line num="75" count="1" type="stmt"/>
      <line num="76" count="1" type="stmt"/>
      <line num="77" count="1" type="stmt"/>
      <line num="78" count="1" type="stmt"/>
      <line num="79" count="1" type="stmt"/>
      <line num="80" count="1" type="stmt"/>
      <line num="81" count="1" type="stmt"/>
      <line num="82" count="1" type="stmt"/>
      <line num="83" count="1" type="stmt"/>
      <line num="84" count="1" type="stmt"/>
      <line num="85" count="1" type="stmt"/>
      <line num="86" count="1" type="stmt"/>
      <line num="87" count="1" type="stmt"/>
      <line num="88" count="1" type="stmt"/>
      <line num="89" count="1" type="stmt"/>
      <line num="90" count="1" type="stmt"/>
      <line num="91" count="1" type="stmt"/>
      <line num="92" count="1" type="stmt"/>
      <line num="93" count="1" type="stmt"/>
      <line num="94" count="1" type="stmt"/>
      <line num="95" count="1" type="stmt"/>
      <line num="96" count="1" type="stmt"/>
      <line num="97" count="1" type="stmt"/>
      <line num="98" count="1" type="stmt"/>
      <line num="99" count="1" type="stmt"/>
      <line num="100" count="1" type="stmt"/>
      <line num="101" count="1" type="stmt"/>
      <line num="102" count="1" type="stmt"/>
      <line num="103" count="1" type="stmt"/>
      <line num="104" count="1" type="stmt"/>
      <line num="105" count="1" type="stmt"/>
      <line num="106" count="1" type="stmt"/>
      <line num="107" count="1" type="stmt"/>
      <line num="108" count="1" type="stmt"/>
      <line num="109" count="1" type="stmt"/>
      <line num="110" count="1" type="stmt"/>
      <line num="111" count="1" type="stmt"/>
      <line num="112" count="1" type="stmt"/>
      <line num="113" count="1" type="stmt"/>
      <line num="114" count="1" type="stmt"/>
      <line num="115" count="1" type="stmt"/>
      <line num="116" count="1" type="stmt"/>
      <line num="117" count="1" type="stmt"/>
      <line num="118" count="1" type="stmt"/>
      <line num="119" count="1" type="stmt"/>
      <line num="120" count="1" type="cond" truecount="1" falsecount="0"/>
      <line num="121" count="1642" type="stmt"/>
      <line num="122" count="1642" type="stmt"/>
      <line num="123" count="1642" type="stmt"/>
      <line num="124" count="1642" type="stmt"/>
      <line num="125" count="1" type="cond" truecount="2" falsecount="0"/>
      <line num="126" count="1" type="stmt"/>
      <line num="127" count="1" type="cond" truecount="1" falsecount="0"/>
      <line num="128" count="1133" type="stmt"/>
      <line num="129" count="1133" type="cond" truecount="3" falsecount="0"/>
      <line num="130" count="822" type="cond" truecount="1" falsecount="0"/>
      <line num="131" count="822" type="stmt"/>
      <line num="132" count="822" type="stmt"/>
      <line num="133" count="1133" type="cond" truecount="0" falsecount="1"/>
      <line num="134" count="1133" type="cond" truecount="1" falsecount="1"/>
      <line num="135" count="0" type="stmt"/>
      <line num="136" count="0" type="stmt"/>
      <line num="137" count="0" type="stmt"/>
      <line num="138" count="0" type="stmt"/>
      <line num="139" count="0" type="stmt"/>
      <line num="140" count="822" type="cond" truecount="1" falsecount="0"/>
      <line num="141" count="822" type="stmt"/>
      <line num="142" count="1" type="stmt"/>
      <line num="143" count="1" type="stmt"/>
      <line num="144" count="1" type="stmt"/>
      <line num="145" count="1" type="stmt"/>
      <line num="146" count="1" type="stmt"/>
      <line num="147" count="1" type="cond" truecount="1" falsecount="2"/>
      <line num="148" count="1" type="stmt"/>
      <line num="149" count="1" type="stmt"/>
      <line num="150" count="1" type="stmt"/>
      <line num="151" count="1" type="stmt"/>
      <line num="152" count="1" type="stmt"/>
      <line num="153" count="1" type="cond" truecount="1" falsecount="0"/>
      <line num="154" count="2" type="cond" truecount="0" falsecount="1"/>
      <line num="155" count="2" type="cond" truecount="1" falsecount="0"/>
      <line num="156" count="2" type="cond" truecount="0" falsecount="1"/>
      <line num="157" count="2" type="cond" truecount="1" falsecount="1"/>
      <line num="158" count="2" type="cond" truecount="1" falsecount="1"/>
      <line num="159" count="1" type="cond" truecount="1" falsecount="0"/>
      <line num="160" count="2" type="cond" truecount="1" falsecount="0"/>
      <line num="161" count="1" type="stmt"/>
      <line num="162" count="1" type="stmt"/>
      <line num="163" count="2" type="cond" truecount="0" falsecount="1"/>
      <line num="164" count="0" type="stmt"/>
      <line num="165" count="0" type="stmt"/>
      <line num="166" count="1" type="stmt"/>
      <line num="167" count="1" type="stmt"/>
      <line num="168" count="1" type="stmt"/>
      <line num="169" count="1" type="stmt"/>
      <line num="170" count="1" type="cond" truecount="1" falsecount="0"/>
      <line num="171" count="820" type="stmt"/>
      <line num="172" count="820" type="stmt"/>
      <line num="173" count="820" type="stmt"/>
      <line num="174" count="820" type="stmt"/>
      <line num="175" count="820" type="cond" truecount="0" falsecount="1"/>
      <line num="176" count="0" type="stmt"/>
      <line num="177" count="0" type="stmt"/>
      <line num="178" count="0" type="stmt"/>
      <line num="179" count="0" type="stmt"/>
      <line num="180" count="820" type="stmt"/>
      <line num="181" count="820" type="cond" truecount="2" falsecount="0"/>
      <line num="182" count="820" type="stmt"/>
      <line num="183" count="1" type="stmt"/>
      <line num="184" count="1" type="stmt"/>
      <line num="185" count="1" type="stmt"/>
      <line num="186" count="1" type="stmt"/>
      <line num="187" count="1" type="stmt"/>
      <line num="188" count="1" type="stmt"/>
      <line num="189" count="1" type="stmt"/>
      <line num="190" count="1" type="stmt"/>
      <line num="191" count="1" type="stmt"/>
      <line num="192" count="1" type="stmt"/>
      <line num="193" count="1" type="stmt"/>
      <line num="194" count="1" type="stmt"/>
      <line num="195" count="1" type="stmt"/>
      <line num="196" count="1" type="stmt"/>
      <line num="197" count="1" type="stmt"/>
      <line num="198" count="1" type="stmt"/>
      <line num="199" count="1" type="stmt"/>
      <line num="200" count="1" type="stmt"/>
      <line num="201" count="1" type="stmt"/>
      <line num="202" count="1" type="stmt"/>
      <line num="203" count="1" type="stmt"/>
      <line num="204" count="1" type="stmt"/>
      <line num="205" count="1" type="stmt"/>
      <line num="206" count="1" type="stmt"/>
      <line num="207" count="1" type="cond" truecount="1" falsecount="0"/>
      <line num="208" count="1558" type="stmt"/>
      <line num="209" count="1558" type="cond" truecount="1" falsecount="0"/>
      <line num="210" count="962" type="cond" truecount="1" falsecount="0"/>
      <line num="211" count="962" type="stmt"/>
      <line num="212" count="1" type="stmt"/>
      <line num="213" count="1" type="stmt"/>
      <line num="214" count="1" type="stmt"/>
      <line num="215" count="1" type="stmt"/>
      <line num="216" count="1" type="stmt"/>
      <line num="217" count="1" type="stmt"/>
      <line num="218" count="1" type="stmt"/>
      <line num="219" count="1" type="stmt"/>
      <line num="220" count="1" type="stmt"/>
      <line num="221" count="1" type="stmt"/>
      <line num="222" count="1" type="cond" truecount="1" falsecount="0"/>
      <line num="223" count="4049" type="stmt"/>
      <line num="224" count="4049" type="stmt"/>
      <line num="225" count="4049" type="cond" truecount="0" falsecount="1"/>
      <line num="226" count="0" type="stmt"/>
      <line num="227" count="0" type="stmt"/>
      <line num="228" count="4049" type="stmt"/>
      <line num="229" count="4049" type="stmt"/>
      <line num="230" count="4049" type="stmt"/>
      <line num="231" count="4049" type="stmt"/>
      <line num="232" count="4049" type="cond" truecount="1" falsecount="0"/>
      <line num="233" count="3251" type="cond" truecount="1" falsecount="0"/>
      <line num="234" count="3251" type="stmt"/>
      <line num="235" count="1" type="stmt"/>
      <line num="236" count="1" type="stmt"/>
      <line num="237" count="1" type="stmt"/>
      <line num="238" count="1" type="stmt"/>
      <line num="239" count="1" type="cond" truecount="1" falsecount="0"/>
      <line num="240" count="5918" type="cond" truecount="2" falsecount="0"/>
      <line num="241" count="5918" type="cond" truecount="2" falsecount="0"/>
      <line num="242" count="5918" type="cond" truecount="2" falsecount="0"/>
      <line num="243" count="5918" type="cond" truecount="3" falsecount="0"/>
      <line num="244" count="1035" type="stmt"/>
      <line num="245" count="1035" type="stmt"/>
      <line num="246" count="1035" type="stmt"/>
      <line num="247" count="1580" type="cond" truecount="1" falsecount="0"/>
      <line num="248" count="889" type="stmt"/>
      <line num="249" count="889" type="cond" truecount="1" falsecount="0"/>
      <line num="250" count="798" type="cond" truecount="1" falsecount="0"/>
      <line num="251" count="798" type="stmt"/>
      <line num="252" count="798" type="stmt"/>
      <line num="253" count="798" type="stmt"/>
      <line num="254" count="798" type="stmt"/>
      <line num="255" count="798" type="stmt"/>
      <line num="256" count="798" type="stmt"/>
      <line num="257" count="798" type="cond" truecount="1" falsecount="0"/>
      <line num="258" count="4049" type="stmt"/>
      <line num="259" count="4049" type="stmt"/>
      <line num="260" count="4049" type="stmt"/>
      <line num="261" count="798" type="stmt"/>
      <line num="262" count="798" type="stmt"/>
      <line num="263" count="798" type="stmt"/>
      <line num="264" count="798" type="stmt"/>
      <line num="265" count="146" type="cond" truecount="1" falsecount="0"/>
      <line num="266" count="146" type="stmt"/>
      <line num="267" count="146" type="stmt"/>
      <line num="268" count="146" type="stmt"/>
      <line num="269" count="1" type="stmt"/>
      <line num="270" count="1" type="stmt"/>
      <line num="271" count="1" type="cond" truecount="1" falsecount="0"/>
      <line num="272" count="1345" type="stmt"/>
      <line num="273" count="1345" type="stmt"/>
      <line num="274" count="1345" type="stmt"/>
      <line num="275" count="1345" type="stmt"/>
      <line num="276" count="1345" type="stmt"/>
      <line num="277" count="1345" type="cond" truecount="1" falsecount="0"/>
      <line num="278" count="1345" type="stmt"/>
      <line num="279" count="1345" type="cond" truecount="1" falsecount="0"/>
      <line num="280" count="5558" type="stmt"/>
      <line num="281" count="5558" type="stmt"/>
      <line num="282" count="1345" type="stmt"/>
      <line num="283" count="1" type="stmt"/>
      <line num="284" count="1" type="stmt"/>
      <line num="285" count="1" type="cond" truecount="1" falsecount="0"/>
      <line num="286" count="1" type="cond" truecount="1" falsecount="0"/>
      <line num="287" count="1" type="cond" truecount="2" falsecount="0"/>
      <line num="288" count="1" type="stmt"/>
      <line num="289" count="1" type="stmt"/>
      <line num="290" count="1" type="stmt"/>
      <line num="291" count="1" type="stmt"/>
      <line num="292" count="1" type="stmt"/>
      <line num="293" count="1" type="stmt"/>
      <line num="294" count="1" type="stmt"/>
      <line num="295" count="1" type="stmt"/>
      <line num="296" count="1" type="stmt"/>
      <line num="297" count="1" type="stmt"/>
      <line num="298" count="1" type="stmt"/>
      <line num="299" count="1" type="stmt"/>
      <line num="300" count="1" type="stmt"/>
      <line num="301" count="1" type="cond" truecount="1" falsecount="0"/>
      <line num="302" count="1131" type="stmt"/>
      <line num="303" count="1131" type="stmt"/>
      <line num="304" count="1131" type="stmt"/>
      <line num="305" count="1131" type="cond" truecount="1" falsecount="0"/>
      <line num="306" count="820" type="cond" truecount="1" falsecount="0"/>
      <line num="307" count="820" type="stmt"/>
      <line num="308" count="820" type="stmt"/>
      <line num="309" count="820" type="stmt"/>
      <line num="310" count="1131" type="cond" truecount="1" falsecount="0"/>
      <line num="311" count="208" type="stmt"/>
      <line num="312" count="208" type="stmt"/>
      <line num="313" count="208" type="stmt"/>
      <line num="314" count="208" type="cond" truecount="1" falsecount="0"/>
      <line num="315" count="1" type="stmt"/>
      <line num="316" count="1" type="stmt"/>
      <line num="317" count="1" type="stmt"/>
      <line num="318" count="208" type="cond" truecount="2" falsecount="0"/>
      <line num="319" count="208" type="cond" truecount="1" falsecount="0"/>
      <line num="320" count="2" type="stmt"/>
      <line num="321" count="2" type="stmt"/>
      <line num="322" count="2" type="stmt"/>
      <line num="323" count="2" type="cond" truecount="1" falsecount="0"/>
      <line num="324" count="2" type="cond" truecount="1" falsecount="0"/>
      <line num="325" count="1" type="stmt"/>
      <line num="326" count="1" type="cond" truecount="0" falsecount="1"/>
      <line num="327" count="2" type="stmt"/>
      <line num="328" count="2" type="stmt"/>
      <line num="329" count="208" type="cond" truecount="1" falsecount="1"/>
      <line num="330" count="0" type="stmt"/>
      <line num="331" count="0" type="stmt"/>
      <line num="332" count="0" type="stmt"/>
      <line num="333" count="0" type="stmt"/>
      <line num="334" count="205" type="cond" truecount="1" falsecount="0"/>
      <line num="335" count="208" type="cond" truecount="1" falsecount="0"/>
      <line num="336" count="3" type="stmt"/>
      <line num="337" count="3" type="stmt"/>
      <line num="338" count="3" type="stmt"/>
      <line num="339" count="3" type="stmt"/>
      <line num="340" count="3" type="stmt"/>
      <line num="341" count="3" type="stmt"/>
      <line num="342" count="3" type="stmt"/>
      <line num="343" count="3" type="stmt"/>
      <line num="344" count="3" type="stmt"/>
      <line num="345" count="202" type="cond" truecount="1" falsecount="0"/>
      <line num="346" count="202" type="stmt"/>
      <line num="347" count="202" type="stmt"/>
      <line num="348" count="202" type="stmt"/>
      <line num="349" count="202" type="stmt"/>
      <line num="350" count="202" type="stmt"/>
      <line num="351" count="202" type="stmt"/>
      <line num="352" count="1131" type="cond" truecount="3" falsecount="0"/>
      <line num="353" count="11" type="stmt"/>
      <line num="354" count="612" type="cond" truecount="3" falsecount="0"/>
      <line num="355" count="113" type="stmt"/>
      <line num="356" count="601" type="cond" truecount="4" falsecount="0"/>
      <line num="357" count="92" type="stmt"/>
      <line num="358" count="92" type="cond" truecount="1" falsecount="0"/>
      <line num="359" count="1" type="stmt"/>
      <line num="360" count="1" type="stmt"/>
      <line num="361" count="91" type="cond" truecount="1" falsecount="0"/>
      <line num="362" count="91" type="stmt"/>
      <line num="363" count="91" type="stmt"/>
      <line num="364" count="91" type="stmt"/>
      <line num="365" count="91" type="stmt"/>
      <line num="366" count="488" type="cond" truecount="4" falsecount="0"/>
      <line num="367" count="8" type="stmt"/>
      <line num="368" count="8" type="cond" truecount="1" falsecount="0"/>
      <line num="369" count="4" type="stmt"/>
      <line num="370" count="4" type="stmt"/>
      <line num="371" count="4" type="stmt"/>
      <line num="372" count="4" type="stmt"/>
      <line num="373" count="4" type="stmt"/>
      <line num="374" count="4" type="stmt"/>
      <line num="375" count="4" type="stmt"/>
      <line num="376" count="4" type="stmt"/>
      <line num="377" count="396" type="cond" truecount="2" falsecount="0"/>
      <line num="378" count="47" type="cond" truecount="2" falsecount="0"/>
      <line num="379" count="11" type="stmt"/>
      <line num="380" count="11" type="stmt"/>
      <line num="381" count="11" type="stmt"/>
      <line num="382" count="11" type="cond" truecount="1" falsecount="0"/>
      <line num="383" count="7" type="stmt"/>
      <line num="384" count="11" type="cond" truecount="1" falsecount="0"/>
      <line num="385" count="11" type="stmt"/>
      <line num="386" count="11" type="stmt"/>
      <line num="387" count="11" type="stmt"/>
      <line num="388" count="47" type="cond" truecount="2" falsecount="0"/>
      <line num="389" count="12" type="stmt"/>
      <line num="390" count="12" type="stmt"/>
      <line num="391" count="12" type="stmt"/>
      <line num="392" count="12" type="stmt"/>
      <line num="393" count="12" type="stmt"/>
      <line num="394" count="12" type="stmt"/>
      <line num="395" count="12" type="stmt"/>
      <line num="396" count="12" type="stmt"/>
      <line num="397" count="12" type="stmt"/>
      <line num="398" count="12" type="cond" truecount="1" falsecount="0"/>
      <line num="399" count="12" type="stmt"/>
      <line num="400" count="12" type="stmt"/>
      <line num="401" count="12" type="stmt"/>
      <line num="402" count="12" type="stmt"/>
      <line num="403" count="388" type="cond" truecount="2" falsecount="0"/>
      <line num="404" count="31" type="stmt"/>
      <line num="405" count="31" type="stmt"/>
      <line num="406" count="31" type="stmt"/>
      <line num="407" count="31" type="stmt"/>
      <line num="408" count="31" type="stmt"/>
      <line num="409" count="31" type="stmt"/>
      <line num="410" count="31" type="stmt"/>
      <line num="411" count="31" type="stmt"/>
      <line num="412" count="31" type="stmt"/>
      <line num="413" count="341" type="cond" truecount="2" falsecount="0"/>
      <line num="414" count="5" type="stmt"/>
      <line num="415" count="5" type="stmt"/>
      <line num="416" count="5" type="stmt"/>
      <line num="417" count="5" type="stmt"/>
      <line num="418" count="5" type="stmt"/>
      <line num="419" count="5" type="stmt"/>
      <line num="420" count="5" type="stmt"/>
      <line num="421" count="5" type="stmt"/>
      <line num="422" count="5" type="stmt"/>
      <line num="423" count="5" type="stmt"/>
      <line num="424" count="310" type="cond" truecount="2" falsecount="0"/>
      <line num="425" count="49" type="stmt"/>
      <line num="426" count="49" type="stmt"/>
      <line num="427" count="49" type="stmt"/>
      <line num="428" count="49" type="stmt"/>
      <line num="429" count="511" type="cond" truecount="1" falsecount="0"/>
      <line num="430" count="511" type="stmt"/>
      <line num="431" count="511" type="stmt"/>
      <line num="432" count="511" type="stmt"/>
      <line num="433" count="511" type="stmt"/>
      <line num="434" count="1" type="stmt"/>
      <line num="435" count="1" type="stmt"/>
      <line num="436" count="1" type="stmt"/>
      <line num="437" count="1" type="stmt"/>
      <line num="438" count="1" type="stmt"/>
      <line num="439" count="1" type="stmt"/>
      <line num="440" count="1" type="stmt"/>
      <line num="441" count="1" type="stmt"/>
      <line num="442" count="1" type="stmt"/>
      <line num="443" count="1" type="stmt"/>
      <line num="444" count="1" type="stmt"/>
      <line num="445" count="1" type="stmt"/>
      <line num="446" count="1" type="stmt"/>
      <line num="447" count="1" type="stmt"/>
      <line num="448" count="1" type="stmt"/>
      <line num="449" count="1" type="stmt"/>
      <line num="450" count="1" type="stmt"/>
      <line num="451" count="1" type="stmt"/>
      <line num="452" count="1" type="stmt"/>
      <line num="453" count="1" type="stmt"/>
      <line num="454" count="1" type="stmt"/>
      <line num="455" count="1" type="stmt"/>
      <line num="456" count="1" type="stmt"/>
      <line num="457" count="1" type="stmt"/>
      <line num="458" count="1" type="stmt"/>
      <line num="459" count="1" type="stmt"/>
      <line num="460" count="1" type="stmt"/>
      <line num="461" count="1" type="stmt"/>
      <line num="462" count="1" type="cond" truecount="1" falsecount="0"/>
      <line num="463" count="533" type="stmt"/>
      <line num="464" count="533" type="stmt"/>
      <line num="465" count="533" type="stmt"/>
      <line num="466" count="533" type="stmt"/>
      <line num="467" count="533" type="stmt"/>
      <line num="468" count="533" type="cond" truecount="1" falsecount="0"/>
      <line num="469" count="533" type="cond" truecount="2" falsecount="0"/>
      <line num="470" count="533" type="cond" truecount="2" falsecount="0"/>
      <line num="471" count="533" type="cond" truecount="2" falsecount="0"/>
      <line num="472" count="533" type="cond" truecount="2" falsecount="0"/>
      <line num="473" count="42" type="stmt"/>
      <line num="474" count="42" type="cond" truecount="1" falsecount="0"/>
      <line num="475" count="7" type="stmt"/>
      <line num="476" count="7" type="stmt"/>
      <line num="477" count="42" type="stmt"/>
      <line num="478" count="35" type="cond" truecount="1" falsecount="0"/>
      <line num="479" count="35" type="cond" truecount="1" falsecount="0"/>
      <line num="480" count="93" type="stmt"/>
      <line num="481" count="35" type="stmt"/>
      <line num="482" count="35" type="cond" truecount="1" falsecount="0"/>
      <line num="483" count="35" type="stmt"/>
      <line num="484" count="35" type="stmt"/>
      <line num="485" count="35" type="stmt"/>
      <line num="486" count="35" type="stmt"/>
      <line num="487" count="35" type="stmt"/>
      <line num="488" count="42" type="cond" truecount="1" falsecount="0"/>
      <line num="489" count="42" type="cond" truecount="1" falsecount="0"/>
      <line num="490" count="42" type="stmt"/>
      <line num="491" count="42" type="stmt"/>
      <line num="492" count="42" type="stmt"/>
      <line num="493" count="42" type="stmt"/>
      <line num="494" count="42" type="stmt"/>
      <line num="495" count="42" type="stmt"/>
      <line num="496" count="241" type="cond" truecount="1" falsecount="0"/>
      <line num="497" count="241" type="stmt"/>
      <line num="498" count="241" type="cond" truecount="1" falsecount="0"/>
      <line num="499" count="241" type="cond" truecount="1" falsecount="0"/>
      <line num="500" count="241" type="stmt"/>
      <line num="501" count="1" type="stmt"/>
      <line num="502" count="1" type="cond" truecount="1" falsecount="0"/>
      <line num="503" count="10071" type="stmt"/>
      <line num="504" count="10071" type="cond" truecount="1" falsecount="0"/>
      <line num="505" count="3399" type="stmt"/>
      <line num="506" count="10071" type="cond" truecount="1" falsecount="0"/>
      <line num="507" count="939" type="stmt"/>
      <line num="508" count="10071" type="cond" truecount="1" falsecount="0"/>
      <line num="509" count="899" type="stmt"/>
      <line num="510" count="10071" type="cond" truecount="2" falsecount="0"/>
      <line num="511" count="10071" type="cond" truecount="1" falsecount="0"/>
      <line num="512" count="4834" type="stmt"/>
      <line num="513" count="4834" type="stmt"/>
      <line num="514" count="4834" type="cond" truecount="1" falsecount="0"/>
      <line num="515" count="300" type="stmt"/>
      <line num="516" count="300" type="stmt"/>
      <line num="517" count="4834" type="cond" truecount="1" falsecount="0"/>
      <line num="518" count="4534" type="cond" truecount="1" falsecount="0"/>
      <line num="519" count="4534" type="cond" truecount="2" falsecount="0"/>
      <line num="520" count="636" type="stmt"/>
      <line num="521" count="636" type="cond" truecount="1" falsecount="0"/>
      <line num="522" count="636" type="stmt"/>
      <line num="523" count="4834" type="stmt"/>
      <line num="524" count="0" type="cond" truecount="0" falsecount="1"/>
      <line num="525" count="0" type="stmt"/>
      <line num="526" count="0" type="cond" truecount="0" falsecount="1"/>
      <line num="527" count="0" type="stmt"/>
      <line num="528" count="0" type="stmt"/>
      <line num="529" count="0" type="stmt"/>
      <line num="530" count="0" type="stmt"/>
    </file>
    <file name="w.ts" path="/home/victorien/maykin/of/InferNoLogic/src/w.ts">
      <metrics statements="83" coveredstatements="69" conditionals="15" coveredconditionals="13" methods="2" coveredmethods="2"/>
      <line num="1" count="1" type="stmt"/>
      <line num="2" count="1" type="stmt"/>
      <line num="3" count="1" type="stmt"/>
      <line num="4" count="1" type="stmt"/>
      <line num="5" count="1" type="stmt"/>
      <line num="6" count="1" type="stmt"/>
      <line num="7" count="1" type="stmt"/>
      <line num="8" count="1" type="stmt"/>
      <line num="9" count="1" type="cond" truecount="1" falsecount="0"/>
      <line num="10" count="2136" type="cond" truecount="1" falsecount="0"/>
      <line num="11" count="727" type="stmt"/>
      <line num="12" count="727" type="cond" truecount="0" falsecount="1"/>
      <line num="13" count="727" type="stmt"/>
      <line num="14" count="727" type="stmt"/>
      <line num="15" count="1409" type="cond" truecount="1" falsecount="0"/>
      <line num="16" count="2136" type="cond" truecount="1" falsecount="0"/>
      <line num="17" count="234" type="stmt"/>
      <line num="18" count="234" type="stmt"/>
      <line num="19" count="1175" type="cond" truecount="1" falsecount="0"/>
      <line num="20" count="2136" type="cond" truecount="1" falsecount="0"/>
      <line num="21" count="210" type="stmt"/>
      <line num="22" count="210" type="stmt"/>
      <line num="23" count="965" type="cond" truecount="1" falsecount="0"/>
      <line num="24" count="2136" type="cond" truecount="1" falsecount="0"/>
      <line num="25" count="41" type="stmt"/>
      <line num="26" count="41" type="stmt"/>
      <line num="27" count="41" type="stmt"/>
      <line num="28" count="41" type="stmt"/>
      <line num="29" count="41" type="stmt"/>
      <line num="30" count="41" type="stmt"/>
      <line num="31" count="41" type="stmt"/>
      <line num="32" count="41" type="stmt"/>
      <line num="33" count="41" type="stmt"/>
      <line num="34" count="41" type="stmt"/>
      <line num="35" count="41" type="stmt"/>
      <line num="36" count="41" type="stmt"/>
      <line num="37" count="41" type="stmt"/>
      <line num="38" count="41" type="stmt"/>
      <line num="39" count="41" type="stmt"/>
      <line num="40" count="41" type="stmt"/>
      <line num="41" count="41" type="stmt"/>
      <line num="42" count="924" type="cond" truecount="1" falsecount="0"/>
      <line num="43" count="924" type="stmt"/>
      <line num="44" count="924" type="stmt"/>
      <line num="45" count="924" type="stmt"/>
      <line num="46" count="924" type="stmt"/>
      <line num="47" count="924" type="stmt"/>
      <line num="48" count="924" type="stmt"/>
      <line num="49" count="924" type="stmt"/>
      <line num="50" count="924" type="stmt"/>
      <line num="51" count="924" type="stmt"/>
      <line num="52" count="924" type="stmt"/>
      <line num="53" count="924" type="stmt"/>
      <line num="54" count="924" type="stmt"/>
      <line num="55" count="924" type="stmt"/>
      <line num="56" count="924" type="stmt"/>
      <line num="57" count="924" type="stmt"/>
      <line num="58" count="924" type="stmt"/>
      <line num="59" count="924" type="cond" truecount="1" falsecount="0"/>
      <line num="60" count="25" type="cond" truecount="1" falsecount="0"/>
      <line num="61" count="25" type="cond" truecount="2" falsecount="0"/>
      <line num="62" count="25" type="stmt"/>
      <line num="63" count="25" type="stmt"/>
      <line num="64" count="25" type="stmt"/>
      <line num="65" count="25" type="stmt"/>
      <line num="66" count="25" type="stmt"/>
      <line num="67" count="25" type="stmt"/>
      <line num="68" count="25" type="stmt"/>
      <line num="69" count="924" type="stmt"/>
      <line num="70" count="0" type="cond" truecount="0" falsecount="1"/>
      <line num="71" count="0" type="stmt"/>
      <line num="72" count="0" type="stmt"/>
      <line num="73" count="0" type="stmt"/>
      <line num="74" count="0" type="stmt"/>
      <line num="75" count="0" type="stmt"/>
      <line num="76" count="0" type="stmt"/>
      <line num="77" count="0" type="stmt"/>
      <line num="78" count="0" type="stmt"/>
      <line num="79" count="0" type="stmt"/>
      <line num="80" count="0" type="stmt"/>
      <line num="81" count="0" type="stmt"/>
      <line num="82" count="0" type="stmt"/>
      <line num="83" count="0" type="stmt"/>
    </file>
  </project>
</coverage>
