{"/home/victorien/maykin/of/InferNoLogic/src/exceptions.ts": {"path":"/home/victorien/maykin/of/InferNoLogic/src/exceptions.ts","all":false,"statementMap":{"0":{"start":{"line":1,"column":0},"end":{"line":1,"column":43}},"1":{"start":{"line":2,"column":0},"end":{"line":2,"column":34}},"2":{"start":{"line":3,"column":0},"end":{"line":3,"column":23}},"3":{"start":{"line":4,"column":0},"end":{"line":4,"column":37}},"4":{"start":{"line":5,"column":0},"end":{"line":5,"column":5}},"5":{"start":{"line":6,"column":0},"end":{"line":6,"column":1}}},"s":{"0":1,"1":1,"2":25,"3":25,"4":25,"5":1},"branchMap":{"0":{"type":"branch","line":2,"loc":{"start":{"line":2,"column":4},"end":{"line":5,"column":5}},"locations":[{"start":{"line":2,"column":4},"end":{"line":5,"column":5}}]}},"b":{"0":[25]},"fnMap":{"0":{"name":"InferenceError","decl":{"start":{"line":2,"column":4},"end":{"line":5,"column":5}},"loc":{"start":{"line":2,"column":4},"end":{"line":5,"column":5}},"line":2}},"f":{"0":25}}
,"/home/victorien/maykin/of/InferNoLogic/src/helper.ts": {"path":"/home/victorien/maykin/of/InferNoLogic/src/helper.ts","all":false,"statementMap":{"0":{"start":{"line":1,"column":0},"end":{"line":1,"column":32}},"1":{"start":{"line":2,"column":0},"end":{"line":2,"column":2}},"2":{"start":{"line":3,"column":0},"end":{"line":3,"column":31}},"3":{"start":{"line":4,"column":0},"end":{"line":4,"column":8}},"4":{"start":{"line":5,"column":0},"end":{"line":5,"column":10}},"5":{"start":{"line":6,"column":0},"end":{"line":6,"column":14}},"6":{"start":{"line":7,"column":0},"end":{"line":7,"column":13}},"7":{"start":{"line":8,"column":0},"end":{"line":8,"column":11}},"8":{"start":{"line":9,"column":0},"end":{"line":9,"column":11}},"9":{"start":{"line":10,"column":0},"end":{"line":10,"column":26}},"10":{"start":{"line":11,"column":0},"end":{"line":11,"column":15}},"11":{"start":{"line":12,"column":0},"end":{"line":12,"column":12}},"12":{"start":{"line":13,"column":0},"end":{"line":13,"column":14}},"13":{"start":{"line":14,"column":0},"end":{"line":14,"column":18}},"14":{"start":{"line":15,"column":0},"end":{"line":15,"column":0}},"15":{"start":{"line":16,"column":0},"end":{"line":16,"column":44}},"16":{"start":{"line":17,"column":0},"end":{"line":17,"column":0}},"17":{"start":{"line":18,"column":0},"end":{"line":18,"column":16}},"18":{"start":{"line":19,"column":0},"end":{"line":19,"column":0}},"19":{"start":{"line":20,"column":0},"end":{"line":20,"column":28}},"20":{"start":{"line":21,"column":0},"end":{"line":21,"column":23}},"21":{"start":{"line":22,"column":0},"end":{"line":22,"column":26}},"22":{"start":{"line":23,"column":0},"end":{"line":23,"column":26}},"23":{"start":{"line":24,"column":0},"end":{"line":24,"column":24}},"24":{"start":{"line":25,"column":0},"end":{"line":25,"column":34}},"25":{"start":{"line":26,"column":0},"end":{"line":26,"column":43}},"26":{"start":{"line":27,"column":0},"end":{"line":27,"column":2}},"27":{"start":{"line":28,"column":0},"end":{"line":28,"column":0}},"28":{"start":{"line":29,"column":0},"end":{"line":29,"column":77}},"29":{"start":{"line":30,"column":0},"end":{"line":30,"column":70}},"30":{"start":{"line":31,"column":0},"end":{"line":31,"column":61}},"31":{"start":{"line":32,"column":0},"end":{"line":32,"column":26}},"32":{"start":{"line":33,"column":0},"end":{"line":33,"column":21}},"33":{"start":{"line":34,"column":0},"end":{"line":34,"column":27}},"34":{"start":{"line":35,"column":0},"end":{"line":35,"column":15}},"35":{"start":{"line":36,"column":0},"end":{"line":36,"column":12}},"36":{"start":{"line":37,"column":0},"end":{"line":37,"column":2}},"37":{"start":{"line":38,"column":0},"end":{"line":38,"column":0}},"38":{"start":{"line":39,"column":0},"end":{"line":39,"column":97}},"39":{"start":{"line":40,"column":0},"end":{"line":40,"column":15}},"40":{"start":{"line":41,"column":0},"end":{"line":41,"column":18}},"41":{"start":{"line":42,"column":0},"end":{"line":42,"column":38}},"42":{"start":{"line":43,"column":0},"end":{"line":43,"column":34}},"43":{"start":{"line":44,"column":0},"end":{"line":44,"column":25}},"44":{"start":{"line":45,"column":0},"end":{"line":45,"column":100}},"45":{"start":{"line":46,"column":0},"end":{"line":46,"column":3}},"46":{"start":{"line":47,"column":0},"end":{"line":47,"column":0}},"47":{"start":{"line":48,"column":0},"end":{"line":48,"column":32}},"48":{"start":{"line":49,"column":0},"end":{"line":49,"column":46}},"49":{"start":{"line":50,"column":0},"end":{"line":50,"column":17}},"50":{"start":{"line":51,"column":0},"end":{"line":51,"column":3}},"51":{"start":{"line":52,"column":0},"end":{"line":52,"column":0}},"52":{"start":{"line":53,"column":0},"end":{"line":53,"column":32}},"53":{"start":{"line":54,"column":0},"end":{"line":54,"column":60}},"54":{"start":{"line":55,"column":0},"end":{"line":55,"column":3}},"55":{"start":{"line":56,"column":0},"end":{"line":56,"column":0}},"56":{"start":{"line":57,"column":0},"end":{"line":57,"column":39}},"57":{"start":{"line":58,"column":0},"end":{"line":58,"column":52}},"58":{"start":{"line":59,"column":0},"end":{"line":59,"column":3}},"59":{"start":{"line":60,"column":0},"end":{"line":60,"column":25}},"60":{"start":{"line":61,"column":0},"end":{"line":61,"column":72}},"61":{"start":{"line":62,"column":0},"end":{"line":62,"column":12}},"62":{"start":{"line":63,"column":0},"end":{"line":63,"column":1}},"63":{"start":{"line":64,"column":0},"end":{"line":64,"column":0}},"64":{"start":{"line":65,"column":0},"end":{"line":65,"column":71}},"65":{"start":{"line":66,"column":0},"end":{"line":66,"column":27}},"66":{"start":{"line":67,"column":0},"end":{"line":67,"column":14}},"67":{"start":{"line":68,"column":0},"end":{"line":68,"column":78}},"68":{"start":{"line":69,"column":0},"end":{"line":69,"column":5}},"69":{"start":{"line":70,"column":0},"end":{"line":70,"column":2}},"70":{"start":{"line":71,"column":0},"end":{"line":71,"column":0}},"71":{"start":{"line":72,"column":0},"end":{"line":72,"column":20}},"72":{"start":{"line":73,"column":0},"end":{"line":73,"column":23}},"73":{"start":{"line":74,"column":0},"end":{"line":74,"column":48}},"74":{"start":{"line":75,"column":0},"end":{"line":75,"column":17}},"75":{"start":{"line":76,"column":0},"end":{"line":76,"column":28}},"76":{"start":{"line":77,"column":0},"end":{"line":77,"column":3}},"77":{"start":{"line":78,"column":0},"end":{"line":78,"column":0}},"78":{"start":{"line":79,"column":0},"end":{"line":79,"column":14}},"79":{"start":{"line":80,"column":0},"end":{"line":80,"column":36}},"80":{"start":{"line":81,"column":0},"end":{"line":81,"column":17}},"81":{"start":{"line":82,"column":0},"end":{"line":82,"column":11}},"82":{"start":{"line":83,"column":0},"end":{"line":83,"column":28}},"83":{"start":{"line":84,"column":0},"end":{"line":84,"column":17}},"84":{"start":{"line":85,"column":0},"end":{"line":85,"column":49}},"85":{"start":{"line":86,"column":0},"end":{"line":86,"column":16}},"86":{"start":{"line":87,"column":0},"end":{"line":87,"column":31}},"87":{"start":{"line":88,"column":0},"end":{"line":88,"column":40}},"88":{"start":{"line":89,"column":0},"end":{"line":89,"column":3}},"89":{"start":{"line":90,"column":0},"end":{"line":90,"column":0}},"90":{"start":{"line":91,"column":0},"end":{"line":91,"column":31}},"91":{"start":{"line":92,"column":0},"end":{"line":92,"column":71}},"92":{"start":{"line":93,"column":0},"end":{"line":93,"column":3}},"93":{"start":{"line":94,"column":0},"end":{"line":94,"column":0}},"94":{"start":{"line":95,"column":0},"end":{"line":95,"column":38}},"95":{"start":{"line":96,"column":0},"end":{"line":96,"column":39}},"96":{"start":{"line":97,"column":0},"end":{"line":97,"column":45}},"97":{"start":{"line":98,"column":0},"end":{"line":98,"column":3}},"98":{"start":{"line":99,"column":0},"end":{"line":99,"column":0}},"99":{"start":{"line":100,"column":0},"end":{"line":100,"column":25}},"100":{"start":{"line":101,"column":0},"end":{"line":101,"column":67}},"101":{"start":{"line":102,"column":0},"end":{"line":102,"column":11}},"102":{"start":{"line":103,"column":0},"end":{"line":103,"column":2}},"103":{"start":{"line":104,"column":0},"end":{"line":104,"column":0}},"104":{"start":{"line":105,"column":0},"end":{"line":105,"column":13}},"105":{"start":{"line":106,"column":0},"end":{"line":106,"column":71}},"106":{"start":{"line":107,"column":0},"end":{"line":107,"column":58}},"107":{"start":{"line":108,"column":0},"end":{"line":108,"column":25}},"108":{"start":{"line":109,"column":0},"end":{"line":109,"column":28}},"109":{"start":{"line":110,"column":0},"end":{"line":110,"column":48}},"110":{"start":{"line":111,"column":0},"end":{"line":111,"column":5}},"111":{"start":{"line":112,"column":0},"end":{"line":112,"column":11}},"112":{"start":{"line":113,"column":0},"end":{"line":113,"column":2}},"113":{"start":{"line":114,"column":0},"end":{"line":114,"column":0}},"114":{"start":{"line":115,"column":0},"end":{"line":115,"column":42}},"115":{"start":{"line":116,"column":0},"end":{"line":116,"column":26}},"116":{"start":{"line":117,"column":0},"end":{"line":117,"column":37}},"117":{"start":{"line":118,"column":0},"end":{"line":118,"column":2}},"118":{"start":{"line":119,"column":0},"end":{"line":119,"column":0}},"119":{"start":{"line":120,"column":0},"end":{"line":120,"column":59}},"120":{"start":{"line":121,"column":0},"end":{"line":121,"column":25}},"121":{"start":{"line":122,"column":0},"end":{"line":122,"column":50}},"122":{"start":{"line":123,"column":0},"end":{"line":123,"column":3}},"123":{"start":{"line":124,"column":0},"end":{"line":124,"column":0}},"124":{"start":{"line":125,"column":0},"end":{"line":125,"column":32}},"125":{"start":{"line":126,"column":0},"end":{"line":126,"column":21}},"126":{"start":{"line":127,"column":0},"end":{"line":127,"column":3}},"127":{"start":{"line":128,"column":0},"end":{"line":128,"column":0}},"128":{"start":{"line":129,"column":0},"end":{"line":129,"column":32}},"129":{"start":{"line":130,"column":0},"end":{"line":130,"column":39}},"130":{"start":{"line":131,"column":0},"end":{"line":131,"column":3}},"131":{"start":{"line":132,"column":0},"end":{"line":132,"column":0}},"132":{"start":{"line":133,"column":0},"end":{"line":133,"column":39}},"133":{"start":{"line":134,"column":0},"end":{"line":134,"column":60}},"134":{"start":{"line":135,"column":0},"end":{"line":135,"column":3}},"135":{"start":{"line":136,"column":0},"end":{"line":136,"column":0}},"136":{"start":{"line":137,"column":0},"end":{"line":137,"column":25}},"137":{"start":{"line":138,"column":0},"end":{"line":138,"column":72}},"138":{"start":{"line":139,"column":0},"end":{"line":139,"column":12}},"139":{"start":{"line":140,"column":0},"end":{"line":140,"column":2}},"140":{"start":{"line":141,"column":0},"end":{"line":141,"column":0}},"141":{"start":{"line":142,"column":0},"end":{"line":142,"column":8}},"142":{"start":{"line":143,"column":0},"end":{"line":143,"column":0}},"143":{"start":{"line":144,"column":0},"end":{"line":144,"column":22}},"144":{"start":{"line":145,"column":0},"end":{"line":145,"column":18}},"145":{"start":{"line":146,"column":0},"end":{"line":146,"column":18}},"146":{"start":{"line":147,"column":0},"end":{"line":147,"column":19}},"147":{"start":{"line":148,"column":0},"end":{"line":148,"column":26}},"148":{"start":{"line":149,"column":0},"end":{"line":149,"column":25}},"149":{"start":{"line":150,"column":0},"end":{"line":150,"column":20}},"150":{"start":{"line":151,"column":0},"end":{"line":151,"column":82}},"151":{"start":{"line":152,"column":0},"end":{"line":152,"column":32}},"152":{"start":{"line":153,"column":0},"end":{"line":153,"column":3}},"153":{"start":{"line":154,"column":0},"end":{"line":154,"column":0}},"154":{"start":{"line":155,"column":0},"end":{"line":155,"column":32}},"155":{"start":{"line":156,"column":0},"end":{"line":156,"column":31}},"156":{"start":{"line":157,"column":0},"end":{"line":157,"column":86}},"157":{"start":{"line":158,"column":0},"end":{"line":158,"column":0}},"158":{"start":{"line":159,"column":0},"end":{"line":159,"column":34}},"159":{"start":{"line":160,"column":0},"end":{"line":160,"column":39}},"160":{"start":{"line":161,"column":0},"end":{"line":161,"column":39}},"161":{"start":{"line":162,"column":0},"end":{"line":162,"column":74}},"162":{"start":{"line":163,"column":0},"end":{"line":163,"column":41}},"163":{"start":{"line":164,"column":0},"end":{"line":164,"column":22}},"164":{"start":{"line":165,"column":0},"end":{"line":165,"column":39}},"165":{"start":{"line":166,"column":0},"end":{"line":166,"column":74}},"166":{"start":{"line":167,"column":0},"end":{"line":167,"column":12}},"167":{"start":{"line":168,"column":0},"end":{"line":168,"column":29}},"168":{"start":{"line":169,"column":0},"end":{"line":169,"column":69}},"169":{"start":{"line":170,"column":0},"end":{"line":170,"column":16}},"170":{"start":{"line":171,"column":0},"end":{"line":171,"column":5}},"171":{"start":{"line":172,"column":0},"end":{"line":172,"column":29}},"172":{"start":{"line":173,"column":0},"end":{"line":173,"column":23}},"173":{"start":{"line":174,"column":0},"end":{"line":174,"column":7}},"174":{"start":{"line":175,"column":0},"end":{"line":175,"column":3}},"175":{"start":{"line":176,"column":0},"end":{"line":176,"column":0}},"176":{"start":{"line":177,"column":0},"end":{"line":177,"column":32}},"177":{"start":{"line":178,"column":0},"end":{"line":178,"column":51}},"178":{"start":{"line":179,"column":0},"end":{"line":179,"column":3}},"179":{"start":{"line":180,"column":0},"end":{"line":180,"column":0}},"180":{"start":{"line":181,"column":0},"end":{"line":181,"column":28}},"181":{"start":{"line":182,"column":0},"end":{"line":182,"column":73}},"182":{"start":{"line":183,"column":0},"end":{"line":183,"column":34}},"183":{"start":{"line":184,"column":0},"end":{"line":184,"column":3}},"184":{"start":{"line":185,"column":0},"end":{"line":185,"column":0}},"185":{"start":{"line":186,"column":0},"end":{"line":186,"column":46}},"186":{"start":{"line":187,"column":0},"end":{"line":187,"column":106}},"187":{"start":{"line":188,"column":0},"end":{"line":188,"column":3}},"188":{"start":{"line":189,"column":0},"end":{"line":189,"column":0}},"189":{"start":{"line":190,"column":0},"end":{"line":190,"column":45}},"190":{"start":{"line":191,"column":0},"end":{"line":191,"column":46}},"191":{"start":{"line":192,"column":0},"end":{"line":192,"column":10}},"192":{"start":{"line":193,"column":0},"end":{"line":193,"column":97}},"193":{"start":{"line":194,"column":0},"end":{"line":194,"column":6}},"194":{"start":{"line":195,"column":0},"end":{"line":195,"column":3}},"195":{"start":{"line":196,"column":0},"end":{"line":196,"column":11}},"196":{"start":{"line":197,"column":0},"end":{"line":197,"column":2}},"197":{"start":{"line":198,"column":0},"end":{"line":198,"column":0}},"198":{"start":{"line":199,"column":0},"end":{"line":199,"column":32}},"199":{"start":{"line":200,"column":0},"end":{"line":200,"column":33}},"200":{"start":{"line":201,"column":0},"end":{"line":201,"column":33}},"201":{"start":{"line":202,"column":0},"end":{"line":202,"column":19}},"202":{"start":{"line":203,"column":0},"end":{"line":203,"column":22}},"203":{"start":{"line":204,"column":0},"end":{"line":204,"column":21}},"204":{"start":{"line":205,"column":0},"end":{"line":205,"column":14}},"205":{"start":{"line":206,"column":0},"end":{"line":206,"column":74}},"206":{"start":{"line":207,"column":0},"end":{"line":207,"column":28}},"207":{"start":{"line":208,"column":0},"end":{"line":208,"column":93}},"208":{"start":{"line":209,"column":0},"end":{"line":209,"column":13}},"209":{"start":{"line":210,"column":0},"end":{"line":210,"column":31}},"210":{"start":{"line":211,"column":0},"end":{"line":211,"column":15}},"211":{"start":{"line":212,"column":0},"end":{"line":212,"column":3}},"212":{"start":{"line":213,"column":0},"end":{"line":213,"column":65}},"213":{"start":{"line":214,"column":0},"end":{"line":214,"column":2}},"214":{"start":{"line":215,"column":0},"end":{"line":215,"column":0}},"215":{"start":{"line":216,"column":0},"end":{"line":216,"column":61}},"216":{"start":{"line":217,"column":0},"end":{"line":217,"column":58}},"217":{"start":{"line":218,"column":0},"end":{"line":218,"column":92}},"218":{"start":{"line":219,"column":0},"end":{"line":219,"column":52}},"219":{"start":{"line":220,"column":0},"end":{"line":220,"column":52}},"220":{"start":{"line":221,"column":0},"end":{"line":221,"column":77}},"221":{"start":{"line":222,"column":0},"end":{"line":222,"column":26}},"222":{"start":{"line":223,"column":0},"end":{"line":223,"column":84}},"223":{"start":{"line":224,"column":0},"end":{"line":224,"column":25}},"224":{"start":{"line":225,"column":0},"end":{"line":225,"column":67}},"225":{"start":{"line":226,"column":0},"end":{"line":226,"column":11}},"226":{"start":{"line":227,"column":0},"end":{"line":227,"column":2}},"227":{"start":{"line":228,"column":0},"end":{"line":228,"column":0}},"228":{"start":{"line":229,"column":0},"end":{"line":229,"column":72}},"229":{"start":{"line":230,"column":0},"end":{"line":230,"column":53}},"230":{"start":{"line":231,"column":0},"end":{"line":231,"column":59}},"231":{"start":{"line":232,"column":0},"end":{"line":232,"column":40}},"232":{"start":{"line":233,"column":0},"end":{"line":233,"column":34}},"233":{"start":{"line":234,"column":0},"end":{"line":234,"column":42}},"234":{"start":{"line":235,"column":0},"end":{"line":235,"column":31}},"235":{"start":{"line":236,"column":0},"end":{"line":236,"column":4}},"236":{"start":{"line":237,"column":0},"end":{"line":237,"column":31}},"237":{"start":{"line":238,"column":0},"end":{"line":238,"column":40}},"238":{"start":{"line":239,"column":0},"end":{"line":239,"column":2}},"239":{"start":{"line":240,"column":0},"end":{"line":240,"column":0}},"240":{"start":{"line":241,"column":0},"end":{"line":241,"column":69}},"241":{"start":{"line":242,"column":0},"end":{"line":242,"column":32}},"242":{"start":{"line":243,"column":0},"end":{"line":243,"column":31}},"243":{"start":{"line":244,"column":0},"end":{"line":244,"column":3}},"244":{"start":{"line":245,"column":0},"end":{"line":245,"column":0}},"245":{"start":{"line":246,"column":0},"end":{"line":246,"column":32}},"246":{"start":{"line":247,"column":0},"end":{"line":247,"column":51}},"247":{"start":{"line":248,"column":0},"end":{"line":248,"column":3}},"248":{"start":{"line":249,"column":0},"end":{"line":249,"column":0}},"249":{"start":{"line":250,"column":0},"end":{"line":250,"column":25}},"250":{"start":{"line":251,"column":0},"end":{"line":251,"column":72}},"251":{"start":{"line":252,"column":0},"end":{"line":252,"column":12}},"252":{"start":{"line":253,"column":0},"end":{"line":253,"column":2}}},"s":{"0":1,"1":1,"2":1,"3":1,"4":1,"5":1,"6":1,"7":1,"8":1,"9":1,"10":1,"11":1,"12":1,"13":1,"14":1,"15":1,"16":1,"17":1,"18":1,"19":1,"20":1,"21":1,"22":1,"23":1,"24":1,"25":1,"26":1,"27":1,"28":1,"29":8003,"30":16052,"31":12213,"32":8003,"33":8003,"34":8003,"35":8003,"36":8003,"37":1,"38":1,"39":303939,"40":303939,"41":303939,"42":303939,"43":303939,"44":911,"45":911,"46":303028,"47":303939,"48":60074,"49":56016,"50":56016,"51":242954,"52":303939,"53":208840,"54":208840,"55":34114,"56":34114,"57":34114,"58":34114,"59":0,"60":0,"61":0,"62":0,"63":1,"64":1,"65":3839,"66":3839,"67":3839,"68":3839,"69":3839,"70":1,"71":1,"72":1,"73":1,"74":1417,"75":1417,"76":1,"77":1,"78":1,"79":1,"80":1,"81":1,"82":1,"83":3712,"84":3712,"85":3712,"86":3712,"87":1037,"88":1037,"89":2675,"90":3712,"91":2202,"92":2202,"93":473,"94":473,"95":473,"96":473,"97":473,"98":0,"99":0,"100":0,"101":0,"102":0,"103":1,"104":1,"105":1,"106":0,"107":0,"108":0,"109":0,"110":0,"111":0,"112":0,"113":1,"114":1,"115":0,"116":0,"117":0,"118":1,"119":1,"120":0,"121":0,"122":0,"123":0,"124":0,"125":0,"126":0,"127":0,"128":0,"129":0,"130":0,"131":0,"132":0,"133":0,"134":0,"135":0,"136":0,"137":0,"138":0,"139":0,"140":1,"141":1,"142":1,"143":1,"144":4021,"145":4021,"146":4021,"147":4021,"148":4021,"149":4021,"150":4021,"151":0,"152":0,"153":4021,"154":4021,"155":1410,"156":1410,"157":1410,"158":1410,"159":37,"160":37,"161":37,"162":1410,"163":1373,"164":1373,"165":1373,"166":1373,"167":0,"168":0,"169":0,"170":0,"171":1410,"172":1410,"173":1410,"174":1410,"175":2611,"176":4021,"177":1003,"178":1003,"179":1608,"180":4021,"181":25,"182":25,"183":25,"184":1583,"185":4021,"186":0,"187":0,"188":1583,"189":1583,"190":4021,"191":2115,"192":2115,"193":2115,"194":2115,"195":1551,"196":1551,"197":1,"198":1,"199":25,"200":25,"201":25,"202":25,"203":25,"204":25,"205":25,"206":25,"207":25,"208":25,"209":25,"210":25,"211":25,"212":0,"213":0,"214":1,"215":1,"216":76,"217":76,"218":76,"219":15,"220":0,"221":0,"222":0,"223":0,"224":0,"225":0,"226":0,"227":1,"228":1,"229":4230,"230":4230,"231":0,"232":0,"233":0,"234":0,"235":4230,"236":4230,"237":4230,"238":4230,"239":1,"240":1,"241":3424,"242":289,"243":289,"244":3135,"245":3135,"246":3135,"247":3135,"248":0,"249":0,"250":0,"251":0,"252":0},"branchMap":{"0":{"type":"branch","line":29,"loc":{"start":{"line":29,"column":32},"end":{"line":37,"column":2}},"locations":[{"start":{"line":29,"column":32},"end":{"line":37,"column":2}}]},"1":{"type":"branch","line":30,"loc":{"start":{"line":30,"column":14},"end":{"line":33,"column":3}},"locations":[{"start":{"line":30,"column":14},"end":{"line":33,"column":3}}]},"2":{"type":"branch","line":31,"loc":{"start":{"line":31,"column":37},"end":{"line":31,"column":61}},"locations":[{"start":{"line":31,"column":37},"end":{"line":31,"column":61}}]},"3":{"type":"branch","line":32,"loc":{"start":{"line":32,"column":-1},"end":{"line":33,"column":3}},"locations":[{"start":{"line":32,"column":-1},"end":{"line":33,"column":3}}]},"4":{"type":"branch","line":40,"loc":{"start":{"line":40,"column":0},"end":{"line":63,"column":1}},"locations":[{"start":{"line":40,"column":0},"end":{"line":63,"column":1}}]},"5":{"type":"branch","line":44,"loc":{"start":{"line":44,"column":24},"end":{"line":46,"column":3}},"locations":[{"start":{"line":44,"column":24},"end":{"line":46,"column":3}}]},"6":{"type":"branch","line":47,"loc":{"start":{"line":47,"column":-1},"end":{"line":48,"column":31}},"locations":[{"start":{"line":47,"column":-1},"end":{"line":48,"column":31}}]},"7":{"type":"branch","line":48,"loc":{"start":{"line":48,"column":31},"end":{"line":51,"column":3}},"locations":[{"start":{"line":48,"column":31},"end":{"line":51,"column":3}}]},"8":{"type":"branch","line":49,"loc":{"start":{"line":49,"column":24},"end":{"line":49,"column":46}},"locations":[{"start":{"line":49,"column":24},"end":{"line":49,"column":46}}]},"9":{"type":"branch","line":50,"loc":{"start":{"line":50,"column":-1},"end":{"line":51,"column":3}},"locations":[{"start":{"line":50,"column":-1},"end":{"line":51,"column":3}}]},"10":{"type":"branch","line":52,"loc":{"start":{"line":52,"column":-1},"end":{"line":53,"column":31}},"locations":[{"start":{"line":52,"column":-1},"end":{"line":53,"column":31}}]},"11":{"type":"branch","line":53,"loc":{"start":{"line":53,"column":31},"end":{"line":55,"column":3}},"locations":[{"start":{"line":53,"column":31},"end":{"line":55,"column":3}}]},"12":{"type":"branch","line":56,"loc":{"start":{"line":56,"column":-1},"end":{"line":59,"column":3}},"locations":[{"start":{"line":56,"column":-1},"end":{"line":59,"column":3}}]},"13":{"type":"branch","line":60,"loc":{"start":{"line":60,"column":-1},"end":{"line":63,"column":1}},"locations":[{"start":{"line":60,"column":-1},"end":{"line":63,"column":1}}]},"14":{"type":"branch","line":45,"loc":{"start":{"line":45,"column":68},"end":{"line":45,"column":96}},"locations":[{"start":{"line":45,"column":68},"end":{"line":45,"column":96}}]},"15":{"type":"branch","line":54,"loc":{"start":{"line":54,"column":41},"end":{"line":54,"column":57}},"locations":[{"start":{"line":54,"column":41},"end":{"line":54,"column":57}}]},"16":{"type":"branch","line":60,"loc":{"start":{"line":60,"column":3},"end":{"line":62,"column":3}},"locations":[{"start":{"line":60,"column":3},"end":{"line":62,"column":3}}]},"17":{"type":"branch","line":65,"loc":{"start":{"line":65,"column":16},"end":{"line":70,"column":2}},"locations":[{"start":{"line":65,"column":16},"end":{"line":70,"column":2}}]},"18":{"type":"branch","line":68,"loc":{"start":{"line":68,"column":53},"end":{"line":68,"column":75}},"locations":[{"start":{"line":68,"column":53},"end":{"line":68,"column":75}}]},"19":{"type":"branch","line":74,"loc":{"start":{"line":74,"column":26},"end":{"line":77,"column":2}},"locations":[{"start":{"line":74,"column":26},"end":{"line":77,"column":2}}]},"20":{"type":"branch","line":83,"loc":{"start":{"line":83,"column":27},"end":{"line":103,"column":2}},"locations":[{"start":{"line":83,"column":27},"end":{"line":103,"column":2}}]},"21":{"type":"branch","line":87,"loc":{"start":{"line":87,"column":30},"end":{"line":89,"column":3}},"locations":[{"start":{"line":87,"column":30},"end":{"line":89,"column":3}}]},"22":{"type":"branch","line":88,"loc":{"start":{"line":88,"column":31},"end":{"line":88,"column":35}},"locations":[{"start":{"line":88,"column":31},"end":{"line":88,"column":35}}]},"23":{"type":"branch","line":88,"loc":{"start":{"line":88,"column":31},"end":{"line":88,"column":39}},"locations":[{"start":{"line":88,"column":31},"end":{"line":88,"column":39}}]},"24":{"type":"branch","line":90,"loc":{"start":{"line":90,"column":-1},"end":{"line":91,"column":30}},"locations":[{"start":{"line":90,"column":-1},"end":{"line":91,"column":30}}]},"25":{"type":"branch","line":91,"loc":{"start":{"line":91,"column":30},"end":{"line":93,"column":3}},"locations":[{"start":{"line":91,"column":30},"end":{"line":93,"column":3}}]},"26":{"type":"branch","line":94,"loc":{"start":{"line":94,"column":-1},"end":{"line":98,"column":3}},"locations":[{"start":{"line":94,"column":-1},"end":{"line":98,"column":3}}]},"27":{"type":"branch","line":99,"loc":{"start":{"line":99,"column":-1},"end":{"line":103,"column":2}},"locations":[{"start":{"line":99,"column":-1},"end":{"line":103,"column":2}}]},"28":{"type":"branch","line":92,"loc":{"start":{"line":92,"column":39},"end":{"line":92,"column":68}},"locations":[{"start":{"line":92,"column":39},"end":{"line":92,"column":68}}]},"29":{"type":"branch","line":100,"loc":{"start":{"line":100,"column":3},"end":{"line":102,"column":3}},"locations":[{"start":{"line":100,"column":3},"end":{"line":102,"column":3}}]},"30":{"type":"branch","line":144,"loc":{"start":{"line":144,"column":21},"end":{"line":197,"column":2}},"locations":[{"start":{"line":144,"column":21},"end":{"line":197,"column":2}}]},"31":{"type":"branch","line":151,"loc":{"start":{"line":151,"column":29},"end":{"line":151,"column":56}},"locations":[{"start":{"line":151,"column":29},"end":{"line":151,"column":56}}]},"32":{"type":"branch","line":151,"loc":{"start":{"line":151,"column":56},"end":{"line":151,"column":79}},"locations":[{"start":{"line":151,"column":56},"end":{"line":151,"column":79}}]},"33":{"type":"branch","line":151,"loc":{"start":{"line":151,"column":81},"end":{"line":153,"column":3}},"locations":[{"start":{"line":151,"column":81},"end":{"line":153,"column":3}}]},"34":{"type":"branch","line":155,"loc":{"start":{"line":155,"column":31},"end":{"line":175,"column":3}},"locations":[{"start":{"line":155,"column":31},"end":{"line":175,"column":3}}]},"35":{"type":"branch","line":157,"loc":{"start":{"line":157,"column":6},"end":{"line":157,"column":86}},"locations":[{"start":{"line":157,"column":6},"end":{"line":157,"column":86}}]},"36":{"type":"branch","line":159,"loc":{"start":{"line":159,"column":33},"end":{"line":163,"column":11}},"locations":[{"start":{"line":159,"column":33},"end":{"line":163,"column":11}}]},"37":{"type":"branch","line":163,"loc":{"start":{"line":163,"column":5},"end":{"line":171,"column":5}},"locations":[{"start":{"line":163,"column":5},"end":{"line":171,"column":5}}]},"38":{"type":"branch","line":167,"loc":{"start":{"line":167,"column":5},"end":{"line":171,"column":5}},"locations":[{"start":{"line":167,"column":5},"end":{"line":171,"column":5}}]},"39":{"type":"branch","line":176,"loc":{"start":{"line":176,"column":-1},"end":{"line":177,"column":31}},"locations":[{"start":{"line":176,"column":-1},"end":{"line":177,"column":31}}]},"40":{"type":"branch","line":177,"loc":{"start":{"line":177,"column":31},"end":{"line":179,"column":3}},"locations":[{"start":{"line":177,"column":31},"end":{"line":179,"column":3}}]},"41":{"type":"branch","line":180,"loc":{"start":{"line":180,"column":-1},"end":{"line":181,"column":27}},"locations":[{"start":{"line":180,"column":-1},"end":{"line":181,"column":27}}]},"42":{"type":"branch","line":181,"loc":{"start":{"line":181,"column":27},"end":{"line":184,"column":3}},"locations":[{"start":{"line":181,"column":27},"end":{"line":184,"column":3}}]},"43":{"type":"branch","line":185,"loc":{"start":{"line":185,"column":-1},"end":{"line":186,"column":45}},"locations":[{"start":{"line":185,"column":-1},"end":{"line":186,"column":45}}]},"44":{"type":"branch","line":186,"loc":{"start":{"line":186,"column":45},"end":{"line":188,"column":3}},"locations":[{"start":{"line":186,"column":45},"end":{"line":188,"column":3}}]},"45":{"type":"branch","line":189,"loc":{"start":{"line":189,"column":-1},"end":{"line":191,"column":45}},"locations":[{"start":{"line":189,"column":-1},"end":{"line":191,"column":45}}]},"46":{"type":"branch","line":191,"loc":{"start":{"line":191,"column":45},"end":{"line":195,"column":3}},"locations":[{"start":{"line":191,"column":45},"end":{"line":195,"column":3}}]},"47":{"type":"branch","line":196,"loc":{"start":{"line":196,"column":-1},"end":{"line":197,"column":2}},"locations":[{"start":{"line":196,"column":-1},"end":{"line":197,"column":2}}]},"48":{"type":"branch","line":168,"loc":{"start":{"line":168,"column":7},"end":{"line":170,"column":7}},"locations":[{"start":{"line":168,"column":7},"end":{"line":170,"column":7}}]},"49":{"type":"branch","line":199,"loc":{"start":{"line":199,"column":31},"end":{"line":214,"column":2}},"locations":[{"start":{"line":199,"column":31},"end":{"line":214,"column":2}}]},"50":{"type":"branch","line":213,"loc":{"start":{"line":213,"column":-1},"end":{"line":214,"column":2}},"locations":[{"start":{"line":213,"column":-1},"end":{"line":214,"column":2}}]},"51":{"type":"branch","line":216,"loc":{"start":{"line":216,"column":30},"end":{"line":227,"column":2}},"locations":[{"start":{"line":216,"column":30},"end":{"line":227,"column":2}}]},"52":{"type":"branch","line":217,"loc":{"start":{"line":217,"column":27},"end":{"line":217,"column":58}},"locations":[{"start":{"line":217,"column":27},"end":{"line":217,"column":58}}]},"53":{"type":"branch","line":218,"loc":{"start":{"line":218,"column":-1},"end":{"line":218,"column":34}},"locations":[{"start":{"line":218,"column":-1},"end":{"line":218,"column":34}}]},"54":{"type":"branch","line":218,"loc":{"start":{"line":218,"column":27},"end":{"line":218,"column":92}},"locations":[{"start":{"line":218,"column":27},"end":{"line":218,"column":92}}]},"55":{"type":"branch","line":218,"loc":{"start":{"line":218,"column":61},"end":{"line":218,"column":82}},"locations":[{"start":{"line":218,"column":61},"end":{"line":218,"column":82}}]},"56":{"type":"branch","line":218,"loc":{"start":{"line":218,"column":83},"end":{"line":218,"column":91}},"locations":[{"start":{"line":218,"column":83},"end":{"line":218,"column":91}}]},"57":{"type":"branch","line":219,"loc":{"start":{"line":219,"column":-1},"end":{"line":219,"column":34}},"locations":[{"start":{"line":219,"column":-1},"end":{"line":219,"column":34}}]},"58":{"type":"branch","line":219,"loc":{"start":{"line":219,"column":27},"end":{"line":219,"column":52}},"locations":[{"start":{"line":219,"column":27},"end":{"line":219,"column":52}}]},"59":{"type":"branch","line":220,"loc":{"start":{"line":220,"column":-1},"end":{"line":220,"column":52}},"locations":[{"start":{"line":220,"column":-1},"end":{"line":220,"column":52}}]},"60":{"type":"branch","line":221,"loc":{"start":{"line":221,"column":-1},"end":{"line":227,"column":2}},"locations":[{"start":{"line":221,"column":-1},"end":{"line":227,"column":2}}]},"61":{"type":"branch","line":224,"loc":{"start":{"line":224,"column":3},"end":{"line":226,"column":3}},"locations":[{"start":{"line":224,"column":3},"end":{"line":226,"column":3}}]},"62":{"type":"branch","line":229,"loc":{"start":{"line":229,"column":16},"end":{"line":239,"column":2}},"locations":[{"start":{"line":229,"column":16},"end":{"line":239,"column":2}}]},"63":{"type":"branch","line":230,"loc":{"start":{"line":230,"column":19},"end":{"line":236,"column":3}},"locations":[{"start":{"line":230,"column":19},"end":{"line":236,"column":3}}]},"64":{"type":"branch","line":231,"loc":{"start":{"line":231,"column":30},"end":{"line":231,"column":47}},"locations":[{"start":{"line":231,"column":30},"end":{"line":231,"column":47}}]},"65":{"type":"branch","line":232,"loc":{"start":{"line":232,"column":-1},"end":{"line":236,"column":3}},"locations":[{"start":{"line":232,"column":-1},"end":{"line":236,"column":3}}]},"66":{"type":"branch","line":241,"loc":{"start":{"line":241,"column":17},"end":{"line":253,"column":2}},"locations":[{"start":{"line":241,"column":17},"end":{"line":253,"column":2}}]},"67":{"type":"branch","line":242,"loc":{"start":{"line":242,"column":31},"end":{"line":244,"column":3}},"locations":[{"start":{"line":242,"column":31},"end":{"line":244,"column":3}}]},"68":{"type":"branch","line":245,"loc":{"start":{"line":245,"column":-1},"end":{"line":248,"column":3}},"locations":[{"start":{"line":245,"column":-1},"end":{"line":248,"column":3}}]},"69":{"type":"branch","line":249,"loc":{"start":{"line":249,"column":-1},"end":{"line":253,"column":2}},"locations":[{"start":{"line":249,"column":-1},"end":{"line":253,"column":2}}]},"70":{"type":"branch","line":247,"loc":{"start":{"line":247,"column":26},"end":{"line":247,"column":49}},"locations":[{"start":{"line":247,"column":26},"end":{"line":247,"column":49}}]},"71":{"type":"branch","line":250,"loc":{"start":{"line":250,"column":3},"end":{"line":252,"column":3}},"locations":[{"start":{"line":250,"column":3},"end":{"line":252,"column":3}}]}},"b":{"0":[8003],"1":[16052],"2":[3839],"3":[12213],"4":[303939],"5":[911],"6":[303028],"7":[60074],"8":[4058],"9":[56016],"10":[242954],"11":[208840],"12":[34114],"13":[0],"14":[46105],"15":[211507],"16":[0],"17":[3839],"18":[5250],"19":[1417],"20":[3712],"21":[1037],"22":[913],"23":[124],"24":[2675],"25":[2202],"26":[473],"27":[0],"28":[2512],"29":[0],"30":[4021],"31":[1410],"32":[37],"33":[0],"34":[1410],"35":[0],"36":[37],"37":[1373],"38":[0],"39":[2611],"40":[1003],"41":[1608],"42":[25],"43":[1583],"44":[0],"45":[1583],"46":[2115],"47":[1551],"48":[0],"49":[25],"50":[0],"51":[76],"52":[26],"53":[50],"54":[34],"55":[2],"56":[32],"57":[16],"58":[1],"59":[15],"60":[0],"61":[0],"62":[4230],"63":[4230],"64":[0],"65":[0],"66":[3424],"67":[289],"68":[3135],"69":[0],"70":[2014],"71":[0]},"fnMap":{"0":{"name":"makeSubstitution","decl":{"start":{"line":29,"column":32},"end":{"line":37,"column":2}},"loc":{"start":{"line":29,"column":32},"end":{"line":37,"column":2}},"line":29},"1":{"name":"fn","decl":{"start":{"line":30,"column":14},"end":{"line":33,"column":3}},"loc":{"start":{"line":30,"column":14},"end":{"line":33,"column":3}},"line":30},"2":{"name":"apply","decl":{"start":{"line":40,"column":0},"end":{"line":63,"column":1}},"loc":{"start":{"line":40,"column":0},"end":{"line":63,"column":1}},"line":40},"3":{"name":"combine","decl":{"start":{"line":65,"column":16},"end":{"line":70,"column":2}},"loc":{"start":{"line":65,"column":16},"end":{"line":70,"column":2}},"line":65},"4":{"name":"newTypeVar","decl":{"start":{"line":74,"column":26},"end":{"line":77,"column":2}},"loc":{"start":{"line":74,"column":26},"end":{"line":77,"column":2}},"line":74},"5":{"name":"instantiate","decl":{"start":{"line":83,"column":27},"end":{"line":103,"column":2}},"loc":{"start":{"line":83,"column":27},"end":{"line":103,"column":2}},"line":83},"6":{"name":"generalise","decl":{"start":{"line":106,"column":26},"end":{"line":113,"column":2}},"loc":{"start":{"line":106,"column":26},"end":{"line":113,"column":2}},"line":106},"7":{"name":"diff","decl":{"start":{"line":115,"column":13},"end":{"line":118,"column":2}},"loc":{"start":{"line":115,"column":13},"end":{"line":118,"column":2}},"line":115},"8":{"name":"freeVars","decl":{"start":{"line":120,"column":17},"end":{"line":140,"column":2}},"loc":{"start":{"line":120,"column":17},"end":{"line":140,"column":2}},"line":120},"9":{"name":"unify","decl":{"start":{"line":144,"column":21},"end":{"line":197,"column":2}},"loc":{"start":{"line":144,"column":21},"end":{"line":197,"column":2}},"line":144},"10":{"name":"formatUnificationError","decl":{"start":{"line":199,"column":31},"end":{"line":214,"column":2}},"loc":{"start":{"line":199,"column":31},"end":{"line":214,"column":2}},"line":199},"11":{"name":"reprExpression","decl":{"start":{"line":216,"column":30},"end":{"line":227,"column":2}},"loc":{"start":{"line":216,"column":30},"end":{"line":227,"column":2}},"line":216},"12":{"name":"addHist","decl":{"start":{"line":229,"column":16},"end":{"line":239,"column":2}},"loc":{"start":{"line":229,"column":16},"end":{"line":239,"column":2}},"line":229},"13":{"name":"_addHist","decl":{"start":{"line":230,"column":19},"end":{"line":236,"column":3}},"loc":{"start":{"line":230,"column":19},"end":{"line":236,"column":3}},"line":230},"14":{"name":"contains","decl":{"start":{"line":241,"column":17},"end":{"line":253,"column":2}},"loc":{"start":{"line":241,"column":17},"end":{"line":253,"column":2}},"line":241}},"f":{"0":8003,"1":16052,"2":303939,"3":3839,"4":1417,"5":3712,"6":0,"7":0,"8":0,"9":4021,"10":25,"11":76,"12":4230,"13":4230,"14":3424}}
,"/home/victorien/maykin/of/InferNoLogic/src/m.ts": {"path":"/home/victorien/maykin/of/InferNoLogic/src/m.ts","all":false,"statementMap":{"0":{"start":{"line":1,"column":0},"end":{"line":1,"column":32}},"1":{"start":{"line":2,"column":0},"end":{"line":2,"column":2}},"2":{"start":{"line":3,"column":0},"end":{"line":3,"column":31}},"3":{"start":{"line":4,"column":0},"end":{"line":4,"column":82}},"4":{"start":{"line":5,"column":0},"end":{"line":5,"column":68}},"5":{"start":{"line":6,"column":0},"end":{"line":6,"column":44}},"6":{"start":{"line":7,"column":0},"end":{"line":7,"column":0}},"7":{"start":{"line":8,"column":0},"end":{"line":8,"column":87}},"8":{"start":{"line":9,"column":0},"end":{"line":9,"column":28}},"9":{"start":{"line":10,"column":0},"end":{"line":10,"column":85}},"10":{"start":{"line":11,"column":0},"end":{"line":11,"column":0}},"11":{"start":{"line":12,"column":0},"end":{"line":12,"column":33}},"12":{"start":{"line":13,"column":0},"end":{"line":13,"column":87}},"13":{"start":{"line":14,"column":0},"end":{"line":14,"column":49}},"14":{"start":{"line":15,"column":0},"end":{"line":15,"column":3}},"15":{"start":{"line":16,"column":0},"end":{"line":16,"column":0}},"16":{"start":{"line":17,"column":0},"end":{"line":17,"column":28}},"17":{"start":{"line":18,"column":0},"end":{"line":18,"column":69}},"18":{"start":{"line":19,"column":0},"end":{"line":19,"column":3}},"19":{"start":{"line":20,"column":0},"end":{"line":20,"column":0}},"20":{"start":{"line":21,"column":0},"end":{"line":21,"column":28}},"21":{"start":{"line":22,"column":0},"end":{"line":22,"column":69}},"22":{"start":{"line":23,"column":0},"end":{"line":23,"column":3}},"23":{"start":{"line":24,"column":0},"end":{"line":24,"column":0}},"24":{"start":{"line":25,"column":0},"end":{"line":25,"column":28}},"25":{"start":{"line":26,"column":0},"end":{"line":26,"column":31}},"26":{"start":{"line":27,"column":0},"end":{"line":27,"column":31}},"27":{"start":{"line":28,"column":0},"end":{"line":28,"column":21}},"28":{"start":{"line":29,"column":0},"end":{"line":29,"column":11}},"29":{"start":{"line":30,"column":0},"end":{"line":30,"column":7}},"30":{"start":{"line":31,"column":0},"end":{"line":31,"column":23}},"31":{"start":{"line":32,"column":0},"end":{"line":32,"column":16}},"32":{"start":{"line":33,"column":0},"end":{"line":33,"column":28}},"33":{"start":{"line":34,"column":0},"end":{"line":34,"column":8}},"34":{"start":{"line":35,"column":0},"end":{"line":35,"column":10}},"35":{"start":{"line":36,"column":0},"end":{"line":36,"column":6}},"36":{"start":{"line":37,"column":0},"end":{"line":37,"column":17}},"37":{"start":{"line":38,"column":0},"end":{"line":38,"column":19}},"38":{"start":{"line":39,"column":0},"end":{"line":39,"column":22}},"39":{"start":{"line":40,"column":0},"end":{"line":40,"column":28}},"40":{"start":{"line":41,"column":0},"end":{"line":41,"column":9}},"41":{"start":{"line":42,"column":0},"end":{"line":42,"column":13}},"42":{"start":{"line":43,"column":0},"end":{"line":43,"column":15}},"43":{"start":{"line":44,"column":0},"end":{"line":44,"column":6}},"44":{"start":{"line":45,"column":0},"end":{"line":45,"column":18}},"45":{"start":{"line":46,"column":0},"end":{"line":46,"column":3}},"46":{"start":{"line":47,"column":0},"end":{"line":47,"column":0}},"47":{"start":{"line":48,"column":0},"end":{"line":48,"column":28}},"48":{"start":{"line":49,"column":0},"end":{"line":49,"column":30}},"49":{"start":{"line":50,"column":0},"end":{"line":50,"column":35}},"50":{"start":{"line":51,"column":0},"end":{"line":51,"column":21}},"51":{"start":{"line":52,"column":0},"end":{"line":52,"column":14}},"52":{"start":{"line":53,"column":0},"end":{"line":53,"column":24}},"53":{"start":{"line":54,"column":0},"end":{"line":54,"column":7}},"54":{"start":{"line":55,"column":0},"end":{"line":55,"column":48}},"55":{"start":{"line":56,"column":0},"end":{"line":56,"column":18}},"56":{"start":{"line":57,"column":0},"end":{"line":57,"column":3}},"57":{"start":{"line":58,"column":0},"end":{"line":58,"column":0}},"58":{"start":{"line":59,"column":0},"end":{"line":59,"column":28}},"59":{"start":{"line":60,"column":0},"end":{"line":60,"column":30}},"60":{"start":{"line":61,"column":0},"end":{"line":61,"column":40}},"61":{"start":{"line":62,"column":0},"end":{"line":62,"column":17}},"62":{"start":{"line":63,"column":0},"end":{"line":63,"column":19}},"63":{"start":{"line":64,"column":0},"end":{"line":64,"column":22}},"64":{"start":{"line":65,"column":0},"end":{"line":65,"column":51}},"65":{"start":{"line":66,"column":0},"end":{"line":66,"column":9}},"66":{"start":{"line":67,"column":0},"end":{"line":67,"column":14}},"67":{"start":{"line":68,"column":0},"end":{"line":68,"column":14}},"68":{"start":{"line":69,"column":0},"end":{"line":69,"column":6}},"69":{"start":{"line":70,"column":0},"end":{"line":70,"column":18}},"70":{"start":{"line":71,"column":0},"end":{"line":71,"column":3}},"71":{"start":{"line":72,"column":0},"end":{"line":72,"column":0}},"72":{"start":{"line":73,"column":0},"end":{"line":73,"column":54}},"73":{"start":{"line":74,"column":0},"end":{"line":74,"column":2}}},"s":{"0":1,"1":1,"2":1,"3":1,"4":1,"5":1,"6":1,"7":1,"8":0,"9":0,"10":0,"11":0,"12":0,"13":0,"14":0,"15":0,"16":0,"17":0,"18":0,"19":0,"20":0,"21":0,"22":0,"23":0,"24":0,"25":0,"26":0,"27":0,"28":0,"29":0,"30":0,"31":0,"32":0,"33":0,"34":0,"35":0,"36":0,"37":0,"38":0,"39":0,"40":0,"41":0,"42":0,"43":0,"44":0,"45":0,"46":0,"47":0,"48":0,"49":0,"50":0,"51":0,"52":0,"53":0,"54":0,"55":0,"56":0,"57":0,"58":0,"59":0,"60":0,"61":0,"62":0,"63":0,"64":0,"65":0,"66":0,"67":0,"68":0,"69":0,"70":0,"71":0,"72":0,"73":0},"branchMap":{},"b":{},"fnMap":{"0":{"name":"M","decl":{"start":{"line":8,"column":17},"end":{"line":74,"column":2}},"loc":{"start":{"line":8,"column":17},"end":{"line":74,"column":2}},"line":8}},"f":{"0":0}}
,"/home/victorien/maykin/of/InferNoLogic/src/models.ts": {"path":"/home/victorien/maykin/of/InferNoLogic/src/models.ts","all":false,"statementMap":{"0":{"start":{"line":1,"column":0},"end":{"line":1,"column":32}},"1":{"start":{"line":2,"column":0},"end":{"line":2,"column":28}},"2":{"start":{"line":3,"column":0},"end":{"line":3,"column":2}},"3":{"start":{"line":4,"column":0},"end":{"line":4,"column":31}},"4":{"start":{"line":5,"column":0},"end":{"line":5,"column":0}},"5":{"start":{"line":6,"column":0},"end":{"line":6,"column":14}},"6":{"start":{"line":7,"column":0},"end":{"line":7,"column":0}},"7":{"start":{"line":8,"column":0},"end":{"line":8,"column":10}},"8":{"start":{"line":9,"column":0},"end":{"line":9,"column":14}},"9":{"start":{"line":10,"column":0},"end":{"line":10,"column":16}},"10":{"start":{"line":11,"column":0},"end":{"line":11,"column":25}},"11":{"start":{"line":12,"column":0},"end":{"line":12,"column":0}},"12":{"start":{"line":13,"column":0},"end":{"line":13,"column":24}},"13":{"start":{"line":14,"column":0},"end":{"line":14,"column":22}},"14":{"start":{"line":15,"column":0},"end":{"line":15,"column":25}},"15":{"start":{"line":16,"column":0},"end":{"line":16,"column":25}},"16":{"start":{"line":17,"column":0},"end":{"line":17,"column":17}},"17":{"start":{"line":18,"column":0},"end":{"line":18,"column":17}},"18":{"start":{"line":19,"column":0},"end":{"line":19,"column":18}},"19":{"start":{"line":20,"column":0},"end":{"line":20,"column":0}},"20":{"start":{"line":21,"column":0},"end":{"line":21,"column":32}},"21":{"start":{"line":22,"column":0},"end":{"line":22,"column":14}},"22":{"start":{"line":23,"column":0},"end":{"line":23,"column":12}},"23":{"start":{"line":24,"column":0},"end":{"line":24,"column":1}},"24":{"start":{"line":25,"column":0},"end":{"line":25,"column":0}},"25":{"start":{"line":26,"column":0},"end":{"line":26,"column":32}},"26":{"start":{"line":27,"column":0},"end":{"line":27,"column":14}},"27":{"start":{"line":28,"column":0},"end":{"line":28,"column":12}},"28":{"start":{"line":29,"column":0},"end":{"line":29,"column":1}},"29":{"start":{"line":30,"column":0},"end":{"line":30,"column":0}},"30":{"start":{"line":31,"column":0},"end":{"line":31,"column":37}},"31":{"start":{"line":32,"column":0},"end":{"line":32,"column":14}},"32":{"start":{"line":33,"column":0},"end":{"line":33,"column":12}},"33":{"start":{"line":34,"column":0},"end":{"line":34,"column":1}},"34":{"start":{"line":35,"column":0},"end":{"line":35,"column":0}},"35":{"start":{"line":36,"column":0},"end":{"line":36,"column":40}},"36":{"start":{"line":37,"column":0},"end":{"line":37,"column":14}},"37":{"start":{"line":38,"column":0},"end":{"line":38,"column":17}},"38":{"start":{"line":39,"column":0},"end":{"line":39,"column":17}},"39":{"start":{"line":40,"column":0},"end":{"line":40,"column":1}},"40":{"start":{"line":41,"column":0},"end":{"line":41,"column":0}},"41":{"start":{"line":42,"column":0},"end":{"line":42,"column":40}},"42":{"start":{"line":43,"column":0},"end":{"line":43,"column":14}},"43":{"start":{"line":44,"column":0},"end":{"line":44,"column":12}},"44":{"start":{"line":45,"column":0},"end":{"line":45,"column":16}},"45":{"start":{"line":46,"column":0},"end":{"line":46,"column":1}},"46":{"start":{"line":47,"column":0},"end":{"line":47,"column":0}},"47":{"start":{"line":48,"column":0},"end":{"line":48,"column":32}},"48":{"start":{"line":49,"column":0},"end":{"line":49,"column":14}},"49":{"start":{"line":50,"column":0},"end":{"line":50,"column":12}},"50":{"start":{"line":51,"column":0},"end":{"line":51,"column":17}},"51":{"start":{"line":52,"column":0},"end":{"line":52,"column":17}},"52":{"start":{"line":53,"column":0},"end":{"line":53,"column":1}},"53":{"start":{"line":54,"column":0},"end":{"line":54,"column":0}},"54":{"start":{"line":55,"column":0},"end":{"line":55,"column":8}},"55":{"start":{"line":56,"column":0},"end":{"line":56,"column":0}},"56":{"start":{"line":57,"column":0},"end":{"line":57,"column":11}},"57":{"start":{"line":58,"column":0},"end":{"line":58,"column":25}},"58":{"start":{"line":59,"column":0},"end":{"line":59,"column":0}},"59":{"start":{"line":60,"column":0},"end":{"line":60,"column":15}},"60":{"start":{"line":61,"column":0},"end":{"line":61,"column":22}},"61":{"start":{"line":62,"column":0},"end":{"line":62,"column":0}},"62":{"start":{"line":63,"column":0},"end":{"line":63,"column":62}},"63":{"start":{"line":64,"column":0},"end":{"line":64,"column":0}},"64":{"start":{"line":65,"column":0},"end":{"line":65,"column":49}},"65":{"start":{"line":66,"column":0},"end":{"line":66,"column":0}},"66":{"start":{"line":67,"column":0},"end":{"line":67,"column":85}},"67":{"start":{"line":68,"column":0},"end":{"line":68,"column":0}},"68":{"start":{"line":69,"column":0},"end":{"line":69,"column":31}},"69":{"start":{"line":70,"column":0},"end":{"line":70,"column":17}},"70":{"start":{"line":71,"column":0},"end":{"line":71,"column":12}},"71":{"start":{"line":72,"column":0},"end":{"line":72,"column":64}},"72":{"start":{"line":73,"column":0},"end":{"line":73,"column":1}},"73":{"start":{"line":74,"column":0},"end":{"line":74,"column":0}},"74":{"start":{"line":75,"column":0},"end":{"line":75,"column":29}},"75":{"start":{"line":76,"column":0},"end":{"line":76,"column":84}},"76":{"start":{"line":77,"column":0},"end":{"line":77,"column":65}},"77":{"start":{"line":78,"column":0},"end":{"line":78,"column":0}},"78":{"start":{"line":79,"column":0},"end":{"line":79,"column":41}},"79":{"start":{"line":80,"column":0},"end":{"line":80,"column":0}},"80":{"start":{"line":81,"column":0},"end":{"line":81,"column":42}},"81":{"start":{"line":82,"column":0},"end":{"line":82,"column":17}},"82":{"start":{"line":83,"column":0},"end":{"line":83,"column":18}},"83":{"start":{"line":84,"column":0},"end":{"line":84,"column":18}},"84":{"start":{"line":85,"column":0},"end":{"line":85,"column":1}},"85":{"start":{"line":86,"column":0},"end":{"line":86,"column":0}},"86":{"start":{"line":87,"column":0},"end":{"line":87,"column":33}},"87":{"start":{"line":88,"column":0},"end":{"line":88,"column":24}},"88":{"start":{"line":89,"column":0},"end":{"line":89,"column":12}},"89":{"start":{"line":90,"column":0},"end":{"line":90,"column":18}},"90":{"start":{"line":91,"column":0},"end":{"line":91,"column":1}},"91":{"start":{"line":92,"column":0},"end":{"line":92,"column":0}},"92":{"start":{"line":93,"column":0},"end":{"line":93,"column":11}},"93":{"start":{"line":94,"column":0},"end":{"line":94,"column":0}},"94":{"start":{"line":95,"column":0},"end":{"line":95,"column":38}},"95":{"start":{"line":96,"column":0},"end":{"line":96,"column":79}},"96":{"start":{"line":97,"column":0},"end":{"line":97,"column":0}},"97":{"start":{"line":98,"column":0},"end":{"line":98,"column":34}},"98":{"start":{"line":99,"column":0},"end":{"line":99,"column":28}},"99":{"start":{"line":100,"column":0},"end":{"line":100,"column":31}},"100":{"start":{"line":101,"column":0},"end":{"line":101,"column":16}},"101":{"start":{"line":102,"column":0},"end":{"line":102,"column":28}},"102":{"start":{"line":103,"column":0},"end":{"line":103,"column":24}},"103":{"start":{"line":104,"column":0},"end":{"line":104,"column":2}},"104":{"start":{"line":105,"column":0},"end":{"line":105,"column":0}},"105":{"start":{"line":106,"column":0},"end":{"line":106,"column":72}},"106":{"start":{"line":107,"column":0},"end":{"line":107,"column":91}},"107":{"start":{"line":108,"column":0},"end":{"line":108,"column":2}}},"s":{"0":1,"1":1,"2":1,"3":1,"4":1,"5":1,"6":1,"7":1,"8":1,"9":1,"10":1,"11":1,"12":1,"13":1,"14":1,"15":1,"16":1,"17":1,"18":1,"19":1,"20":1,"21":1,"22":1,"23":1,"24":1,"25":1,"26":1,"27":1,"28":1,"29":1,"30":1,"31":1,"32":1,"33":1,"34":1,"35":1,"36":1,"37":1,"38":1,"39":1,"40":1,"41":1,"42":1,"43":1,"44":1,"45":1,"46":1,"47":1,"48":1,"49":1,"50":1,"51":1,"52":1,"53":1,"54":1,"55":1,"56":1,"57":1,"58":1,"59":1,"60":1,"61":1,"62":1,"63":1,"64":1,"65":1,"66":1,"67":1,"68":1,"69":1,"70":1,"71":1,"72":1,"73":1,"74":1,"75":1,"76":1,"77":1,"78":1,"79":1,"80":1,"81":1,"82":1,"83":1,"84":1,"85":1,"86":1,"87":1,"88":1,"89":1,"90":1,"91":1,"92":1,"93":1,"94":1,"95":1,"96":1,"97":1,"98":1083,"99":1083,"100":1083,"101":1083,"102":1083,"103":1083,"104":1,"105":1,"106":303939,"107":303939},"branchMap":{"0":{"type":"branch","line":98,"loc":{"start":{"line":98,"column":27},"end":{"line":104,"column":2}},"locations":[{"start":{"line":98,"column":27},"end":{"line":104,"column":2}}]},"1":{"type":"branch","line":106,"loc":{"start":{"line":106,"column":25},"end":{"line":108,"column":2}},"locations":[{"start":{"line":106,"column":25},"end":{"line":108,"column":2}}]}},"b":{"0":[1083],"1":[303939]},"fnMap":{"0":{"name":"makeContext","decl":{"start":{"line":98,"column":27},"end":{"line":104,"column":2}},"loc":{"start":{"line":98,"column":27},"end":{"line":104,"column":2}},"line":98},"1":{"name":"isContext","decl":{"start":{"line":106,"column":25},"end":{"line":108,"column":2}},"loc":{"start":{"line":106,"column":25},"end":{"line":108,"column":2}},"line":106}},"f":{"0":1083,"1":303939}}
,"/home/victorien/maykin/of/InferNoLogic/src/parser.ts": {"path":"/home/victorien/maykin/of/InferNoLogic/src/parser.ts","all":false,"statementMap":{"0":{"start":{"line":1,"column":0},"end":{"line":1,"column":8}},"1":{"start":{"line":2,"column":0},"end":{"line":2,"column":24}},"2":{"start":{"line":3,"column":0},"end":{"line":3,"column":10}},"3":{"start":{"line":4,"column":0},"end":{"line":4,"column":13}},"4":{"start":{"line":5,"column":0},"end":{"line":5,"column":11}},"5":{"start":{"line":6,"column":0},"end":{"line":6,"column":11}},"6":{"start":{"line":7,"column":0},"end":{"line":7,"column":26}},"7":{"start":{"line":8,"column":0},"end":{"line":8,"column":17}},"8":{"start":{"line":9,"column":0},"end":{"line":9,"column":15}},"9":{"start":{"line":10,"column":0},"end":{"line":10,"column":21}},"10":{"start":{"line":11,"column":0},"end":{"line":11,"column":14}},"11":{"start":{"line":12,"column":0},"end":{"line":12,"column":18}},"12":{"start":{"line":13,"column":0},"end":{"line":13,"column":0}},"13":{"start":{"line":14,"column":0},"end":{"line":14,"column":44}},"14":{"start":{"line":15,"column":0},"end":{"line":15,"column":0}},"15":{"start":{"line":16,"column":0},"end":{"line":16,"column":82}},"16":{"start":{"line":17,"column":0},"end":{"line":17,"column":58}},"17":{"start":{"line":18,"column":0},"end":{"line":18,"column":54}},"18":{"start":{"line":19,"column":0},"end":{"line":19,"column":0}},"19":{"start":{"line":20,"column":0},"end":{"line":20,"column":41}},"20":{"start":{"line":21,"column":0},"end":{"line":21,"column":78}},"21":{"start":{"line":22,"column":0},"end":{"line":22,"column":77}},"22":{"start":{"line":23,"column":0},"end":{"line":23,"column":79}},"23":{"start":{"line":24,"column":0},"end":{"line":24,"column":79}},"24":{"start":{"line":25,"column":0},"end":{"line":25,"column":99}},"25":{"start":{"line":26,"column":0},"end":{"line":26,"column":91}},"26":{"start":{"line":27,"column":0},"end":{"line":27,"column":75}},"27":{"start":{"line":28,"column":0},"end":{"line":28,"column":31}},"28":{"start":{"line":29,"column":0},"end":{"line":29,"column":70}},"29":{"start":{"line":30,"column":0},"end":{"line":30,"column":2}},"30":{"start":{"line":31,"column":0},"end":{"line":31,"column":51}},"31":{"start":{"line":32,"column":0},"end":{"line":32,"column":80}},"32":{"start":{"line":33,"column":0},"end":{"line":33,"column":31}},"33":{"start":{"line":34,"column":0},"end":{"line":34,"column":79}},"34":{"start":{"line":35,"column":0},"end":{"line":35,"column":40}},"35":{"start":{"line":36,"column":0},"end":{"line":36,"column":92}},"36":{"start":{"line":37,"column":0},"end":{"line":37,"column":2}},"37":{"start":{"line":38,"column":0},"end":{"line":38,"column":0}},"38":{"start":{"line":39,"column":0},"end":{"line":39,"column":43}},"39":{"start":{"line":40,"column":0},"end":{"line":40,"column":13}},"40":{"start":{"line":41,"column":0},"end":{"line":41,"column":14}},"41":{"start":{"line":42,"column":0},"end":{"line":42,"column":13}},"42":{"start":{"line":43,"column":0},"end":{"line":43,"column":15}},"43":{"start":{"line":44,"column":0},"end":{"line":44,"column":10}},"44":{"start":{"line":45,"column":0},"end":{"line":45,"column":30}},"45":{"start":{"line":46,"column":0},"end":{"line":46,"column":46}},"46":{"start":{"line":47,"column":0},"end":{"line":47,"column":19}},"47":{"start":{"line":48,"column":0},"end":{"line":48,"column":43}},"48":{"start":{"line":49,"column":0},"end":{"line":49,"column":56}},"49":{"start":{"line":50,"column":0},"end":{"line":50,"column":33}},"50":{"start":{"line":51,"column":0},"end":{"line":51,"column":36}},"51":{"start":{"line":52,"column":0},"end":{"line":52,"column":65}},"52":{"start":{"line":53,"column":0},"end":{"line":53,"column":73}},"53":{"start":{"line":54,"column":0},"end":{"line":54,"column":59}},"54":{"start":{"line":55,"column":0},"end":{"line":55,"column":38}},"55":{"start":{"line":56,"column":0},"end":{"line":56,"column":38}},"56":{"start":{"line":57,"column":0},"end":{"line":57,"column":36}},"57":{"start":{"line":58,"column":0},"end":{"line":58,"column":36}},"58":{"start":{"line":59,"column":0},"end":{"line":59,"column":31}},"59":{"start":{"line":60,"column":0},"end":{"line":60,"column":32}},"60":{"start":{"line":61,"column":0},"end":{"line":61,"column":36}},"61":{"start":{"line":62,"column":0},"end":{"line":62,"column":37}},"62":{"start":{"line":63,"column":0},"end":{"line":63,"column":23}},"63":{"start":{"line":64,"column":0},"end":{"line":64,"column":31}},"64":{"start":{"line":65,"column":0},"end":{"line":65,"column":32}},"65":{"start":{"line":66,"column":0},"end":{"line":66,"column":31}},"66":{"start":{"line":67,"column":0},"end":{"line":67,"column":32}},"67":{"start":{"line":68,"column":0},"end":{"line":68,"column":45}},"68":{"start":{"line":69,"column":0},"end":{"line":69,"column":46}},"69":{"start":{"line":70,"column":0},"end":{"line":70,"column":40}},"70":{"start":{"line":71,"column":0},"end":{"line":71,"column":32}},"71":{"start":{"line":72,"column":0},"end":{"line":72,"column":32}},"72":{"start":{"line":73,"column":0},"end":{"line":73,"column":15}},"73":{"start":{"line":74,"column":0},"end":{"line":74,"column":33}},"74":{"start":{"line":75,"column":0},"end":{"line":75,"column":33}},"75":{"start":{"line":76,"column":0},"end":{"line":76,"column":33}},"76":{"start":{"line":77,"column":0},"end":{"line":77,"column":33}},"77":{"start":{"line":78,"column":0},"end":{"line":78,"column":21}},"78":{"start":{"line":79,"column":0},"end":{"line":79,"column":31}},"79":{"start":{"line":80,"column":0},"end":{"line":80,"column":22}},"80":{"start":{"line":81,"column":0},"end":{"line":81,"column":39}},"81":{"start":{"line":82,"column":0},"end":{"line":82,"column":33}},"82":{"start":{"line":83,"column":0},"end":{"line":83,"column":21}},"83":{"start":{"line":84,"column":0},"end":{"line":84,"column":42}},"84":{"start":{"line":85,"column":0},"end":{"line":85,"column":54}},"85":{"start":{"line":86,"column":0},"end":{"line":86,"column":52}},"86":{"start":{"line":87,"column":0},"end":{"line":87,"column":57}},"87":{"start":{"line":88,"column":0},"end":{"line":88,"column":50}},"88":{"start":{"line":89,"column":0},"end":{"line":89,"column":56}},"89":{"start":{"line":90,"column":0},"end":{"line":90,"column":44}},"90":{"start":{"line":91,"column":0},"end":{"line":91,"column":50}},"91":{"start":{"line":92,"column":0},"end":{"line":92,"column":51}},"92":{"start":{"line":93,"column":0},"end":{"line":93,"column":51}},"93":{"start":{"line":94,"column":0},"end":{"line":94,"column":48}},"94":{"start":{"line":95,"column":0},"end":{"line":95,"column":67}},"95":{"start":{"line":96,"column":0},"end":{"line":96,"column":51}},"96":{"start":{"line":97,"column":0},"end":{"line":97,"column":40}},"97":{"start":{"line":98,"column":0},"end":{"line":98,"column":22}},"98":{"start":{"line":99,"column":0},"end":{"line":99,"column":42}},"99":{"start":{"line":100,"column":0},"end":{"line":100,"column":35}},"100":{"start":{"line":101,"column":0},"end":{"line":101,"column":32}},"101":{"start":{"line":102,"column":0},"end":{"line":102,"column":38}},"102":{"start":{"line":103,"column":0},"end":{"line":103,"column":41}},"103":{"start":{"line":104,"column":0},"end":{"line":104,"column":36}},"104":{"start":{"line":105,"column":0},"end":{"line":105,"column":52}},"105":{"start":{"line":106,"column":0},"end":{"line":106,"column":18}},"106":{"start":{"line":107,"column":0},"end":{"line":107,"column":28}},"107":{"start":{"line":108,"column":0},"end":{"line":108,"column":3}},"108":{"start":{"line":109,"column":0},"end":{"line":109,"column":0}},"109":{"start":{"line":110,"column":0},"end":{"line":110,"column":98}},"110":{"start":{"line":111,"column":0},"end":{"line":111,"column":25}},"111":{"start":{"line":112,"column":0},"end":{"line":112,"column":94}},"112":{"start":{"line":113,"column":0},"end":{"line":113,"column":95}},"113":{"start":{"line":114,"column":0},"end":{"line":114,"column":0}},"114":{"start":{"line":115,"column":0},"end":{"line":115,"column":3}},"115":{"start":{"line":116,"column":0},"end":{"line":116,"column":44}},"116":{"start":{"line":117,"column":0},"end":{"line":117,"column":19}},"117":{"start":{"line":118,"column":0},"end":{"line":118,"column":116}},"118":{"start":{"line":119,"column":0},"end":{"line":119,"column":3}},"119":{"start":{"line":120,"column":0},"end":{"line":120,"column":24}},"120":{"start":{"line":121,"column":0},"end":{"line":121,"column":44}},"121":{"start":{"line":122,"column":0},"end":{"line":122,"column":28}},"122":{"start":{"line":123,"column":0},"end":{"line":123,"column":14}},"123":{"start":{"line":124,"column":0},"end":{"line":124,"column":68}},"124":{"start":{"line":125,"column":0},"end":{"line":125,"column":65}},"125":{"start":{"line":126,"column":0},"end":{"line":126,"column":0}},"126":{"start":{"line":127,"column":0},"end":{"line":127,"column":93}},"127":{"start":{"line":128,"column":0},"end":{"line":128,"column":99}},"128":{"start":{"line":129,"column":0},"end":{"line":129,"column":85}},"129":{"start":{"line":130,"column":0},"end":{"line":130,"column":0}},"130":{"start":{"line":131,"column":0},"end":{"line":131,"column":51}},"131":{"start":{"line":132,"column":0},"end":{"line":132,"column":28}},"132":{"start":{"line":133,"column":0},"end":{"line":133,"column":42}},"133":{"start":{"line":134,"column":0},"end":{"line":134,"column":30}},"134":{"start":{"line":135,"column":0},"end":{"line":135,"column":17}},"135":{"start":{"line":136,"column":0},"end":{"line":136,"column":68}},"136":{"start":{"line":137,"column":0},"end":{"line":137,"column":50}},"137":{"start":{"line":138,"column":0},"end":{"line":138,"column":51}},"138":{"start":{"line":139,"column":0},"end":{"line":139,"column":3}},"139":{"start":{"line":140,"column":0},"end":{"line":140,"column":14}},"140":{"start":{"line":141,"column":0},"end":{"line":141,"column":2}},"141":{"start":{"line":142,"column":0},"end":{"line":142,"column":0}},"142":{"start":{"line":143,"column":0},"end":{"line":143,"column":3}},"143":{"start":{"line":144,"column":0},"end":{"line":144,"column":20}},"144":{"start":{"line":145,"column":0},"end":{"line":145,"column":43}},"145":{"start":{"line":146,"column":0},"end":{"line":146,"column":3}},"146":{"start":{"line":147,"column":0},"end":{"line":147,"column":92}},"147":{"start":{"line":148,"column":0},"end":{"line":148,"column":0}},"148":{"start":{"line":149,"column":0},"end":{"line":149,"column":3}},"149":{"start":{"line":150,"column":0},"end":{"line":150,"column":25}},"150":{"start":{"line":151,"column":0},"end":{"line":151,"column":63}},"151":{"start":{"line":152,"column":0},"end":{"line":152,"column":3}},"152":{"start":{"line":153,"column":0},"end":{"line":153,"column":66}},"153":{"start":{"line":154,"column":0},"end":{"line":154,"column":51}},"154":{"start":{"line":155,"column":0},"end":{"line":155,"column":36}},"155":{"start":{"line":156,"column":0},"end":{"line":156,"column":49}},"156":{"start":{"line":157,"column":0},"end":{"line":157,"column":49}},"157":{"start":{"line":158,"column":0},"end":{"line":158,"column":43}},"158":{"start":{"line":159,"column":0},"end":{"line":159,"column":7}},"159":{"start":{"line":160,"column":0},"end":{"line":160,"column":60}},"160":{"start":{"line":161,"column":0},"end":{"line":161,"column":30}},"161":{"start":{"line":162,"column":0},"end":{"line":162,"column":5}},"162":{"start":{"line":163,"column":0},"end":{"line":163,"column":20}},"163":{"start":{"line":164,"column":0},"end":{"line":164,"column":18}},"164":{"start":{"line":165,"column":0},"end":{"line":165,"column":2}},"165":{"start":{"line":166,"column":0},"end":{"line":166,"column":0}},"166":{"start":{"line":167,"column":0},"end":{"line":167,"column":3}},"167":{"start":{"line":168,"column":0},"end":{"line":168,"column":52}},"168":{"start":{"line":169,"column":0},"end":{"line":169,"column":3}},"169":{"start":{"line":170,"column":0},"end":{"line":170,"column":40}},"170":{"start":{"line":171,"column":0},"end":{"line":171,"column":28}},"171":{"start":{"line":172,"column":0},"end":{"line":172,"column":28}},"172":{"start":{"line":173,"column":0},"end":{"line":173,"column":46}},"173":{"start":{"line":174,"column":0},"end":{"line":174,"column":63}},"174":{"start":{"line":175,"column":0},"end":{"line":175,"column":23}},"175":{"start":{"line":176,"column":0},"end":{"line":176,"column":68}},"176":{"start":{"line":177,"column":0},"end":{"line":177,"column":62}},"177":{"start":{"line":178,"column":0},"end":{"line":178,"column":51}},"178":{"start":{"line":179,"column":0},"end":{"line":179,"column":3}},"179":{"start":{"line":180,"column":0},"end":{"line":180,"column":32}},"180":{"start":{"line":181,"column":0},"end":{"line":181,"column":64}},"181":{"start":{"line":182,"column":0},"end":{"line":182,"column":2}},"182":{"start":{"line":183,"column":0},"end":{"line":183,"column":0}},"183":{"start":{"line":184,"column":0},"end":{"line":184,"column":3}},"184":{"start":{"line":185,"column":0},"end":{"line":185,"column":55}},"185":{"start":{"line":186,"column":0},"end":{"line":186,"column":2}},"186":{"start":{"line":187,"column":0},"end":{"line":187,"column":68}},"187":{"start":{"line":188,"column":0},"end":{"line":188,"column":2}},"188":{"start":{"line":189,"column":0},"end":{"line":189,"column":8}},"189":{"start":{"line":190,"column":0},"end":{"line":190,"column":27}},"190":{"start":{"line":191,"column":0},"end":{"line":191,"column":35}},"191":{"start":{"line":192,"column":0},"end":{"line":192,"column":90}},"192":{"start":{"line":193,"column":0},"end":{"line":193,"column":43}},"193":{"start":{"line":194,"column":0},"end":{"line":194,"column":28}},"194":{"start":{"line":195,"column":0},"end":{"line":195,"column":6}},"195":{"start":{"line":196,"column":0},"end":{"line":196,"column":47}},"196":{"start":{"line":197,"column":0},"end":{"line":197,"column":2}},"197":{"start":{"line":198,"column":0},"end":{"line":198,"column":11}},"198":{"start":{"line":199,"column":0},"end":{"line":199,"column":71}},"199":{"start":{"line":200,"column":0},"end":{"line":200,"column":8}},"200":{"start":{"line":201,"column":0},"end":{"line":201,"column":22}},"201":{"start":{"line":202,"column":0},"end":{"line":202,"column":6}},"202":{"start":{"line":203,"column":0},"end":{"line":203,"column":2}},"203":{"start":{"line":204,"column":0},"end":{"line":204,"column":71}},"204":{"start":{"line":205,"column":0},"end":{"line":205,"column":77}},"205":{"start":{"line":206,"column":0},"end":{"line":206,"column":3}},"206":{"start":{"line":207,"column":0},"end":{"line":207,"column":75}},"207":{"start":{"line":208,"column":0},"end":{"line":208,"column":61}},"208":{"start":{"line":209,"column":0},"end":{"line":209,"column":38}},"209":{"start":{"line":210,"column":0},"end":{"line":210,"column":33}},"210":{"start":{"line":211,"column":0},"end":{"line":211,"column":2}},"211":{"start":{"line":212,"column":0},"end":{"line":212,"column":0}},"212":{"start":{"line":213,"column":0},"end":{"line":213,"column":3}},"213":{"start":{"line":214,"column":0},"end":{"line":214,"column":44}},"214":{"start":{"line":215,"column":0},"end":{"line":215,"column":2}},"215":{"start":{"line":216,"column":0},"end":{"line":216,"column":11}},"216":{"start":{"line":217,"column":0},"end":{"line":217,"column":71}},"217":{"start":{"line":218,"column":0},"end":{"line":218,"column":8}},"218":{"start":{"line":219,"column":0},"end":{"line":219,"column":27}},"219":{"start":{"line":220,"column":0},"end":{"line":220,"column":6}},"220":{"start":{"line":221,"column":0},"end":{"line":221,"column":3}},"221":{"start":{"line":222,"column":0},"end":{"line":222,"column":74}},"222":{"start":{"line":223,"column":0},"end":{"line":223,"column":52}},"223":{"start":{"line":224,"column":0},"end":{"line":224,"column":36}},"224":{"start":{"line":225,"column":0},"end":{"line":225,"column":19}},"225":{"start":{"line":226,"column":0},"end":{"line":226,"column":77}},"226":{"start":{"line":227,"column":0},"end":{"line":227,"column":3}},"227":{"start":{"line":228,"column":0},"end":{"line":228,"column":48}},"228":{"start":{"line":229,"column":0},"end":{"line":229,"column":49}},"229":{"start":{"line":230,"column":0},"end":{"line":230,"column":0}},"230":{"start":{"line":231,"column":0},"end":{"line":231,"column":61}},"231":{"start":{"line":232,"column":0},"end":{"line":232,"column":33}},"232":{"start":{"line":233,"column":0},"end":{"line":233,"column":38}},"233":{"start":{"line":234,"column":0},"end":{"line":234,"column":2}},"234":{"start":{"line":235,"column":0},"end":{"line":235,"column":0}},"235":{"start":{"line":236,"column":0},"end":{"line":236,"column":3}},"236":{"start":{"line":237,"column":0},"end":{"line":237,"column":66}},"237":{"start":{"line":238,"column":0},"end":{"line":238,"column":3}},"238":{"start":{"line":239,"column":0},"end":{"line":239,"column":81}},"239":{"start":{"line":240,"column":0},"end":{"line":240,"column":117}},"240":{"start":{"line":241,"column":0},"end":{"line":241,"column":87}},"241":{"start":{"line":242,"column":0},"end":{"line":242,"column":88}},"242":{"start":{"line":243,"column":0},"end":{"line":243,"column":88}},"243":{"start":{"line":244,"column":0},"end":{"line":244,"column":0}},"244":{"start":{"line":245,"column":0},"end":{"line":245,"column":97}},"245":{"start":{"line":246,"column":0},"end":{"line":246,"column":55}},"246":{"start":{"line":247,"column":0},"end":{"line":247,"column":27}},"247":{"start":{"line":248,"column":0},"end":{"line":248,"column":66}},"248":{"start":{"line":249,"column":0},"end":{"line":249,"column":50}},"249":{"start":{"line":250,"column":0},"end":{"line":250,"column":44}},"250":{"start":{"line":251,"column":0},"end":{"line":251,"column":50}},"251":{"start":{"line":252,"column":0},"end":{"line":252,"column":41}},"252":{"start":{"line":253,"column":0},"end":{"line":253,"column":62}},"253":{"start":{"line":254,"column":0},"end":{"line":254,"column":73}},"254":{"start":{"line":255,"column":0},"end":{"line":255,"column":10}},"255":{"start":{"line":256,"column":0},"end":{"line":256,"column":14}},"256":{"start":{"line":257,"column":0},"end":{"line":257,"column":68}},"257":{"start":{"line":258,"column":0},"end":{"line":258,"column":49}},"258":{"start":{"line":259,"column":0},"end":{"line":259,"column":48}},"259":{"start":{"line":260,"column":0},"end":{"line":260,"column":7}},"260":{"start":{"line":261,"column":0},"end":{"line":261,"column":6}},"261":{"start":{"line":262,"column":0},"end":{"line":262,"column":0}},"262":{"start":{"line":263,"column":0},"end":{"line":263,"column":66}},"263":{"start":{"line":264,"column":0},"end":{"line":264,"column":3}},"264":{"start":{"line":265,"column":0},"end":{"line":265,"column":22}},"265":{"start":{"line":266,"column":0},"end":{"line":266,"column":58}},"266":{"start":{"line":267,"column":0},"end":{"line":267,"column":35}},"267":{"start":{"line":268,"column":0},"end":{"line":268,"column":2}},"268":{"start":{"line":269,"column":0},"end":{"line":269,"column":0}},"269":{"start":{"line":270,"column":0},"end":{"line":270,"column":22}},"270":{"start":{"line":271,"column":0},"end":{"line":271,"column":21}},"271":{"start":{"line":272,"column":0},"end":{"line":272,"column":18}},"272":{"start":{"line":273,"column":0},"end":{"line":273,"column":19}},"273":{"start":{"line":274,"column":0},"end":{"line":274,"column":87}},"274":{"start":{"line":275,"column":0},"end":{"line":275,"column":29}},"275":{"start":{"line":276,"column":0},"end":{"line":276,"column":6}},"276":{"start":{"line":277,"column":0},"end":{"line":277,"column":38}},"277":{"start":{"line":278,"column":0},"end":{"line":278,"column":12}},"278":{"start":{"line":279,"column":0},"end":{"line":279,"column":70}},"279":{"start":{"line":280,"column":0},"end":{"line":280,"column":65}},"280":{"start":{"line":281,"column":0},"end":{"line":281,"column":8}},"281":{"start":{"line":282,"column":0},"end":{"line":282,"column":19}},"282":{"start":{"line":283,"column":0},"end":{"line":283,"column":6}},"283":{"start":{"line":284,"column":0},"end":{"line":284,"column":0}},"284":{"start":{"line":285,"column":0},"end":{"line":285,"column":80}},"285":{"start":{"line":286,"column":0},"end":{"line":286,"column":54}},"286":{"start":{"line":287,"column":0},"end":{"line":287,"column":79}},"287":{"start":{"line":288,"column":0},"end":{"line":288,"column":0}},"288":{"start":{"line":289,"column":0},"end":{"line":289,"column":3}},"289":{"start":{"line":290,"column":0},"end":{"line":290,"column":41}},"290":{"start":{"line":291,"column":0},"end":{"line":291,"column":2}},"291":{"start":{"line":292,"column":0},"end":{"line":292,"column":90}},"292":{"start":{"line":293,"column":0},"end":{"line":293,"column":79}},"293":{"start":{"line":294,"column":0},"end":{"line":294,"column":66}},"294":{"start":{"line":295,"column":0},"end":{"line":295,"column":2}},"295":{"start":{"line":296,"column":0},"end":{"line":296,"column":93}},"296":{"start":{"line":297,"column":0},"end":{"line":297,"column":2}},"297":{"start":{"line":298,"column":0},"end":{"line":298,"column":76}},"298":{"start":{"line":299,"column":0},"end":{"line":299,"column":34}},"299":{"start":{"line":300,"column":0},"end":{"line":300,"column":3}},"300":{"start":{"line":301,"column":0},"end":{"line":301,"column":41}},"301":{"start":{"line":302,"column":0},"end":{"line":302,"column":18}},"302":{"start":{"line":303,"column":0},"end":{"line":303,"column":35}},"303":{"start":{"line":304,"column":0},"end":{"line":304,"column":29}},"304":{"start":{"line":305,"column":0},"end":{"line":305,"column":81}},"305":{"start":{"line":306,"column":0},"end":{"line":306,"column":0}},"306":{"start":{"line":307,"column":0},"end":{"line":307,"column":82}},"307":{"start":{"line":308,"column":0},"end":{"line":308,"column":36}},"308":{"start":{"line":309,"column":0},"end":{"line":309,"column":0}},"309":{"start":{"line":310,"column":0},"end":{"line":310,"column":28}},"310":{"start":{"line":311,"column":0},"end":{"line":311,"column":53}},"311":{"start":{"line":312,"column":0},"end":{"line":312,"column":18}},"312":{"start":{"line":313,"column":0},"end":{"line":313,"column":30}},"313":{"start":{"line":314,"column":0},"end":{"line":314,"column":18}},"314":{"start":{"line":315,"column":0},"end":{"line":315,"column":78}},"315":{"start":{"line":316,"column":0},"end":{"line":316,"column":71}},"316":{"start":{"line":317,"column":0},"end":{"line":317,"column":8}},"317":{"start":{"line":318,"column":0},"end":{"line":318,"column":50}},"318":{"start":{"line":319,"column":0},"end":{"line":319,"column":18}},"319":{"start":{"line":320,"column":0},"end":{"line":320,"column":87}},"320":{"start":{"line":321,"column":0},"end":{"line":321,"column":71}},"321":{"start":{"line":322,"column":0},"end":{"line":322,"column":20}},"322":{"start":{"line":323,"column":0},"end":{"line":323,"column":48}},"323":{"start":{"line":324,"column":0},"end":{"line":324,"column":58}},"324":{"start":{"line":325,"column":0},"end":{"line":325,"column":213}},"325":{"start":{"line":326,"column":0},"end":{"line":326,"column":18}},"326":{"start":{"line":327,"column":0},"end":{"line":327,"column":12}},"327":{"start":{"line":328,"column":0},"end":{"line":328,"column":8}},"328":{"start":{"line":329,"column":0},"end":{"line":329,"column":25}},"329":{"start":{"line":330,"column":0},"end":{"line":330,"column":60}},"330":{"start":{"line":331,"column":0},"end":{"line":331,"column":46}},"331":{"start":{"line":332,"column":0},"end":{"line":332,"column":53}},"332":{"start":{"line":333,"column":0},"end":{"line":333,"column":5}},"333":{"start":{"line":334,"column":0},"end":{"line":334,"column":35}},"334":{"start":{"line":335,"column":0},"end":{"line":335,"column":78}},"335":{"start":{"line":336,"column":0},"end":{"line":336,"column":37}},"336":{"start":{"line":337,"column":0},"end":{"line":337,"column":0}},"337":{"start":{"line":338,"column":0},"end":{"line":338,"column":16}},"338":{"start":{"line":339,"column":0},"end":{"line":339,"column":46}},"339":{"start":{"line":340,"column":0},"end":{"line":340,"column":36}},"340":{"start":{"line":341,"column":0},"end":{"line":341,"column":31}},"341":{"start":{"line":342,"column":0},"end":{"line":342,"column":10}},"342":{"start":{"line":343,"column":0},"end":{"line":343,"column":0}},"343":{"start":{"line":344,"column":0},"end":{"line":344,"column":44}},"344":{"start":{"line":345,"column":0},"end":{"line":345,"column":35}},"345":{"start":{"line":346,"column":0},"end":{"line":346,"column":72}},"346":{"start":{"line":347,"column":0},"end":{"line":347,"column":38}},"347":{"start":{"line":348,"column":0},"end":{"line":348,"column":12}},"348":{"start":{"line":349,"column":0},"end":{"line":349,"column":60}},"349":{"start":{"line":350,"column":0},"end":{"line":350,"column":32}},"350":{"start":{"line":351,"column":0},"end":{"line":351,"column":6}},"351":{"start":{"line":352,"column":0},"end":{"line":352,"column":78}},"352":{"start":{"line":353,"column":0},"end":{"line":353,"column":37}},"353":{"start":{"line":354,"column":0},"end":{"line":354,"column":67}},"354":{"start":{"line":355,"column":0},"end":{"line":355,"column":37}},"355":{"start":{"line":356,"column":0},"end":{"line":356,"column":76}},"356":{"start":{"line":357,"column":0},"end":{"line":357,"column":25}},"357":{"start":{"line":358,"column":0},"end":{"line":358,"column":18}},"358":{"start":{"line":359,"column":0},"end":{"line":359,"column":92}},"359":{"start":{"line":360,"column":0},"end":{"line":360,"column":8}},"360":{"start":{"line":361,"column":0},"end":{"line":361,"column":46}},"361":{"start":{"line":362,"column":0},"end":{"line":362,"column":55}},"362":{"start":{"line":363,"column":0},"end":{"line":363,"column":50}},"363":{"start":{"line":364,"column":0},"end":{"line":364,"column":91}},"364":{"start":{"line":365,"column":0},"end":{"line":365,"column":83}},"365":{"start":{"line":366,"column":0},"end":{"line":366,"column":79}},"366":{"start":{"line":367,"column":0},"end":{"line":367,"column":26}},"367":{"start":{"line":368,"column":0},"end":{"line":368,"column":18}},"368":{"start":{"line":369,"column":0},"end":{"line":369,"column":70}},"369":{"start":{"line":370,"column":0},"end":{"line":370,"column":73}},"370":{"start":{"line":371,"column":0},"end":{"line":371,"column":8}},"371":{"start":{"line":372,"column":0},"end":{"line":372,"column":22}},"372":{"start":{"line":373,"column":0},"end":{"line":373,"column":71}},"373":{"start":{"line":374,"column":0},"end":{"line":374,"column":50}},"374":{"start":{"line":375,"column":0},"end":{"line":375,"column":54}},"375":{"start":{"line":376,"column":0},"end":{"line":376,"column":73}},"376":{"start":{"line":377,"column":0},"end":{"line":377,"column":34}},"377":{"start":{"line":378,"column":0},"end":{"line":378,"column":51}},"378":{"start":{"line":379,"column":0},"end":{"line":379,"column":18}},"379":{"start":{"line":380,"column":0},"end":{"line":380,"column":67}},"380":{"start":{"line":381,"column":0},"end":{"line":381,"column":26}},"381":{"start":{"line":382,"column":0},"end":{"line":382,"column":93}},"382":{"start":{"line":383,"column":0},"end":{"line":383,"column":98}},"383":{"start":{"line":384,"column":0},"end":{"line":384,"column":16}},"384":{"start":{"line":385,"column":0},"end":{"line":385,"column":10}},"385":{"start":{"line":386,"column":0},"end":{"line":386,"column":8}},"386":{"start":{"line":387,"column":0},"end":{"line":387,"column":5}},"387":{"start":{"line":388,"column":0},"end":{"line":388,"column":26}},"388":{"start":{"line":389,"column":0},"end":{"line":389,"column":57}},"389":{"start":{"line":390,"colum
[...]
column":73}},"locations":[{"start":{"line":470,"column":21},"end":{"line":470,"column":73}}]},"123":{"type":"branch","line":471,"loc":{"start":{"line":471,"column":-1},"end":{"line":471,"column":43}},"locations":[{"start":{"line":471,"column":-1},"end":{"line":471,"column":43}}]},"124":{"type":"branch","line":471,"loc":{"start":{"line":471,"column":32},"end":{"line":471,"column":84}},"locations":[{"start":{"line":471,"column":32},"end":{"line":471,"column":84}}]},"125":{"type":"branch","line":472,"loc":{"start":{"line":472,"column":-1},"end":{"line":472,"column":27}},"locations":[{"start":{"line":472,"column":-1},"end":{"line":472,"column":27}}]},"126":{"type":"branch","line":472,"loc":{"start":{"line":472,"column":27},"end":{"line":495,"column":3}},"locations":[{"start":{"line":472,"column":27},"end":{"line":495,"column":3}}]},"127":{"type":"branch","line":474,"loc":{"start":{"line":474,"column":6},"end":{"line":476,"column":85}},"locations":[{"start":{"line":474,"column":6},"end":{"line":476,"column":85}}]},"128":{"type":"branch","line":478,"loc":{"start":{"line":478,"column":-1},"end":{"line":488,"column":7}},"locations":[{"start":{"line":478,"column":-1},"end":{"line":488,"column":7}}]},"129":{"type":"branch","line":488,"loc":{"start":{"line":488,"column":6},"end":{"line":488,"column":53}},"locations":[{"start":{"line":488,"column":6},"end":{"line":488,"column":53}}]},"130":{"type":"branch","line":489,"loc":{"start":{"line":489,"column":6},"end":{"line":489,"column":49}},"locations":[{"start":{"line":489,"column":6},"end":{"line":489,"column":49}}]},"131":{"type":"branch","line":496,"loc":{"start":{"line":496,"column":-1},"end":{"line":500,"column":2}},"locations":[{"start":{"line":496,"column":-1},"end":{"line":500,"column":2}}]},"132":{"type":"branch","line":479,"loc":{"start":{"line":479,"column":11},"end":{"line":480,"column":71}},"locations":[{"start":{"line":479,"column":11},"end":{"line":480,"column":71}}]},"133":{"type":"branch","line":482,"loc":{"start":{"line":482,"column":14},"end":{"line":482,"column":48}},"locations":[{"start":{"line":482,"column":14},"end":{"line":482,"column":48}}]},"134":{"type":"branch","line":498,"loc":{"start":{"line":498,"column":9},"end":{"line":498,"column":71}},"locations":[{"start":{"line":498,"column":9},"end":{"line":498,"column":71}}]},"135":{"type":"branch","line":499,"loc":{"start":{"line":499,"column":12},"end":{"line":499,"column":46}},"locations":[{"start":{"line":499,"column":12},"end":{"line":499,"column":46}}]},"136":{"type":"branch","line":502,"loc":{"start":{"line":502,"column":25},"end":{"line":530,"column":2}},"locations":[{"start":{"line":502,"column":25},"end":{"line":530,"column":2}}]},"137":{"type":"branch","line":504,"loc":{"start":{"line":504,"column":4},"end":{"line":505,"column":20}},"locations":[{"start":{"line":504,"column":4},"end":{"line":505,"column":20}}]},"138":{"type":"branch","line":506,"loc":{"start":{"line":506,"column":4},"end":{"line":507,"column":20}},"locations":[{"start":{"line":506,"column":4},"end":{"line":507,"column":20}}]},"139":{"type":"branch","line":508,"loc":{"start":{"line":508,"column":4},"end":{"line":510,"column":46}},"locations":[{"start":{"line":508,"column":4},"end":{"line":510,"column":46}}]},"140":{"type":"branch","line":510,"loc":{"start":{"line":510,"column":27},"end":{"line":510,"column":31}},"locations":[{"start":{"line":510,"column":27},"end":{"line":510,"column":31}}]},"141":{"type":"branch","line":510,"loc":{"start":{"line":510,"column":32},"end":{"line":510,"column":45}},"locations":[{"start":{"line":510,"column":32},"end":{"line":510,"column":45}}]},"142":{"type":"branch","line":511,"loc":{"start":{"line":511,"column":4},"end":{"line":523,"column":7}},"locations":[{"start":{"line":511,"column":4},"end":{"line":523,"column":7}}]},"143":{"type":"branch","line":514,"loc":{"start":{"line":514,"column":8},"end":{"line":516,"column":41}},"locations":[{"start":{"line":514,"column":8},"end":{"line":516,"column":41}}]},"144":{"type":"branch","line":517,"loc":{"start":{"line":517,"column":8},"end":{"line":522,"column":12}},"locations":[{"start":{"line":517,"column":8},"end":{"line":522,"column":12}}]},"145":{"type":"branch","line":518,"loc":{"start":{"line":518,"column":34},"end":{"line":518,"column":55}},"locations":[{"start":{"line":518,"column":34},"end":{"line":518,"column":55}}]},"146":{"type":"branch","line":519,"loc":{"start":{"line":519,"column":12},"end":{"line":519,"column":60}},"locations":[{"start":{"line":519,"column":12},"end":{"line":519,"column":60}}]},"147":{"type":"branch","line":519,"loc":{"start":{"line":519,"column":60},"end":{"line":522,"column":12}},"locations":[{"start":{"line":519,"column":60},"end":{"line":522,"column":12}}]},"148":{"type":"branch","line":524,"loc":{"start":{"line":524,"column":-1},"end":{"line":530,"column":2}},"locations":[{"start":{"line":524,"column":-1},"end":{"line":530,"column":2}}]},"149":{"type":"branch","line":521,"loc":{"start":{"line":521,"column":46},"end":{"line":521,"column":90}},"locations":[{"start":{"line":521,"column":46},"end":{"line":521,"column":90}}]},"150":{"type":"branch","line":526,"loc":{"start":{"line":526,"column":3},"end":{"line":529,"column":3}},"locations":[{"start":{"line":526,"column":3},"end":{"line":529,"column":3}}]}},"b":{"0":[108],"1":[967],"2":[248],"3":[719],"4":[7],"5":[18],"6":[108],"7":[35],"8":[73],"9":[1642],"10":[1642],"11":[1226],"12":[1133],"13":[928],"14":[927],"15":[311],"16":[822],"17":[0],"18":[822],"19":[0],"20":[822],"21":[31],"22":[0],"23":[0],"24":[2],"25":[0],"26":[1],"27":[0],"28":[1],"29":[0],"30":[1],"31":[0],"32":[1],"33":[1],"34":[0],"35":[820],"36":[0],"37":[504],"38":[316],"39":[1558],"40":[596],"41":[962],"42":[4049],"43":[0],"44":[798],"45":[3251],"46":[5918],"47":[89],"48":[5829],"49":[1],"50":[5828],"51":[3644],"52":[2184],"53":[1149],"54":[1580],"55":[1035],"56":[889],"57":[91],"58":[798],"59":[146],"60":[4049],"61":[1345],"62":[5558],"63":[5558],"64":[207],"65":[3],"66":[1],"67":[1],"68":[1131],"69":[311],"70":[820],"71":[208],"72":[1],"73":[207],"74":[3],"75":[2],"76":[1],"77":[1],"78":[0],"79":[205],"80":[0],"81":[205],"82":[3],"83":[202],"84":[612],"85":[32],"86":[11],"87":[601],"88":[317],"89":[113],"90":[488],"91":[287],"92":[209],"93":[92],"94":[1],"95":[91],"96":[396],"97":[376],"98":[35],"99":[8],"100":[4],"101":[388],"102":[47],"103":[39],"104":[11],"105":[7],"106":[4],"107":[36],"108":[12],"109":[341],"110":[31],"111":[310],"112":[5],"113":[305],"114":[49],"115":[511],"116":[20],"117":[533],"118":[98],"119":[435],"120":[5],"121":[430],"122":[75],"123":[355],"124":[72],"125":[283],"126":[42],"127":[7],"128":[35],"129":[12],"130":[23],"131":[241],"132":[93],"133":[93],"134":[149],"135":[149],"136":[10071],"137":[3399],"138":[939],"139":[899],"140":[799],"141":[100],"142":[4834],"143":[300],"144":[4534],"145":[4090],"146":[3898],"147":[636],"148":[0],"149":[636],"150":[0]},"fnMap":{"0":{"name":"array","decl":{"start":{"line":25,"column":14},"end":{"line":25,"column":98}},"loc":{"start":{"line":25,"column":14},"end":{"line":25,"column":98}},"line":25},"1":{"name":"f","decl":{"start":{"line":26,"column":10},"end":{"line":30,"column":2}},"loc":{"start":{"line":26,"column":10},"end":{"line":30,"column":2}},"line":26},"2":{"name":"makeTypeVars","decl":{"start":{"line":31,"column":21},"end":{"line":32,"column":79}},"loc":{"start":{"line":31,"column":21},"end":{"line":32,"column":79}},"line":31},"3":{"name":"forall","decl":{"start":{"line":34,"column":15},"end":{"line":37,"column":2}},"loc":{"start":{"line":34,"column":15},"end":{"line":37,"column":2}},"line":34},"4":{"name":"operationsFrom","decl":{"start":{"line":120,"column":23},"end":{"line":125,"column":64}},"loc":{"start":{"line":120,"column":23},"end":{"line":125,"column":64}},"line":120},"5":{"name":"maybeJsonLogicExpression","decl":{"start":{"line":127,"column":33},"end":{"line":141,"column":2}},"loc":{"start":{"line":127,"column":33},"end":{"line":141,"column":2}},"line":127},"6":{"name":"repr","decl":{"start":{"line":147,"column":13},"end":{"line":147,"column":92}},"loc":{"start":{"line":147,"column":13},"end":{"line":147,"column":92}},"line":147},"7":{"name":"reprType","decl":{"start":{"line":153,"column":17},"end":{"line":165,"column":2}},"loc":{"start":{"line":153,"column":17},"end":{"line":165,"column":2}},"line":153},"8":{"name":"destructureJsonLogicExpression","decl":{"start":{"line":170,"column":39},"end":{"line":182,"column":2}},"loc":{"start":{"line":170,"column":39},"end":{"line":182,"column":2}},"line":170},"9":{"name":"apply","decl":{"start":{"line":207,"column":14},"end":{"line":211,"column":2}},"loc":{"start":{"line":207,"column":14},"end":{"line":211,"column":2}},"line":207},"10":{"name":"applyRight","decl":{"start":{"line":222,"column":19},"end":{"line":234,"column":2}},"loc":{"start":{"line":222,"column":19},"end":{"line":234,"column":2}},"line":222},"11":{"name":"parseValue","decl":{"start":{"line":239,"column":19},"end":{"line":268,"column":2}},"loc":{"start":{"line":239,"column":19},"end":{"line":268,"column":2}},"line":239},"12":{"name":"parseValues","decl":{"start":{"line":271,"column":20},"end":{"line":282,"column":19}},"loc":{"start":{"line":271,"column":20},"end":{"line":282,"column":19}},"line":271},"13":{"name":"isString","decl":{"start":{"line":285,"column":17},"end":{"line":285,"column":79}},"loc":{"start":{"line":285,"column":17},"end":{"line":285,"column":79}},"line":285},"14":{"name":"isNatural","decl":{"start":{"line":286,"column":18},"end":{"line":287,"column":68}},"loc":{"start":{"line":286,"column":18},"end":{"line":287,"column":68}},"line":286},"15":{"name":"parseJsonLogicExpression","decl":{"start":{"line":301,"column":40},"end":{"line":433,"column":2}},"loc":{"start":{"line":301,"column":40},"end":{"line":433,"column":2}},"line":301},"16":{"name":"parseContext","decl":{"start":{"line":462,"column":28},"end":{"line":500,"column":2}},"loc":{"start":{"line":462,"column":28},"end":{"line":500,"column":2}},"line":462},"17":{"name":"stringify","decl":{"start":{"line":502,"column":25},"end":{"line":530,"column":2}},"loc":{"start":{"line":502,"column":25},"end":{"line":530,"column":2}},"line":502}},"f":{"0":108,"1":967,"2":7,"3":108,"4":1642,"5":1133,"6":31,"7":2,"8":820,"9":1558,"10":4049,"11":5918,"12":1345,"13":207,"14":3,"15":1131,"16":533,"17":10071}}
,"/home/victorien/maykin/of/InferNoLogic/src/w.ts": {"path":"/home/victorien/maykin/of/InferNoLogic/src/w.ts","all":false,"statementMap":{"0":{"start":{"line":1,"column":0},"end":{"line":1,"column":32}},"1":{"start":{"line":2,"column":0},"end":{"line":2,"column":28}},"2":{"start":{"line":3,"column":0},"end":{"line":3,"column":2}},"3":{"start":{"line":4,"column":0},"end":{"line":4,"column":31}},"4":{"start":{"line":5,"column":0},"end":{"line":5,"column":100}},"5":{"start":{"line":6,"column":0},"end":{"line":6,"column":78}},"6":{"start":{"line":7,"column":0},"end":{"line":7,"column":44}},"7":{"start":{"line":8,"column":0},"end":{"line":8,"column":0}},"8":{"start":{"line":9,"column":0},"end":{"line":9,"column":83}},"9":{"start":{"line":10,"column":0},"end":{"line":10,"column":28}},"10":{"start":{"line":11,"column":0},"end":{"line":11,"column":33}},"11":{"start":{"line":12,"column":0},"end":{"line":12,"column":87}},"12":{"start":{"line":13,"column":0},"end":{"line":13,"column":54}},"13":{"start":{"line":14,"column":0},"end":{"line":14,"column":3}},"14":{"start":{"line":15,"column":0},"end":{"line":15,"column":0}},"15":{"start":{"line":16,"column":0},"end":{"line":16,"column":28}},"16":{"start":{"line":17,"column":0},"end":{"line":17,"column":74}},"17":{"start":{"line":18,"column":0},"end":{"line":18,"column":3}},"18":{"start":{"line":19,"column":0},"end":{"line":19,"column":0}},"19":{"start":{"line":20,"column":0},"end":{"line":20,"column":28}},"20":{"start":{"line":21,"column":0},"end":{"line":21,"column":74}},"21":{"start":{"line":22,"column":0},"end":{"line":22,"column":3}},"22":{"start":{"line":23,"column":0},"end":{"line":23,"column":0}},"23":{"start":{"line":24,"column":0},"end":{"line":24,"column":28}},"24":{"start":{"line":25,"column":0},"end":{"line":25,"column":30}},"25":{"start":{"line":26,"column":0},"end":{"line":26,"column":23}},"26":{"start":{"line":27,"column":0},"end":{"line":27,"column":19}},"27":{"start":{"line":28,"column":0},"end":{"line":28,"column":18}},"28":{"start":{"line":29,"column":0},"end":{"line":29,"column":23}},"29":{"start":{"line":30,"column":0},"end":{"line":30,"column":9}},"30":{"start":{"line":31,"column":0},"end":{"line":31,"column":12}},"31":{"start":{"line":32,"column":0},"end":{"line":32,"column":6}},"32":{"start":{"line":33,"column":0},"end":{"line":33,"column":12}},"33":{"start":{"line":34,"column":0},"end":{"line":34,"column":9}},"34":{"start":{"line":35,"column":0},"end":{"line":35,"column":10}},"35":{"start":{"line":36,"column":0},"end":{"line":36,"column":23}},"36":{"start":{"line":37,"column":0},"end":{"line":37,"column":16}},"37":{"start":{"line":38,"column":0},"end":{"line":38,"column":24}},"38":{"start":{"line":39,"column":0},"end":{"line":39,"column":9}},"39":{"start":{"line":40,"column":0},"end":{"line":40,"column":6}},"40":{"start":{"line":41,"column":0},"end":{"line":41,"column":3}},"41":{"start":{"line":42,"column":0},"end":{"line":42,"column":0}},"42":{"start":{"line":43,"column":0},"end":{"line":43,"column":28}},"43":{"start":{"line":44,"column":0},"end":{"line":44,"column":40}},"44":{"start":{"line":45,"column":0},"end":{"line":45,"column":44}},"45":{"start":{"line":46,"column":0},"end":{"line":46,"column":30}},"46":{"start":{"line":47,"column":0},"end":{"line":47,"column":0}},"47":{"start":{"line":48,"column":0},"end":{"line":48,"column":9}},"48":{"start":{"line":49,"column":0},"end":{"line":49,"column":23}},"49":{"start":{"line":50,"column":0},"end":{"line":50,"column":15}},"50":{"start":{"line":51,"column":0},"end":{"line":51,"column":9}},"51":{"start":{"line":52,"column":0},"end":{"line":52,"column":25}},"52":{"start":{"line":53,"column":0},"end":{"line":53,"column":18}},"53":{"start":{"line":54,"column":0},"end":{"line":54,"column":26}},"54":{"start":{"line":55,"column":0},"end":{"line":55,"column":10}},"55":{"start":{"line":56,"column":0},"end":{"line":56,"column":12}},"56":{"start":{"line":57,"column":0},"end":{"line":57,"column":8}},"57":{"start":{"line":58,"column":0},"end":{"line":58,"column":36}},"58":{"start":{"line":59,"column":0},"end":{"line":59,"column":21}},"59":{"start":{"line":60,"column":0},"end":{"line":60,"column":69}},"60":{"start":{"line":61,"column":0},"end":{"line":61,"column":76}},"61":{"start":{"line":62,"column":0},"end":{"line":62,"column":89}},"62":{"start":{"line":63,"column":0},"end":{"line":63,"column":15}},"63":{"start":{"line":64,"column":0},"end":{"line":64,"column":63}},"64":{"start":{"line":65,"column":0},"end":{"line":65,"column":101}},"65":{"start":{"line":66,"column":0},"end":{"line":66,"column":46}},"66":{"start":{"line":67,"column":0},"end":{"line":67,"column":18}},"67":{"start":{"line":68,"column":0},"end":{"line":68,"column":5}},"68":{"start":{"line":69,"column":0},"end":{"line":69,"column":3}},"69":{"start":{"line":70,"column":0},"end":{"line":70,"column":0}},"70":{"start":{"line":71,"column":0},"end":{"line":71,"column":28}},"71":{"start":{"line":72,"column":0},"end":{"line":72,"column":40}},"72":{"start":{"line":73,"column":0},"end":{"line":73,"column":23}},"73":{"start":{"line":74,"column":0},"end":{"line":74,"column":19}},"74":{"start":{"line":75,"column":0},"end":{"line":75,"column":22}},"75":{"start":{"line":76,"column":0},"end":{"line":76,"column":41}},"76":{"start":{"line":77,"column":0},"end":{"line":77,"column":9}},"77":{"start":{"line":78,"column":0},"end":{"line":78,"column":13}},"78":{"start":{"line":79,"column":0},"end":{"line":79,"column":6}},"79":{"start":{"line":80,"column":0},"end":{"line":80,"column":24}},"80":{"start":{"line":81,"column":0},"end":{"line":81,"column":3}},"81":{"start":{"line":82,"column":0},"end":{"line":82,"column":54}},"82":{"start":{"line":83,"column":0},"end":{"line":83,"column":2}}},"s":{"0":1,"1":1,"2":1,"3":1,"4":1,"5":1,"6":1,"7":1,"8":1,"9":2136,"10":727,"11":727,"12":727,"13":727,"14":1409,"15":2136,"16":234,"17":234,"18":1175,"19":2136,"20":210,"21":210,"22":965,"23":2136,"24":41,"25":41,"26":41,"27":41,"28":41,"29":41,"30":41,"31":41,"32":41,"33":41,"34":41,"35":41,"36":41,"37":41,"38":41,"39":41,"40":41,"41":924,"42":924,"43":924,"44":924,"45":924,"46":924,"47":924,"48":924,"49":924,"50":924,"51":924,"52":924,"53":924,"54":924,"55":924,"56":924,"57":924,"58":924,"59":25,"60":25,"61":25,"62":25,"63":25,"64":25,"65":25,"66":25,"67":25,"68":924,"69":0,"70":0,"71":0,"72":0,"73":0,"74":0,"75":0,"76":0,"77":0,"78":0,"79":0,"80":0,"81":0,"82":0},"branchMap":{"0":{"type":"branch","line":9,"loc":{"start":{"line":9,"column":17},"end":{"line":83,"column":2}},"locations":[{"start":{"line":9,"column":17},"end":{"line":83,"column":2}}]},"1":{"type":"branch","line":10,"loc":{"start":{"line":10,"column":27},"end":{"line":14,"column":3}},"locations":[{"start":{"line":10,"column":27},"end":{"line":14,"column":3}}]},"2":{"type":"branch","line":12,"loc":{"start":{"line":12,"column":29},"end":{"line":12,"column":87}},"locations":[{"start":{"line":12,"column":29},"end":{"line":12,"column":87}}]},"3":{"type":"branch","line":15,"loc":{"start":{"line":15,"column":-1},"end":{"line":16,"column":27}},"locations":[{"start":{"line":15,"column":-1},"end":{"line":16,"column":27}}]},"4":{"type":"branch","line":16,"loc":{"start":{"line":16,"column":27},"end":{"line":18,"column":3}},"locations":[{"start":{"line":16,"column":27},"end":{"line":18,"column":3}}]},"5":{"type":"branch","line":19,"loc":{"start":{"line":19,"column":-1},"end":{"line":20,"column":27}},"locations":[{"start":{"line":19,"column":-1},"end":{"line":20,"column":27}}]},"6":{"type":"branch","line":20,"loc":{"start":{"line":20,"column":27},"end":{"line":22,"column":3}},"locations":[{"start":{"line":20,"column":27},"end":{"line":22,"column":3}}]},"7":{"type":"branch","line":23,"loc":{"start":{"line":23,"column":-1},"end":{"line":24,"column":27}},"locations":[{"start":{"line":23,"column":-1},"end":{"line":24,"column":27}}]},"8":{"type":"branch","line":24,"loc":{"start":{"line":24,"column":27},"end":{"line":41,"column":3}},"locations":[{"start":{"line":24,"column":27},"end":{"line":41,"column":3}}]},"9":{"type":"branch","line":42,"loc":{"start":{"line":42,"column":-1},"end":{"line":69,"column":3}},"locations":[{"start":{"line":42,"column":-1},"end":{"line":69,"column":3}}]},"10":{"type":"branch","line":59,"loc":{"start":{"line":59,"column":6},"end":{"line":68,"column":5}},"locations":[{"start":{"line":59,"column":6},"end":{"line":68,"column":5}}]},"11":{"type":"branch","line":70,"loc":{"start":{"line":70,"column":-1},"end":{"line":83,"column":2}},"locations":[{"start":{"line":70,"column":-1},"end":{"line":83,"column":2}}]},"12":{"type":"branch","line":60,"loc":{"start":{"line":60,"column":29},"end":{"line":61,"column":75}},"locations":[{"start":{"line":60,"column":29},"end":{"line":61,"column":75}}]},"13":{"type":"branch","line":61,"loc":{"start":{"line":61,"column":27},"end":{"line":61,"column":49}},"locations":[{"start":{"line":61,"column":27},"end":{"line":61,"column":49}}]},"14":{"type":"branch","line":61,"loc":{"start":{"line":61,"column":49},"end":{"line":61,"column":75}},"locations":[{"start":{"line":61,"column":49},"end":{"line":61,"column":75}}]}},"b":{"0":[2136],"1":[727],"2":[0],"3":[1409],"4":[234],"5":[1175],"6":[210],"7":[965],"8":[41],"9":[924],"10":[25],"11":[0],"12":[1261],"13":[11],"14":[1]},"fnMap":{"0":{"name":"W","decl":{"start":{"line":9,"column":17},"end":{"line":83,"column":2}},"loc":{"start":{"line":9,"column":17},"end":{"line":83,"column":2}},"line":9},"1":{"name":"hasExplanation","decl":{"start":{"line":60,"column":29},"end":{"line":61,"column":75}},"loc":{"start":{"line":60,"column":29},"end":{"line":61,"column":75}},"line":60}},"f":{"0":2136,"1":1261}}
}
