TN:
SF:src/exceptions.ts
FN:2,InferenceError
FNF:1
FNH:1
FNDA:25,InferenceError
DA:1,1
DA:2,1
DA:3,25
DA:4,25
DA:5,25
DA:6,1
LF:6
LH:6
BRDA:2,0,0,25
BRF:1
BRH:1
end_of_record
TN:
SF:src/helper.ts
FN:29,makeSubstitution
FN:30,fn
FN:40,apply
FN:65,combine
FN:74,newTypeVar
FN:83,instantiate
FN:106,generalise
FN:115,diff
FN:120,freeVars
FN:144,unify
FN:199,formatUnificationError
FN:216,reprExpression
FN:229,addHist
FN:230,_addHist
FN:241,contains
FNF:15
FNH:12
FNDA:8003,makeSubstitution
FNDA:16052,fn
FNDA:303939,apply
FNDA:3839,combine
FNDA:1417,newTypeVar
FNDA:3712,instantiate
FNDA:0,generalise
FNDA:0,diff
FNDA:0,freeVars
FNDA:4021,unify
FNDA:25,formatUnificationError
FNDA:76,reprExpression
FNDA:4230,addHist
FNDA:4230,_addHist
FNDA:3424,contains
DA:1,1
DA:2,1
DA:3,1
DA:4,1
DA:5,1
DA:6,1
DA:7,1
DA:8,1
DA:9,1
DA:10,1
DA:11,1
DA:12,1
DA:13,1
DA:14,1
DA:15,1
DA:16,1
DA:17,1
DA:18,1
DA:19,1
DA:20,1
DA:21,1
DA:22,1
DA:23,1
DA:24,1
DA:25,1
DA:26,1
DA:27,1
DA:28,1
DA:29,1
DA:30,8003
DA:31,16052
DA:32,12213
DA:33,8003
DA:34,8003
DA:35,8003
DA:36,8003
DA:37,8003
DA:38,1
DA:39,1
DA:40,303939
DA:41,303939
DA:42,303939
DA:43,303939
DA:44,303939
DA:45,911
DA:46,911
DA:47,303028
DA:48,303939
DA:49,60074
DA:50,56016
DA:51,56016
DA:52,242954
DA:53,303939
DA:54,208840
DA:55,208840
DA:56,34114
DA:57,34114
DA:58,34114
DA:59,34114
DA:60,0
DA:61,0
DA:62,0
DA:63,0
DA:64,1
DA:65,1
DA:66,3839
DA:67,3839
DA:68,3839
DA:69,3839
DA:70,3839
DA:71,1
DA:72,1
DA:73,1
DA:74,1
DA:75,1417
DA:76,1417
DA:77,1
DA:78,1
DA:79,1
DA:80,1
DA:81,1
DA:82,1
DA:83,1
DA:84,3712
DA:85,3712
DA:86,3712
DA:87,3712
DA:88,1037
DA:89,1037
DA:90,2675
DA:91,3712
DA:92,2202
DA:93,2202
DA:94,473
DA:95,473
DA:96,473
DA:97,473
DA:98,473
DA:99,0
DA:100,0
DA:101,0
DA:102,0
DA:103,0
DA:104,1
DA:105,1
DA:106,1
DA:107,0
DA:108,0
DA:109,0
DA:110,0
DA:111,0
DA:112,0
DA:113,0
DA:114,1
DA:115,1
DA:116,0
DA:117,0
DA:118,0
DA:119,1
DA:120,1
DA:121,0
DA:122,0
DA:123,0
DA:124,0
DA:125,0
DA:126,0
DA:127,0
DA:128,0
DA:129,0
DA:130,0
DA:131,0
DA:132,0
DA:133,0
DA:134,0
DA:135,0
DA:136,0
DA:137,0
DA:138,0
DA:139,0
DA:140,0
DA:141,1
DA:142,1
DA:143,1
DA:144,1
DA:145,4021
DA:146,4021
DA:147,4021
DA:148,4021
DA:149,4021
DA:150,4021
DA:151,4021
DA:152,0
DA:153,0
DA:154,4021
DA:155,4021
DA:156,1410
DA:157,1410
DA:158,1410
DA:159,1410
DA:160,37
DA:161,37
DA:162,37
DA:163,1410
DA:164,1373
DA:165,1373
DA:166,1373
DA:167,1373
DA:168,0
DA:169,0
DA:170,0
DA:171,0
DA:172,1410
DA:173,1410
DA:174,1410
DA:175,1410
DA:176,2611
DA:177,4021
DA:178,1003
DA:179,1003
DA:180,1608
DA:181,4021
DA:182,25
DA:183,25
DA:184,25
DA:185,1583
DA:186,4021
DA:187,0
DA:188,0
DA:189,1583
DA:190,1583
DA:191,4021
DA:192,2115
DA:193,2115
DA:194,2115
DA:195,2115
DA:196,1551
DA:197,1551
DA:198,1
DA:199,1
DA:200,25
DA:201,25
DA:202,25
DA:203,25
DA:204,25
DA:205,25
DA:206,25
DA:207,25
DA:208,25
DA:209,25
DA:210,25
DA:211,25
DA:212,25
DA:213,0
DA:214,0
DA:215,1
DA:216,1
DA:217,76
DA:218,76
DA:219,76
DA:220,15
DA:221,0
DA:222,0
DA:223,0
DA:224,0
DA:225,0
DA:226,0
DA:227,0
DA:228,1
DA:229,1
DA:230,4230
DA:231,4230
DA:232,0
DA:233,0
DA:234,0
DA:235,0
DA:236,4230
DA:237,4230
DA:238,4230
DA:239,4230
DA:240,1
DA:241,1
DA:242,3424
DA:243,289
DA:244,289
DA:245,3135
DA:246,3135
DA:247,3135
DA:248,3135
DA:249,0
DA:250,0
DA:251,0
DA:252,0
DA:253,0
LF:253
LH:188
BRDA:29,0,0,8003
BRDA:30,1,0,16052
BRDA:31,2,0,3839
BRDA:32,3,0,12213
BRDA:40,4,0,303939
BRDA:44,5,0,911
BRDA:47,6,0,303028
BRDA:48,7,0,60074
BRDA:49,8,0,4058
BRDA:50,9,0,56016
BRDA:52,10,0,242954
BRDA:53,11,0,208840
BRDA:56,12,0,34114
BRDA:60,13,0,0
BRDA:45,14,0,46105
BRDA:54,15,0,211507
BRDA:60,16,0,0
BRDA:65,17,0,3839
BRDA:68,18,0,5250
BRDA:74,19,0,1417
BRDA:83,20,0,3712
BRDA:87,21,0,1037
BRDA:88,22,0,913
BRDA:88,23,0,124
BRDA:90,24,0,2675
BRDA:91,25,0,2202
BRDA:94,26,0,473
BRDA:99,27,0,0
BRDA:92,28,0,2512
BRDA:100,29,0,0
BRDA:144,30,0,4021
BRDA:151,31,0,1410
BRDA:151,32,0,37
BRDA:151,33,0,0
BRDA:155,34,0,1410
BRDA:157,35,0,0
BRDA:159,36,0,37
BRDA:163,37,0,1373
BRDA:167,38,0,0
BRDA:176,39,0,2611
BRDA:177,40,0,1003
BRDA:180,41,0,1608
BRDA:181,42,0,25
BRDA:185,43,0,1583
BRDA:186,44,0,0
BRDA:189,45,0,1583
BRDA:191,46,0,2115
BRDA:196,47,0,1551
BRDA:168,48,0,0
BRDA:199,49,0,25
BRDA:213,50,0,0
BRDA:216,51,0,76
BRDA:217,52,0,26
BRDA:218,53,0,50
BRDA:218,54,0,34
BRDA:218,55,0,2
BRDA:218,56,0,32
BRDA:219,57,0,16
BRDA:219,58,0,1
BRDA:220,59,0,15
BRDA:221,60,0,0
BRDA:224,61,0,0
BRDA:229,62,0,4230
BRDA:230,63,0,4230
BRDA:231,64,0,0
BRDA:232,65,0,0
BRDA:241,66,0,3424
BRDA:242,67,0,289
BRDA:245,68,0,3135
BRDA:249,69,0,0
BRDA:247,70,0,2014
BRDA:250,71,0,0
BRF:72
BRH:56
end_of_record
TN:
SF:src/m.ts
FN:8,M
FNF:1
FNH:0
FNDA:0,M
DA:1,1
DA:2,1
DA:3,1
DA:4,1
DA:5,1
DA:6,1
DA:7,1
DA:8,1
DA:9,0
DA:10,0
DA:11,0
DA:12,0
DA:13,0
DA:14,0
DA:15,0
DA:16,0
DA:17,0
DA:18,0
DA:19,0
DA:20,0
DA:21,0
DA:22,0
DA:23,0
DA:24,0
DA:25,0
DA:26,0
DA:27,0
DA:28,0
DA:29,0
DA:30,0
DA:31,0
DA:32,0
DA:33,0
DA:34,0
DA:35,0
DA:36,0
DA:37,0
DA:38,0
DA:39,0
DA:40,0
DA:41,0
DA:42,0
DA:43,0
DA:44,0
DA:45,0
DA:46,0
DA:47,0
DA:48,0
DA:49,0
DA:50,0
DA:51,0
DA:52,0
DA:53,0
DA:54,0
DA:55,0
DA:56,0
DA:57,0
DA:58,0
DA:59,0
DA:60,0
DA:61,0
DA:62,0
DA:63,0
DA:64,0
DA:65,0
DA:66,0
DA:67,0
DA:68,0
DA:69,0
DA:70,0
DA:71,0
DA:72,0
DA:73,0
DA:74,0
LF:74
LH:8
BRF:0
BRH:0
end_of_record
TN:
SF:src/models.ts
FN:98,makeContext
FN:106,isContext
FNF:2
FNH:2
FNDA:1083,makeContext
FNDA:303939,isContext
DA:1,1
DA:2,1
DA:3,1
DA:4,1
DA:5,1
DA:6,1
DA:7,1
DA:8,1
DA:9,1
DA:10,1
DA:11,1
DA:12,1
DA:13,1
DA:14,1
DA:15,1
DA:16,1
DA:17,1
DA:18,1
DA:19,1
DA:20,1
DA:21,1
DA:22,1
DA:23,1
DA:24,1
DA:25,1
DA:26,1
DA:27,1
DA:28,1
DA:29,1
DA:30,1
DA:31,1
DA:32,1
DA:33,1
DA:34,1
DA:35,1
DA:36,1
DA:37,1
DA:38,1
DA:39,1
DA:40,1
DA:41,1
DA:42,1
DA:43,1
DA:44,1
DA:45,1
DA:46,1
DA:47,1
DA:48,1
DA:49,1
DA:50,1
DA:51,1
DA:52,1
DA:53,1
DA:54,1
DA:55,1
DA:56,1
DA:57,1
DA:58,1
DA:59,1
DA:60,1
DA:61,1
DA:62,1
DA:63,1
DA:64,1
DA:65,1
DA:66,1
DA:67,1
DA:68,1
DA:69,1
DA:70,1
DA:71,1
DA:72,1
DA:73,1
DA:74,1
DA:75,1
DA:76,1
DA:77,1
DA:78,1
DA:79,1
DA:80,1
DA:81,1
DA:82,1
DA:83,1
DA:84,1
DA:85,1
DA:86,1
DA:87,1
DA:88,1
DA:89,1
DA:90,1
DA:91,1
DA:92,1
DA:93,1
DA:94,1
DA:95,1
DA:96,1
DA:97,1
DA:98,1
DA:99,1083
DA:100,1083
DA:101,1083
DA:102,1083
DA:103,1083
DA:104,1083
DA:105,1
DA:106,1
DA:107,303939
DA:108,303939
LF:108
LH:108
BRDA:98,0,0,1083
BRDA:106,1,0,303939
BRF:2
BRH:2
end_of_record
TN:
SF:src/parser.ts
FN:25,array
FN:26,f
FN:31,makeTypeVars
FN:34,forall
FN:120,operationsFrom
FN:127,maybeJsonLogicExpression
FN:147,repr
FN:153,reprType
FN:170,destructureJsonLogicExpression
FN:207,apply
FN:222,applyRight
FN:239,parseValue
FN:271,parseValues
FN:285,isString
FN:286,isNatural
FN:301,parseJsonLogicExpression
FN:462,parseContext
FN:502,stringify
FNF:18
FNH:18
FNDA:108,array
FNDA:967,f
FNDA:7,makeTypeVars
FNDA:108,forall
FNDA:1642,operationsFrom
FNDA:1133,maybeJsonLogicExpression
FNDA:31,repr
FNDA:2,reprType
FNDA:820,destructureJsonLogicExpression
FNDA:1558,apply
FNDA:4049,applyRight
FNDA:5918,parseValue
FNDA:1345,parseValues
FNDA:207,isString
FNDA:3,isNatural
FNDA:1131,parseJsonLogicExpression
FNDA:533,parseContext
FNDA:10071,stringify
DA:1,1
DA:2,1
DA:3,1
DA:4,1
DA:5,1
DA:6,1
DA:7,1
DA:8,1
DA:9,1
DA:10,1
DA:11,1
DA:12,1
DA:13,1
DA:14,1
DA:15,1
DA:16,1
DA:17,1
DA:18,1
DA:19,1
DA:20,1
DA:21,1
DA:22,1
DA:23,1
DA:24,1
DA:25,1
DA:26,1
DA:27,967
DA:28,719
DA:29,719
DA:30,719
DA:31,1
DA:32,1
DA:33,1
DA:34,1
DA:35,108
DA:36,108
DA:37,108
DA:38,1
DA:39,1
DA:40,1
DA:41,1
DA:42,1
DA:43,1
DA:44,1
DA:45,1
DA:46,1
DA:47,1
DA:48,1
DA:49,1
DA:50,1
DA:51,1
DA:52,1
DA:53,1
DA:54,1
DA:55,1
DA:56,1
DA:57,1
DA:58,1
DA:59,1
DA:60,1
DA:61,1
DA:62,1
DA:63,1
DA:64,1
DA:65,1
DA:66,1
DA:67,1
DA:68,1
DA:69,1
DA:70,1
DA:71,1
DA:72,1
DA:73,1
DA:74,1
DA:75,1
DA:76,1
DA:77,1
DA:78,1
DA:79,1
DA:80,1
DA:81,1
DA:82,1
DA:83,1
DA:84,1
DA:85,1
DA:86,1
DA:87,1
DA:88,1
DA:89,1
DA:90,1
DA:91,1
DA:92,1
DA:93,1
DA:94,1
DA:95,1
DA:96,1
DA:97,1
DA:98,1
DA:99,1
DA:100,1
DA:101,1
DA:102,1
DA:103,1
DA:104,1
DA:105,1
DA:106,1
DA:107,1
DA:108,1
DA:109,1
DA:110,1
DA:111,1
DA:112,1
DA:113,1
DA:114,1
DA:115,1
DA:116,1
DA:117,1
DA:118,1
DA:119,1
DA:120,1
DA:121,1642
DA:122,1642
DA:123,1642
DA:124,1642
DA:125,1
DA:126,1
DA:127,1
DA:128,1133
DA:129,1133
DA:130,822
DA:131,822
DA:132,822
DA:133,1133
DA:134,1133
DA:135,0
DA:136,0
DA:137,0
DA:138,0
DA:139,0
DA:140,822
DA:141,822
DA:142,1
DA:143,1
DA:144,1
DA:145,1
DA:146,1
DA:147,1
DA:148,1
DA:149,1
DA:150,1
DA:151,1
DA:152,1
DA:153,1
DA:154,2
DA:155,2
DA:156,2
DA:157,2
DA:158,2
DA:159,1
DA:160,2
DA:161,1
DA:162,1
DA:163,2
DA:164,0
DA:165,0
DA:166,1
DA:167,1
DA:168,1
DA:169,1
DA:170,1
DA:171,820
DA:172,820
DA:173,820
DA:174,820
DA:175,820
DA:176,0
DA:177,0
DA:178,0
DA:179,0
DA:180,820
DA:181,820
DA:182,820
DA:183,1
DA:184,1
DA:185,1
DA:186,1
DA:187,1
DA:188,1
DA:189,1
DA:190,1
DA:191,1
DA:192,1
DA:193,1
DA:194,1
DA:195,1
DA:196,1
DA:197,1
DA:198,1
DA:199,1
DA:200,1
DA:201,1
DA:202,1
DA:203,1
DA:204,1
DA:205,1
DA:206,1
DA:207,1
DA:208,1558
DA:209,1558
DA:210,962
DA:211,962
DA:212,1
DA:213,1
DA:214,1
DA:215,1
DA:216,1
DA:217,1
DA:218,1
DA:219,1
DA:220,1
DA:221,1
DA:222,1
DA:223,4049
DA:224,4049
DA:225,4049
DA:226,0
DA:227,0
DA:228,4049
DA:229,4049
DA:230,4049
DA:231,4049
DA:232,4049
DA:233,3251
DA:234,3251
DA:235,1
DA:236,1
DA:237,1
DA:238,1
DA:239,1
DA:240,5918
DA:241,5918
DA:242,5918
DA:243,5918
DA:244,1035
DA:245,1035
DA:246,1035
DA:247,1580
DA:248,889
DA:249,889
DA:250,798
DA:251,798
DA:252,798
DA:253,798
DA:254,798
DA:255,798
DA:256,798
DA:257,798
DA:258,4049
DA:259,4049
DA:260,4049
DA:261,798
DA:262,798
DA:263,798
DA:264,798
DA:265,146
DA:266,146
DA:267,146
DA:268,146
DA:269,1
DA:270,1
DA:271,1
DA:272,1345
DA:273,1345
DA:274,1345
DA:275,1345
DA:276,1345
DA:277,1345
DA:278,1345
DA:279,1345
DA:280,5558
DA:281,5558
DA:282,1345
DA:283,1
DA:284,1
DA:285,1
DA:286,1
DA:287,1
DA:288,1
DA:289,1
DA:290,1
DA:291,1
DA:292,1
DA:293,1
DA:294,1
DA:295,1
DA:296,1
DA:297,1
DA:298,1
DA:299,1
DA:300,1
DA:301,1
DA:302,1131
DA:303,1131
DA:304,1131
DA:305,1131
DA:306,820
DA:307,820
DA:308,820
DA:309,820
DA:310,1131
DA:311,208
DA:312,208
DA:313,208
DA:314,208
DA:315,1
DA:316,1
DA:317,1
DA:318,208
DA:319,208
DA:320,2
DA:321,2
DA:322,2
DA:323,2
DA:324,2
DA:325,1
DA:326,1
DA:327,2
DA:328,2
DA:329,208
DA:330,0
DA:331,0
DA:332,0
DA:333,0
DA:334,205
DA:335,208
DA:336,3
DA:337,3
DA:338,3
DA:339,3
DA:340,3
DA:341,3
DA:342,3
DA:343,3
DA:344,3
DA:345,202
DA:346,202
DA:347,202
DA:348,202
DA:349,202
DA:350,202
DA:351,202
DA:352,1131
DA:353,11
DA:354,612
DA:355,113
DA:356,601
DA:357,92
DA:358,92
DA:359,1
DA:360,1
DA:361,91
DA:362,91
DA:363,91
DA:364,91
DA:365,91
DA:366,488
DA:367,8
DA:368,8
DA:369,4
DA:370,4
DA:371,4
DA:372,4
DA:373,4
DA:374,4
DA:375,4
DA:376,4
DA:377,396
DA:378,47
DA:379,11
DA:380,11
DA:381,11
DA:382,11
DA:383,7
DA:384,11
DA:385,11
DA:386,11
DA:387,11
DA:388,47
DA:389,12
DA:390,12
DA:391,12
DA:392,12
DA:393,12
DA:394,12
DA:395,12
DA:396,12
DA:397,12
DA:398,12
DA:399,12
DA:400,12
DA:401,12
DA:402,12
DA:403,388
DA:404,31
DA:405,31
DA:406,31
DA:407,31
DA:408,31
DA:409,31
DA:410,31
DA:411,31
DA:412,31
DA:413,341
DA:414,5
DA:415,5
DA:416,5
DA:417,5
DA:418,5
DA:419,5
DA:420,5
DA:421,5
DA:422,5
DA:423,5
DA:424,310
DA:425,49
DA:426,49
DA:427,49
DA:428,49
DA:429,511
DA:430,511
DA:431,511
DA:432,511
DA:433,511
DA:434,1
DA:435,1
DA:436,1
DA:437,1
DA:438,1
DA:439,1
DA:440,1
DA:441,1
DA:442,1
DA:443,1
DA:444,1
DA:445,1
DA:446,1
DA:447,1
DA:448,1
DA:449,1
DA:450,1
DA:451,1
DA:452,1
DA:453,1
DA:454,1
DA:455,1
DA:456,1
DA:457,1
DA:458,1
DA:459,1
DA:460,1
DA:461,1
DA:462,1
DA:463,533
DA:464,533
DA:465,533
DA:466,533
DA:467,533
DA:468,533
DA:469,533
DA:470,533
DA:471,533
DA:472,533
DA:473,42
DA:474,42
DA:475,7
DA:476,7
DA:477,42
DA:478,35
DA:479,35
DA:480,93
DA:481,35
DA:482,35
DA:483,35
DA:484,35
DA:485,35
DA:486,35
DA:487,35
DA:488,42
DA:489,42
DA:490,42
DA:491,42
DA:492,42
DA:493,42
DA:494,42
DA:495,42
DA:496,241
DA:497,241
DA:498,241
DA:499,241
DA:500,241
DA:501,1
DA:502,1
DA:503,10071
DA:504,10071
DA:505,3399
DA:506,10071
DA:507,939
DA:508,10071
DA:509,899
DA:510,10071
DA:511,10071
DA:512,4834
DA:513,4834
DA:514,4834
DA:515,300
DA:516,300
DA:517,4834
DA:518,4534
DA:519,4534
DA:520,636
DA:521,636
DA:522,636
DA:523,4834
DA:524,0
DA:525,0
DA:526,0
DA:527,0
DA:528,0
DA:529,0
DA:530,0
LF:530
LH:506
BRDA:25,0,0,108
BRDA:26,1,0,967
BRDA:27,2,0,248
BRDA:28,3,0,719
BRDA:31,4,0,7
BRDA:32,5,0,18
BRDA:34,6,0,108
BRDA:36,7,0,35
BRDA:36,8,0,73
BRDA:120,9,0,1642
BRDA:125,10,0,1642
BRDA:125,11,0,1226
BRDA:127,12,0,1133
BRDA:129,13,0,928
BRDA:129,14,0,927
BRDA:129,15,0,311
BRDA:130,16,0,822
BRDA:133,17,0,0
BRDA:134,18,0,822
BRDA:134,19,0,0
BRDA:140,20,0,822
BRDA:147,21,0,31
BRDA:147,22,0,0
BRDA:147,23,0,0
BRDA:153,24,0,2
BRDA:154,25,0,0
BRDA:155,26,0,1
BRDA:156,27,0,0
BRDA:157,28,0,1
BRDA:157,29,0,0
BRDA:158,30,0,1
BRDA:158,31,0,0
BRDA:159,32,0,1
BRDA:160,33,0,1
BRDA:163,34,0,0
BRDA:170,35,0,820
BRDA:175,36,0,0
BRDA:181,37,0,504
BRDA:181,38,0,316
BRDA:207,39,0,1558
BRDA:209,40,0,596
BRDA:210,41,0,962
BRDA:222,42,0,4049
BRDA:225,43,0,0
BRDA:232,44,0,798
BRDA:233,45,0,3251
BRDA:239,46,0,5918
BRDA:240,47,0,89
BRDA:240,48,0,5829
BRDA:241,49,0,1
BRDA:241,50,0,5828
BRDA:242,51,0,3644
BRDA:242,52,0,2184
BRDA:243,53,0,1149
BRDA:243,54,0,1580
BRDA:243,55,0,1035
BRDA:247,56,0,889
BRDA:249,57,0,91
BRDA:250,58,0,798
BRDA:265,59,0,146
BRDA:257,60,0,4049
BRDA:271,61,0,1345
BRDA:277,62,0,5558
BRDA:279,63,0,5558
BRDA:285,64,0,207
BRDA:286,65,0,3
BRDA:287,66,0,1
BRDA:287,67,0,1
BRDA:301,68,0,1131
BRDA:305,69,0,311
BRDA:306,70,0,820
BRDA:310,71,0,208
BRDA:314,72,0,1
BRDA:318,73,0,207
BRDA:318,74,0,3
BRDA:319,75,0,2
BRDA:323,76,0,1
BRDA:324,77,0,1
BRDA:326,78,0,0
BRDA:329,79,0,205
BRDA:329,80,0,0
BRDA:334,81,0,205
BRDA:335,82,0,3
BRDA:345,83,0,202
BRDA:352,84,0,612
BRDA:352,85,0,32
BRDA:352,86,0,11
BRDA:354,87,0,601
BRDA:354,88,0,317
BRDA:354,89,0,113
BRDA:356,90,0,488
BRDA:356,91,0,287
BRDA:356,92,0,209
BRDA:356,93,0,92
BRDA:358,94,0,1
BRDA:361,95,0,91
BRDA:366,96,0,396
BRDA:366,97,0,376
BRDA:366,98,0,35
BRDA:366,99,0,8
BRDA:368,100,0,4
BRDA:377,101,0,388
BRDA:377,102,0,47
BRDA:378,103,0,39
BRDA:378,104,0,11
BRDA:382,105,0,7
BRDA:384,106,0,4
BRDA:388,107,0,36
BRDA:388,108,0,12
BRDA:403,109,0,341
BRDA:403,110,0,31
BRDA:413,111,0,310
BRDA:413,112,0,5
BRDA:424,113,0,305
BRDA:424,114,0,49
BRDA:429,115,0,511
BRDA:398,116,0,20
BRDA:462,117,0,533
BRDA:468,118,0,98
BRDA:469,119,0,435
BRDA:469,120,0,5
BRDA:470,121,0,430
BRDA:470,122,0,75
BRDA:471,123,0,355
BRDA:471,124,0,72
BRDA:472,125,0,283
BRDA:472,126,0,42
BRDA:474,127,0,7
BRDA:478,128,0,35
BRDA:488,129,0,12
BRDA:489,130,0,23
BRDA:496,131,0,241
BRDA:479,132,0,93
BRDA:482,133,0,93
BRDA:498,134,0,149
BRDA:499,135,0,149
BRDA:502,136,0,10071
BRDA:504,137,0,3399
BRDA:506,138,0,939
BRDA:508,139,0,899
BRDA:510,140,0,799
BRDA:510,141,0,100
BRDA:511,142,0,4834
BRDA:514,143,0,300
BRDA:517,144,0,4534
BRDA:518,145,0,4090
BRDA:519,146,0,3898
BRDA:519,147,0,636
BRDA:524,148,0,0
BRDA:521,149,0,636
BRDA:526,150,0,0
BRF:151
BRH:136
end_of_record
TN:
SF:src/w.ts
FN:9,W
FN:60,hasExplanation
FNF:2
FNH:2
FNDA:2136,W
FNDA:1261,hasExplanation
DA:1,1
DA:2,1
DA:3,1
DA:4,1
DA:5,1
DA:6,1
DA:7,1
DA:8,1
DA:9,1
DA:10,2136
DA:11,727
DA:12,727
DA:13,727
DA:14,727
DA:15,1409
DA:16,2136
DA:17,234
DA:18,234
DA:19,1175
DA:20,2136
DA:21,210
DA:22,210
DA:23,965
DA:24,2136
DA:25,41
DA:26,41
DA:27,41
DA:28,41
DA:29,41
DA:30,41
DA:31,41
DA:32,41
DA:33,41
DA:34,41
DA:35,41
DA:36,41
DA:37,41
DA:38,41
DA:39,41
DA:40,41
DA:41,41
DA:42,924
DA:43,924
DA:44,924
DA:45,924
DA:46,924
DA:47,924
DA:48,924
DA:49,924
DA:50,924
DA:51,924
DA:52,924
DA:53,924
DA:54,924
DA:55,924
DA:56,924
DA:57,924
DA:58,924
DA:59,924
DA:60,25
DA:61,25
DA:62,25
DA:63,25
DA:64,25
DA:65,25
DA:66,25
DA:67,25
DA:68,25
DA:69,924
DA:70,0
DA:71,0
DA:72,0
DA:73,0
DA:74,0
DA:75,0
DA:76,0
DA:77,0
DA:78,0
DA:79,0
DA:80,0
DA:81,0
DA:82,0
DA:83,0
LF:83
LH:69
BRDA:9,0,0,2136
BRDA:10,1,0,727
BRDA:12,2,0,0
BRDA:15,3,0,1409
BRDA:16,4,0,234
BRDA:19,5,0,1175
BRDA:20,6,0,210
BRDA:23,7,0,965
BRDA:24,8,0,41
BRDA:42,9,0,924
BRDA:59,10,0,25
BRDA:70,11,0,0
BRDA:60,12,0,1261
BRDA:61,13,0,11
BRDA:61,14,0,1
BRF:15
BRH:13
end_of_record
